{"/workspaces/limfs/src/main.js": {"path":"/workspaces/limfs/src/main.js","statementMap":{"0":{"start":{"line":26,"column":4},"end":{"line":54,"column":5}},"1":{"start":{"line":28,"column":24},"end":{"line":28,"column":54}},"2":{"start":{"line":29,"column":8},"end":{"line":29,"column":54}},"3":{"start":{"line":30,"column":8},"end":{"line":43,"column":10}},"4":{"start":{"line":46,"column":29},"end":{"line":46,"column":97}},"5":{"start":{"line":47,"column":8},"end":{"line":49,"column":9}},"6":{"start":{"line":48,"column":12},"end":{"line":48,"column":47}},"7":{"start":{"line":51,"column":8},"end":{"line":51,"column":63}},"8":{"start":{"line":53,"column":8},"end":{"line":53,"column":54}},"9":{"start":{"line":62,"column":29},"end":{"line":62,"column":48}},"10":{"start":{"line":63,"column":4},"end":{"line":69,"column":5}},"11":{"start":{"line":64,"column":8},"end":{"line":64,"column":42}},"12":{"start":{"line":65,"column":8},"end":{"line":65,"column":74}},"13":{"start":{"line":67,"column":8},"end":{"line":67,"column":81}},"14":{"start":{"line":68,"column":8},"end":{"line":68,"column":32}},"15":{"start":{"line":76,"column":24},"end":{"line":76,"column":67}},"16":{"start":{"line":77,"column":4},"end":{"line":86,"column":5}},"17":{"start":{"line":78,"column":30},"end":{"line":84,"column":10}},"18":{"start":{"line":85,"column":8},"end":{"line":85,"column":48}},"19":{"start":{"line":112,"column":25},"end":{"line":112,"column":82}},"20":{"start":{"line":113,"column":4},"end":{"line":113,"column":56}},"21":{"start":{"line":115,"column":4},"end":{"line":260,"column":5}},"22":{"start":{"line":117,"column":8},"end":{"line":117,"column":79}},"23":{"start":{"line":120,"column":8},"end":{"line":120,"column":34}},"24":{"start":{"line":123,"column":8},"end":{"line":123,"column":50}},"25":{"start":{"line":126,"column":8},"end":{"line":126,"column":35}},"26":{"start":{"line":129,"column":8},"end":{"line":135,"column":11}},"27":{"start":{"line":130,"column":12},"end":{"line":134,"column":13}},"28":{"start":{"line":131,"column":16},"end":{"line":131,"column":73}},"29":{"start":{"line":133,"column":16},"end":{"line":133,"column":96}},"30":{"start":{"line":137,"column":38},"end":{"line":137,"column":40}},"31":{"start":{"line":140,"column":8},"end":{"line":204,"column":9}},"32":{"start":{"line":141,"column":29},"end":{"line":202,"column":16}},"33":{"start":{"line":143,"column":41},"end":{"line":143,"column":108}},"34":{"start":{"line":144,"column":16},"end":{"line":201,"column":17}},"35":{"start":{"line":146,"column":32},"end":{"line":146,"column":72}},"36":{"start":{"line":149,"column":20},"end":{"line":149,"column":79}},"37":{"start":{"line":151,"column":20},"end":{"line":158,"column":21}},"38":{"start":{"line":153,"column":24},"end":{"line":153,"column":68}},"39":{"start":{"line":155,"column":24},"end":{"line":155,"column":132}},"40":{"start":{"line":157,"column":24},"end":{"line":157,"column":49}},"41":{"start":{"line":161,"column":47},"end":{"line":161,"column":89}},"42":{"start":{"line":162,"column":50},"end":{"line":166,"column":21}},"43":{"start":{"line":169,"column":20},"end":{"line":169,"column":56}},"44":{"start":{"line":170,"column":20},"end":{"line":175,"column":21}},"45":{"start":{"line":171,"column":24},"end":{"line":171,"column":82}},"46":{"start":{"line":172,"column":24},"end":{"line":174,"column":26}},"47":{"start":{"line":178,"column":20},"end":{"line":178,"column":85}},"48":{"start":{"line":180,"column":36},"end":{"line":180,"column":89}},"49":{"start":{"line":181,"column":20},"end":{"line":181,"column":105}},"50":{"start":{"line":182,"column":20},"end":{"line":182,"column":76}},"51":{"start":{"line":185,"column":20},"end":{"line":185,"column":99}},"52":{"start":{"line":187,"column":48},"end":{"line":187,"column":130}},"53":{"start":{"line":188,"column":20},"end":{"line":188,"column":89}},"54":{"start":{"line":189,"column":20},"end":{"line":189,"column":74}},"55":{"start":{"line":190,"column":20},"end":{"line":190,"column":97}},"56":{"start":{"line":193,"column":20},"end":{"line":200,"column":21}},"57":{"start":{"line":194,"column":24},"end":{"line":194,"column":105}},"58":{"start":{"line":197,"column":24},"end":{"line":197,"column":107}},"59":{"start":{"line":199,"column":24},"end":{"line":199,"column":144}},"60":{"start":{"line":203,"column":12},"end":{"line":203,"column":49}},"61":{"start":{"line":207,"column":27},"end":{"line":207,"column":74}},"62":{"start":{"line":210,"column":8},"end":{"line":214,"column":9}},"63":{"start":{"line":211,"column":12},"end":{"line":211,"column":54}},"64":{"start":{"line":213,"column":12},"end":{"line":213,"column":70}},"65":{"start":{"line":217,"column":33},"end":{"line":217,"column":78}},"66":{"start":{"line":218,"column":8},"end":{"line":222,"column":9}},"67":{"start":{"line":219,"column":12},"end":{"line":219,"column":73}},"68":{"start":{"line":221,"column":12},"end":{"line":221,"column":77}},"69":{"start":{"line":225,"column":23},"end":{"line":225,"column":103}},"70":{"start":{"line":225,"column":46},"end":{"line":225,"column":102}},"71":{"start":{"line":226,"column":8},"end":{"line":235,"column":9}},"72":{"start":{"line":227,"column":12},"end":{"line":227,"column":114}},"73":{"start":{"line":228,"column":12},"end":{"line":234,"column":15}},"74":{"start":{"line":229,"column":16},"end":{"line":233,"column":17}},"75":{"start":{"line":230,"column":20},"end":{"line":230,"column":69}},"76":{"start":{"line":231,"column":23},"end":{"line":233,"column":17}},"77":{"start":{"line":232,"column":20},"end":{"line":232,"column":94}},"78":{"start":{"line":237,"column":29},"end":{"line":237,"column":78}},"79":{"start":{"line":238,"column":8},"end":{"line":238,"column":93}},"80":{"start":{"line":241,"column":8},"end":{"line":245,"column":9}},"81":{"start":{"line":242,"column":12},"end":{"line":242,"column":63}},"82":{"start":{"line":243,"column":12},"end":{"line":243,"column":66}},"83":{"start":{"line":244,"column":12},"end":{"line":244,"column":61}},"84":{"start":{"line":247,"column":8},"end":{"line":247,"column":71}},"85":{"start":{"line":248,"column":26},"end":{"line":248,"column":67}},"86":{"start":{"line":249,"column":8},"end":{"line":259,"column":9}},"87":{"start":{"line":250,"column":33},"end":{"line":250,"column":62}},"88":{"start":{"line":251,"column":12},"end":{"line":251,"column":58}},"89":{"start":{"line":252,"column":12},"end":{"line":256,"column":14}},"90":{"start":{"line":257,"column":12},"end":{"line":257,"column":37}},"91":{"start":{"line":258,"column":12},"end":{"line":258,"column":48}},"92":{"start":{"line":264,"column":0},"end":{"line":264,"column":65}}},"fnMap":{"0":{"name":"configurarCSPRestritiva","decl":{"start":{"line":25,"column":9},"end":{"line":25,"column":32}},"loc":{"start":{"line":25,"column":35},"end":{"line":55,"column":1}},"line":25},"1":{"name":"configurarNivelLog","decl":{"start":{"line":61,"column":9},"end":{"line":61,"column":27}},"loc":{"start":{"line":61,"column":35},"end":{"line":70,"column":1}},"line":61},"2":{"name":"atualizarDataAtualizacao","decl":{"start":{"line":75,"column":9},"end":{"line":75,"column":33}},"loc":{"start":{"line":75,"column":36},"end":{"line":87,"column":1}},"line":75},"3":{"name":"exportarTodosCSV","decl":{"start":{"line":92,"column":9},"end":{"line":92,"column":25}},"loc":{"start":{"line":92,"column":28},"end":{"line":95,"column":1}},"line":92},"4":{"name":"exportarCSVIndicador","decl":{"start":{"line":102,"column":9},"end":{"line":102,"column":29}},"loc":{"start":{"line":102,"column":48},"end":{"line":105,"column":1}},"line":102},"5":{"name":"inicializarPainel","decl":{"start":{"line":111,"column":15},"end":{"line":111,"column":32}},"loc":{"start":{"line":111,"column":35},"end":{"line":261,"column":1}},"line":111},"6":{"name":"(anonymous_6)","decl":{"start":{"line":129,"column":58},"end":{"line":129,"column":59}},"loc":{"start":{"line":129,"column":65},"end":{"line":135,"column":9}},"line":129},"7":{"name":"(anonymous_7)","decl":{"start":{"line":141,"column":30},"end":{"line":141,"column":31}},"loc":{"start":{"line":141,"column":42},"end":{"line":202,"column":13}},"line":141},"8":{"name":"(anonymous_8)","decl":{"start":{"line":225,"column":41},"end":{"line":225,"column":42}},"loc":{"start":{"line":225,"column":46},"end":{"line":225,"column":102}},"line":225},"9":{"name":"(anonymous_9)","decl":{"start":{"line":228,"column":27},"end":{"line":228,"column":28}},"loc":{"start":{"line":228,"column":32},"end":{"line":234,"column":13}},"line":228}},"branchMap":{"0":{"loc":{"start":{"line":47,"column":8},"end":{"line":49,"column":9}},"type":"if","locations":[{"start":{"line":47,"column":8},"end":{"line":49,"column":9}},{"start":{},"end":{}}],"line":47},"1":{"loc":{"start":{"line":63,"column":4},"end":{"line":69,"column":5}},"type":"if","locations":[{"start":{"line":63,"column":4},"end":{"line":69,"column":5}},{"start":{"line":66,"column":11},"end":{"line":69,"column":5}}],"line":63},"2":{"loc":{"start":{"line":77,"column":4},"end":{"line":86,"column":5}},"type":"if","locations":[{"start":{"line":77,"column":4},"end":{"line":86,"column":5}},{"start":{},"end":{}}],"line":77},"3":{"loc":{"start":{"line":117,"column":27},"end":{"line":117,"column":77}},"type":"binary-expr","locations":[{"start":{"line":117,"column":27},"end":{"line":117,"column":67}},{"start":{"line":117,"column":71},"end":{"line":117,"column":77}}],"line":117},"4":{"loc":{"start":{"line":130,"column":12},"end":{"line":134,"column":13}},"type":"if","locations":[{"start":{"line":130,"column":12},"end":{"line":134,"column":13}},{"start":{"line":132,"column":19},"end":{"line":134,"column":13}}],"line":130},"5":{"loc":{"start":{"line":130,"column":16},"end":{"line":130,"column":64}},"type":"binary-expr","locations":[{"start":{"line":130,"column":16},"end":{"line":130,"column":24}},{"start":{"line":130,"column":28},"end":{"line":130,"column":45}},{"start":{"line":130,"column":49},"end":{"line":130,"column":64}}],"line":130},"6":{"loc":{"start":{"line":161,"column":47},"end":{"line":161,"column":89}},"type":"binary-expr","locations":[{"start":{"line":161,"column":47},"end":{"line":161,"column":83}},{"start":{"line":161,"column":87},"end":{"line":161,"column":89}}],"line":161},"7":{"loc":{"start":{"line":170,"column":20},"end":{"line":175,"column":21}},"type":"if","locations":[{"start":{"line":170,"column":20},"end":{"line":175,"column":21}},{"start":{},"end":{}}],"line":170},"8":{"loc":{"start":{"line":187,"column":48},"end":{"line":187,"column":130}},"type":"binary-expr","locations":[{"start":{"line":187,"column":48},"end":{"line":187,"column":98}},{"start":{"line":187,"column":102},"end":{"line":187,"column":130}}],"line":187},"9":{"loc":{"start":{"line":193,"column":20},"end":{"line":200,"column":21}},"type":"if","locations":[{"start":{"line":193,"column":20},"end":{"line":200,"column":21}},{"start":{"line":195,"column":27},"end":{"line":200,"column":21}}],"line":193},"10":{"loc":{"start":{"line":218,"column":8},"end":{"line":222,"column":9}},"type":"if","locations":[{"start":{"line":218,"column":8},"end":{"line":222,"column":9}},{"start":{"line":220,"column":15},"end":{"line":222,"column":9}}],"line":218},"11":{"loc":{"start":{"line":225,"column":46},"end":{"line":225,"column":102}},"type":"binary-expr","locations":[{"start":{"line":225,"column":46},"end":{"line":225,"column":69}},{"start":{"line":225,"column":74},"end":{"line":225,"column":81}},{"start":{"line":225,"column":85},"end":{"line":225,"column":101}}],"line":225},"12":{"loc":{"start":{"line":226,"column":8},"end":{"line":235,"column":9}},"type":"if","locations":[{"start":{"line":226,"column":8},"end":{"line":235,"column":9}},{"start":{},"end":{}}],"line":226},"13":{"loc":{"start":{"line":229,"column":16},"end":{"line":233,"column":17}},"type":"if","locations":[{"start":{"line":229,"column":16},"end":{"line":233,"column":17}},{"start":{"line":231,"column":23},"end":{"line":233,"column":17}}],"line":229},"14":{"loc":{"start":{"line":231,"column":23},"end":{"line":233,"column":17}},"type":"if","locations":[{"start":{"line":231,"column":23},"end":{"line":233,"column":17}},{"start":{},"end":{}}],"line":231},"15":{"loc":{"start":{"line":231,"column":27},"end":{"line":231,"column":54}},"type":"binary-expr","locations":[{"start":{"line":231,"column":27},"end":{"line":231,"column":34}},{"start":{"line":231,"column":38},"end":{"line":231,"column":54}}],"line":231},"16":{"loc":{"start":{"line":241,"column":8},"end":{"line":245,"column":9}},"type":"if","locations":[{"start":{"line":241,"column":8},"end":{"line":245,"column":9}},{"start":{},"end":{}}],"line":241},"17":{"loc":{"start":{"line":249,"column":8},"end":{"line":259,"column":9}},"type":"if","locations":[{"start":{"line":249,"column":8},"end":{"line":259,"column":9}},{"start":{},"end":{}}],"line":249}},"s":{"0":0,"1":0,"2":0,"3":0,"4":0,"5":0,"6":0,"7":0,"8":0,"9":0,"10":0,"11":0,"12":0,"13":0,"14":0,"15":0,"16":0,"17":0,"18":0,"19":0,"20":0,"21":0,"22":0,"23":0,"24":0,"25":0,"26":0,"27":0,"28":0,"29":0,"30":0,"31":0,"32":0,"33":0,"34":0,"35":0,"36":0,"37":0,"38":0,"39":0,"40":0,"41":0,"42":0,"43":0,"44":0,"45":0,"46":0,"47":0,"48":0,"49":0,"50":0,"51":0,"52":0,"53":0,"54":0,"55":0,"56":0,"57":0,"58":0,"59":0,"60":0,"61":0,"62":0,"63":0,"64":0,"65":0,"66":0,"67":0,"68":0,"69":0,"70":0,"71":0,"72":0,"73":0,"74":0,"75":0,"76":0,"77":0,"78":0,"79":0,"80":0,"81":0,"82":0,"83":0,"84":0,"85":0,"86":0,"87":0,"88":0,"89":0,"90":0,"91":0,"92":0},"f":{"0":0,"1":0,"2":0,"3":0,"4":0,"5":0,"6":0,"7":0,"8":0,"9":0},"b":{"0":[0,0],"1":[0,0],"2":[0,0],"3":[0,0],"4":[0,0],"5":[0,0,0],"6":[0,0],"7":[0,0],"8":[0,0],"9":[0,0],"10":[0,0],"11":[0,0,0],"12":[0,0],"13":[0,0],"14":[0,0],"15":[0,0],"16":[0,0],"17":[0,0]}}
,"/workspaces/limfs/src/vite.config.js": {"path":"/workspaces/limfs/src/vite.config.js","statementMap":{"0":{"start":{"line":7,"column":19},"end":{"line":7,"column":21}},"1":{"start":{"line":9,"column":2},"end":{"line":11,"column":3}},"2":{"start":{"line":9,"column":15},"end":{"line":9,"column":16}},"3":{"start":{"line":10,"column":4},"end":{"line":10,"column":83}},"4":{"start":{"line":12,"column":2},"end":{"line":12,"column":18}}},"fnMap":{"0":{"name":"gerarEntradasODS","decl":{"start":{"line":6,"column":9},"end":{"line":6,"column":25}},"loc":{"start":{"line":6,"column":28},"end":{"line":13,"column":1}},"line":6}},"branchMap":{},"s":{"0":0,"1":0,"2":0,"3":0,"4":0},"f":{"0":0},"b":{}}
,"/workspaces/limfs/src/components/index.js": {"path":"/workspaces/limfs/src/components/index.js","statementMap":{},"fnMap":{},"branchMap":{},"s":{},"f":{},"b":{}}
,"/workspaces/limfs/src/components/microInteracoes.js": {"path":"/workspaces/limfs/src/components/microInteracoes.js","statementMap":{"0":{"start":{"line":14,"column":2},"end":{"line":18,"column":3}},"1":{"start":{"line":15,"column":4},"end":{"line":17,"column":7}},"2":{"start":{"line":16,"column":6},"end":{"line":16,"column":69}},"3":{"start":{"line":16,"column":58},"end":{"line":16,"column":67}},"4":{"start":{"line":21,"column":2},"end":{"line":21,"column":30}},"5":{"start":{"line":22,"column":2},"end":{"line":22,"column":34}},"6":{"start":{"line":23,"column":2},"end":{"line":23,"column":28}},"7":{"start":{"line":24,"column":2},"end":{"line":24,"column":24}},"8":{"start":{"line":25,"column":2},"end":{"line":25,"column":21}},"9":{"start":{"line":28,"column":2},"end":{"line":28,"column":26}},"10":{"start":{"line":36,"column":16},"end":{"line":36,"column":60}},"11":{"start":{"line":38,"column":2},"end":{"line":38,"column":33}},"12":{"start":{"line":38,"column":26},"end":{"line":38,"column":33}},"13":{"start":{"line":41,"column":2},"end":{"line":45,"column":5}},"14":{"start":{"line":42,"column":4},"end":{"line":44,"column":20}},"15":{"start":{"line":43,"column":6},"end":{"line":43,"column":36}},"16":{"start":{"line":54,"column":2},"end":{"line":70,"column":5}},"17":{"start":{"line":55,"column":4},"end":{"line":69,"column":5}},"18":{"start":{"line":62,"column":6},"end":{"line":62,"column":45}},"19":{"start":{"line":65,"column":27},"end":{"line":65,"column":81}},"20":{"start":{"line":66,"column":6},"end":{"line":68,"column":7}},"21":{"start":{"line":67,"column":8},"end":{"line":67,"column":57}},"22":{"start":{"line":72,"column":2},"end":{"line":88,"column":5}},"23":{"start":{"line":73,"column":4},"end":{"line":87,"column":5}},"24":{"start":{"line":80,"column":6},"end":{"line":80,"column":48}},"25":{"start":{"line":83,"column":27},"end":{"line":83,"column":81}},"26":{"start":{"line":84,"column":6},"end":{"line":86,"column":7}},"27":{"start":{"line":85,"column":8},"end":{"line":85,"column":60}},"28":{"start":{"line":91,"column":29},"end":{"line":101,"column":3}},"29":{"start":{"line":92,"column":4},"end":{"line":92,"column":63}},"30":{"start":{"line":92,"column":56},"end":{"line":92,"column":63}},"31":{"start":{"line":94,"column":22},"end":{"line":94,"column":49}},"32":{"start":{"line":95,"column":4},"end":{"line":95,"column":41}},"33":{"start":{"line":96,"column":4},"end":{"line":96,"column":43}},"34":{"start":{"line":97,"column":4},"end":{"line":97,"column":39}},"35":{"start":{"line":98,"column":4},"end":{"line":98,"column":62}},"36":{"start":{"line":100,"column":4},"end":{"line":100,"column":68}},"37":{"start":{"line":103,"column":2},"end":{"line":103,"column":23}},"38":{"start":{"line":112,"column":16},"end":{"line":112,"column":92}},"39":{"start":{"line":114,"column":2},"end":{"line":122,"column":5}},"40":{"start":{"line":115,"column":4},"end":{"line":117,"column":7}},"41":{"start":{"line":116,"column":6},"end":{"line":116,"column":34}},"42":{"start":{"line":119,"column":4},"end":{"line":121,"column":7}},"43":{"start":{"line":120,"column":6},"end":{"line":120,"column":37}},"44":{"start":{"line":125,"column":17},"end":{"line":125,"column":88}},"45":{"start":{"line":127,"column":2},"end":{"line":135,"column":5}},"46":{"start":{"line":128,"column":4},"end":{"line":130,"column":7}},"47":{"start":{"line":129,"column":6},"end":{"line":129,"column":39}},"48":{"start":{"line":132,"column":4},"end":{"line":134,"column":7}},"49":{"start":{"line":133,"column":6},"end":{"line":133,"column":42}},"50":{"start":{"line":144,"column":2},"end":{"line":147,"column":3}},"51":{"start":{"line":145,"column":4},"end":{"line":145,"column":84}},"52":{"start":{"line":146,"column":4},"end":{"line":146,"column":11}},"53":{"start":{"line":150,"column":2},"end":{"line":157,"column":5}},"54":{"start":{"line":160,"column":2},"end":{"line":166,"column":5}},"55":{"start":{"line":169,"column":2},"end":{"line":175,"column":5}},"56":{"start":{"line":178,"column":19},"end":{"line":178,"column":62}},"57":{"start":{"line":179,"column":2},"end":{"line":188,"column":5}},"58":{"start":{"line":180,"column":4},"end":{"line":187,"column":7}},"59":{"start":{"line":197,"column":2},"end":{"line":231,"column":5}},"60":{"start":{"line":199,"column":4},"end":{"line":212,"column":5}},"61":{"start":{"line":202,"column":20},"end":{"line":202,"column":81}},"62":{"start":{"line":203,"column":26},"end":{"line":203,"column":77}},"63":{"start":{"line":206,"column":28},"end":{"line":208,"column":8}},"64":{"start":{"line":210,"column":6},"end":{"line":210,"column":42}},"65":{"start":{"line":211,"column":6},"end":{"line":211,"column":30}},"66":{"start":{"line":215,"column":4},"end":{"line":224,"column":5}},"67":{"start":{"line":218,"column":20},"end":{"line":218,"column":61}},"68":{"start":{"line":219,"column":6},"end":{"line":221,"column":7}},"69":{"start":{"line":220,"column":8},"end":{"line":220,"column":27}},"70":{"start":{"line":223,"column":6},"end":{"line":223,"column":30}},"71":{"start":{"line":227,"column":4},"end":{"line":230,"column":5}},"72":{"start":{"line":228,"column":6},"end":{"line":228,"column":33}},"73":{"start":{"line":229,"column":6},"end":{"line":229,"column":30}},"74":{"start":{"line":234,"column":2},"end":{"line":242,"column":5}},"75":{"start":{"line":235,"column":4},"end":{"line":241,"column":5}},"76":{"start":{"line":236,"column":26},"end":{"line":236,"column":74}},"77":{"start":{"line":237,"column":6},"end":{"line":240,"column":7}},"78":{"start":{"line":238,"column":8},"end":{"line":238,"column":33}},"79":{"start":{"line":239,"column":8},"end":{"line":239,"column":32}},"80":{"start":{"line":246,"column":4},"end":{"line":246,"column":36}},"81":{"start":{"line":249,"column":4},"end":{"line":251,"column":12}},"82":{"start":{"line":250,"column":6},"end":{"line":250,"column":50}},"83":{"start":{"line":261,"column":2},"end":{"line":264,"column":3}},"84":{"start":{"line":262,"column":4},"end":{"line":262,"column":88}},"85":{"start":{"line":263,"column":4},"end":{"line":263,"column":11}},"86":{"start":{"line":267,"column":25},"end":{"line":271,"column":3}},"87":{"start":{"line":274,"column":19},"end":{"line":303,"column":20}},"88":{"start":{"line":275,"column":4},"end":{"line":302,"column":7}},"89":{"start":{"line":276,"column":6},"end":{"line":301,"column":7}},"90":{"start":{"line":277,"column":25},"end":{"line":277,"column":37}},"91":{"start":{"line":280,"column":8},"end":{"line":283,"column":9}},"92":{"start":{"line":281,"column":10},"end":{"line":281,"column":46}},"93":{"start":{"line":282,"column":10},"end":{"line":282,"column":47}},"94":{"start":{"line":286,"column":8},"end":{"line":297,"column":9}},"95":{"start":{"line":287,"column":10},"end":{"line":287,"column":44}},"96":{"start":{"line":290,"column":25},"end":{"line":290,"column":57}},"97":{"start":{"line":291,"column":10},"end":{"line":296,"column":11}},"98":{"start":{"line":292,"column":27},"end":{"line":294,"column":14}},"99":{"start":{"line":295,"column":12},"end":{"line":295,"column":41}},"100":{"start":{"line":300,"column":8},"end":{"line":300,"column":37}},"101":{"start":{"line":306,"column":2},"end":{"line":308,"column":5}},"102":{"start":{"line":307,"column":4},"end":{"line":307,"column":26}},"103":{"start":{"line":311,"column":2},"end":{"line":313,"column":5}},"104":{"start":{"line":312,"column":4},"end":{"line":312,"column":32}}},"fnMap":{"0":{"name":"inicializarMicroInteracoes","decl":{"start":{"line":12,"column":22},"end":{"line":12,"column":48}},"loc":{"start":{"line":12,"column":51},"end":{"line":29,"column":1}},"line":12},"1":{"name":"(anonymous_1)","decl":{"start":{"line":15,"column":22},"end":{"line":15,"column":23}},"loc":{"start":{"line":15,"column":33},"end":{"line":17,"column":5}},"line":15},"2":{"name":"(anonymous_2)","decl":{"start":{"line":16,"column":52},"end":{"line":16,"column":53}},"loc":{"start":{"line":16,"column":58},"end":{"line":16,"column":67}},"line":16},"3":{"name":"inicializarAnimacoesCards","decl":{"start":{"line":35,"column":9},"end":{"line":35,"column":34}},"loc":{"start":{"line":35,"column":37},"end":{"line":46,"column":1}},"line":35},"4":{"name":"(anonymous_4)","decl":{"start":{"line":41,"column":16},"end":{"line":41,"column":17}},"loc":{"start":{"line":41,"column":33},"end":{"line":45,"column":3}},"line":41},"5":{"name":"(anonymous_5)","decl":{"start":{"line":42,"column":15},"end":{"line":42,"column":16}},"loc":{"start":{"line":42,"column":21},"end":{"line":44,"column":5}},"line":42},"6":{"name":"inicializarFocoAcessibilidade","decl":{"start":{"line":52,"column":9},"end":{"line":52,"column":38}},"loc":{"start":{"line":52,"column":41},"end":{"line":104,"column":1}},"line":52},"7":{"name":"(anonymous_7)","decl":{"start":{"line":54,"column":39},"end":{"line":54,"column":40}},"loc":{"start":{"line":54,"column":50},"end":{"line":70,"column":3}},"line":54},"8":{"name":"(anonymous_8)","decl":{"start":{"line":72,"column":40},"end":{"line":72,"column":41}},"loc":{"start":{"line":72,"column":51},"end":{"line":88,"column":3}},"line":72},"9":{"name":"(anonymous_9)","decl":{"start":{"line":91,"column":29},"end":{"line":91,"column":30}},"loc":{"start":{"line":91,"column":35},"end":{"line":101,"column":3}},"line":91},"10":{"name":"inicializarHoverEfeitos","decl":{"start":{"line":110,"column":9},"end":{"line":110,"column":32}},"loc":{"start":{"line":110,"column":35},"end":{"line":136,"column":1}},"line":110},"11":{"name":"(anonymous_11)","decl":{"start":{"line":114,"column":16},"end":{"line":114,"column":17}},"loc":{"start":{"line":114,"column":24},"end":{"line":122,"column":3}},"line":114},"12":{"name":"(anonymous_12)","decl":{"start":{"line":115,"column":40},"end":{"line":115,"column":41}},"loc":{"start":{"line":115,"column":46},"end":{"line":117,"column":5}},"line":115},"13":{"name":"(anonymous_13)","decl":{"start":{"line":119,"column":40},"end":{"line":119,"column":41}},"loc":{"start":{"line":119,"column":46},"end":{"line":121,"column":5}},"line":119},"14":{"name":"(anonymous_14)","decl":{"start":{"line":127,"column":17},"end":{"line":127,"column":18}},"loc":{"start":{"line":127,"column":26},"end":{"line":135,"column":3}},"line":127},"15":{"name":"(anonymous_15)","decl":{"start":{"line":128,"column":41},"end":{"line":128,"column":42}},"loc":{"start":{"line":128,"column":47},"end":{"line":130,"column":5}},"line":128},"16":{"name":"(anonymous_16)","decl":{"start":{"line":132,"column":41},"end":{"line":132,"column":42}},"loc":{"start":{"line":132,"column":47},"end":{"line":134,"column":5}},"line":132},"17":{"name":"inicializarTooltips","decl":{"start":{"line":142,"column":9},"end":{"line":142,"column":28}},"loc":{"start":{"line":142,"column":31},"end":{"line":189,"column":1}},"line":142},"18":{"name":"(anonymous_18)","decl":{"start":{"line":179,"column":19},"end":{"line":179,"column":20}},"loc":{"start":{"line":179,"column":30},"end":{"line":188,"column":3}},"line":179},"19":{"name":"configurarModais","decl":{"start":{"line":195,"column":9},"end":{"line":195,"column":25}},"loc":{"start":{"line":195,"column":28},"end":{"line":253,"column":1}},"line":195},"20":{"name":"(anonymous_20)","decl":{"start":{"line":197,"column":37},"end":{"line":197,"column":38}},"loc":{"start":{"line":197,"column":49},"end":{"line":231,"column":3}},"line":197},"21":{"name":"(anonymous_21)","decl":{"start":{"line":234,"column":39},"end":{"line":234,"column":40}},"loc":{"start":{"line":234,"column":51},"end":{"line":242,"column":3}},"line":234},"22":{"name":"fecharModal","decl":{"start":{"line":245,"column":11},"end":{"line":245,"column":22}},"loc":{"start":{"line":245,"column":30},"end":{"line":252,"column":3}},"line":245},"23":{"name":"(anonymous_23)","decl":{"start":{"line":249,"column":15},"end":{"line":249,"column":16}},"loc":{"start":{"line":249,"column":21},"end":{"line":251,"column":5}},"line":249},"24":{"name":"configurarLazyLoading","decl":{"start":{"line":259,"column":9},"end":{"line":259,"column":30}},"loc":{"start":{"line":259,"column":33},"end":{"line":314,"column":1}},"line":259},"25":{"name":"(anonymous_25)","decl":{"start":{"line":274,"column":44},"end":{"line":274,"column":45}},"loc":{"start":{"line":274,"column":57},"end":{"line":303,"column":3}},"line":274},"26":{"name":"(anonymous_26)","decl":{"start":{"line":275,"column":20},"end":{"line":275,"column":21}},"loc":{"start":{"line":275,"column":29},"end":{"line":302,"column":5}},"line":275},"27":{"name":"(anonymous_27)","decl":{"start":{"line":306,"column":53},"end":{"line":306,"column":54}},"loc":{"start":{"line":306,"column":60},"end":{"line":308,"column":3}},"line":306},"28":{"name":"(anonymous_28)","decl":{"start":{"line":311,"column":58},"end":{"line":311,"column":59}},"loc":{"start":{"line":311,"column":71},"end":{"line":313,"column":3}},"line":311}},"branchMap":{"0":{"loc":{"start":{"line":14,"column":2},"end":{"line":18,"column":3}},"type":"if","locations":[{"start":{"line":14,"column":2},"end":{"line":18,"column":3}},{"start":{},"end":{}}],"line":14},"1":{"loc":{"start":{"line":38,"column":2},"end":{"line":38,"column":33}},"type":"if","locations":[{"start":{"line":38,"column":2},"end":{"line":38,"column":33}},{"start":{},"end":{}}],"line":38},"2":{"loc":{"start":{"line":55,"column":4},"end":{"line":69,"column":5}},"type":"if","locations":[{"start":{"line":55,"column":4},"end":{"line":69,"column":5}},{"start":{},"end":{}}],"line":55},"3":{"loc":{"start":{"line":56,"column":6},"end":{"line":60,"column":51}},"type":"binary-expr","locations":[{"start":{"line":56,"column":6},"end":{"line":56,"column":39}},{"start":{"line":57,"column":6},"end":{"line":57,"column":34}},{"start":{"line":58,"column":6},"end":{"line":58,"column":38}},{"start":{"line":59,"column":6},"end":{"line":59,"column":39}},{"start":{"line":60,"column":6},"end":{"line":60,"column":51}}],"line":56},"4":{"loc":{"start":{"line":66,"column":6},"end":{"line":68,"column":7}},"type":"if","locations":[{"start":{"line":66,"column":6},"end":{"line":68,"column":7}},{"start":{},"end":{}}],"line":66},"5":{"loc":{"start":{"line":73,"column":4},"end":{"line":87,"column":5}},"type":"if","locations":[{"start":{"line":73,"column":4},"end":{"line":87,"column":5}},{"start":{},"end":{}}],"line":73},"6":{"loc":{"start":{"line":74,"column":6},"end":{"line":78,"column":51}},"type":"binary-expr","locations":[{"start":{"line":74,"column":6},"end":{"line":74,"column":39}},{"start":{"line":75,"column":6},"end":{"line":75,"column":34}},{"start":{"line":76,"column":6},"end":{"line":76,"column":38}},{"start":{"line":77,"column":6},"end":{"line":77,"column":39}},{"start":{"line":78,"column":6},"end":{"line":78,"column":51}}],"line":74},"7":{"loc":{"start":{"line":84,"column":6},"end":{"line":86,"column":7}},"type":"if","locations":[{"start":{"line":84,"column":6},"end":{"line":86,"column":7}},{"start":{},"end":{}}],"line":84},"8":{"loc":{"start":{"line":92,"column":4},"end":{"line":92,"column":63}},"type":"if","locations":[{"start":{"line":92,"column":4},"end":{"line":92,"column":63}},{"start":{},"end":{}}],"line":92},"9":{"loc":{"start":{"line":144,"column":2},"end":{"line":147,"column":3}},"type":"if","locations":[{"start":{"line":144,"column":2},"end":{"line":147,"column":3}},{"start":{},"end":{}}],"line":144},"10":{"loc":{"start":{"line":199,"column":4},"end":{"line":212,"column":5}},"type":"if","locations":[{"start":{"line":199,"column":4},"end":{"line":212,"column":5}},{"start":{},"end":{}}],"line":199},"11":{"loc":{"start":{"line":199,"column":8},"end":{"line":200,"column":69}},"type":"binary-expr","locations":[{"start":{"line":199,"column":8},"end":{"line":199,"column":69}},{"start":{"line":200,"column":8},"end":{"line":200,"column":69}}],"line":199},"12":{"loc":{"start":{"line":203,"column":26},"end":{"line":203,"column":77}},"type":"binary-expr","locations":[{"start":{"line":203,"column":26},"end":{"line":203,"column":62}},{"start":{"line":203,"column":66},"end":{"line":203,"column":77}}],"line":203},"13":{"loc":{"start":{"line":215,"column":4},"end":{"line":224,"column":5}},"type":"if","locations":[{"start":{"line":215,"column":4},"end":{"line":224,"column":5}},{"start":{},"end":{}}],"line":215},"14":{"loc":{"start":{"line":215,"column":8},"end":{"line":216,"column":46}},"type":"binary-expr","locations":[{"start":{"line":215,"column":8},"end":{"line":215,"column":46}},{"start":{"line":216,"column":8},"end":{"line":216,"column":46}}],"line":215},"15":{"loc":{"start":{"line":219,"column":6},"end":{"line":221,"column":7}},"type":"if","locations":[{"start":{"line":219,"column":6},"end":{"line":221,"column":7}},{"start":{},"end":{}}],"line":219},"16":{"loc":{"start":{"line":227,"column":4},"end":{"line":230,"column":5}},"type":"if","locations":[{"start":{"line":227,"column":4},"end":{"line":230,"column":5}},{"start":{},"end":{}}],"line":227},"17":{"loc":{"start":{"line":235,"column":4},"end":{"line":241,"column":5}},"type":"if","locations":[{"start":{"line":235,"column":4},"end":{"line":241,"column":5}},{"start":{},"end":{}}],"line":235},"18":{"loc":{"start":{"line":237,"column":6},"end":{"line":240,"column":7}},"type":"if","locations":[{"start":{"line":237,"column":6},"end":{"line":240,"column":7}},{"start":{},"end":{}}],"line":237},"19":{"loc":{"start":{"line":261,"column":2},"end":{"line":264,"column":3}},"type":"if","locations":[{"start":{"line":261,"column":2},"end":{"line":264,"column":3}},{"start":{},"end":{}}],"line":261},"20":{"loc":{"start":{"line":276,"column":6},"end":{"line":301,"column":7}},"type":"if","locations":[{"start":{"line":276,"column":6},"end":{"line":301,"column":7}},{"start":{},"end":{}}],"line":276},"21":{"loc":{"start":{"line":280,"column":8},"end":{"line":283,"column":9}},"type":"if","locations":[{"start":{"line":280,"column":8},"end":{"line":283,"column":9}},{"start":{},"end":{}}],"line":280},"22":{"loc":{"start":{"line":280,"column":12},"end":{"line":280,"column":62}},"type":"binary-expr","locations":[{"start":{"line":280,"column":12},"end":{"line":280,"column":38}},{"start":{"line":280,"column":42},"end":{"line":280,"column":62}}],"line":280},"23":{"loc":{"start":{"line":286,"column":8},"end":{"line":297,"column":9}},"type":"if","locations":[{"start":{"line":286,"column":8},"end":{"line":297,"column":9}},{"start":{},"end":{}}],"line":286},"24":{"loc":{"start":{"line":291,"column":10},"end":{"line":296,"column":11}},"type":"if","locations":[{"start":{"line":291,"column":10},"end":{"line":296,"column":11}},{"start":{},"end":{}}],"line":291}},"s":{"0":0,"1":0,"2":0,"3":0,"4":0,"5":0,"6":0,"7":0,"8":0,"9":0,"10":0,"11":0,"12":0,"13":0,"14":0,"15":0,"16":0,"17":0,"18":0,"19":0,"20":0,"21":0,"22":0,"23":0,"24":0,"25":0,"26":0,"27":0,"28":0,"29":0,"30":0,"31":0,"32":0,"33":0,"34":0,"35":0,"36":0,"37":0,"38":0,"39":0,"40":0,"41":0,"42":0,"43":0,"44":0,"45":0,"46":0,"47":0,"48":0,"49":0,"50":0,"51":0,"52":0,"53":0,"54":0,"55":0,"56":0,"57":0,"58":0,"59":0,"60":0,"61":0,"62":0,"63":0,"64":0,"65":0,"66":0,"67":0,"68":0,"69":0,"70":0,"71":0,"72":0,"73":0,"74":0,"75":0,"76":0,"77":0,"78":0,"79":0,"80":0,"81":0,"82":0,"83":0,"84":0,"85":0,"86":0,"87":0,"88":0,"89":0,"90":0,"91":0,"92":0,"93":0,"94":0,"95":0,"96":0,"97":0,"98":0,"99":0,"100":0,"101":0,"102":0,"103":0,"104":0},"f":{"0":0,"1":0,"2":0,"3":0,"4":0,"5":0,"6":0,"7":0,"8":0,"9":0,"10":0,"11":0,"12":0,"13":0,"14":0,"15":0,"16":0,"17":0,"18":0,"19":0,"20":0,"21":0,"22":0,"23":0,"24":0,"25":0,"26":0,"27":0,"28":0},"b":{"0":[0,0],"1":[0,0],"2":[0,0],"3":[0,0,0,0,0],"4":[0,0],"5":[0,0],"6":[0,0,0,0,0],"7":[0,0],"8":[0,0],"9":[0,0],"10":[0,0],"11":[0,0],"12":[0,0],"13":[0,0],"14":[0,0],"15":[0,0],"16":[0,0],"17":[0,0],"18":[0,0],"19":[0,0],"20":[0,0],"21":[0,0],"22":[0,0],"23":[0,0],"24":[0,0]}}
,"/workspaces/limfs/src/components/accessibility/acessibilidade.js": {"path":"/workspaces/limfs/src/components/accessibility/acessibilidade.js","statementMap":{"0":{"start":{"line":12,"column":2},"end":{"line":12,"column":27}},"1":{"start":{"line":15,"column":2},"end":{"line":15,"column":31}},"2":{"start":{"line":18,"column":2},"end":{"line":18,"column":34}},"3":{"start":{"line":21,"column":2},"end":{"line":21,"column":28}},"4":{"start":{"line":29,"column":2},"end":{"line":43,"column":5}},"5":{"start":{"line":30,"column":4},"end":{"line":32,"column":5}},"6":{"start":{"line":31,"column":6},"end":{"line":31,"column":45}},"7":{"start":{"line":35,"column":4},"end":{"line":42,"column":5}},"8":{"start":{"line":36,"column":22},"end":{"line":36,"column":53}},"9":{"start":{"line":37,"column":6},"end":{"line":41,"column":7}},"10":{"start":{"line":38,"column":19},"end":{"line":38,"column":88}},"11":{"start":{"line":39,"column":8},"end":{"line":39,"column":24}},"12":{"start":{"line":40,"column":8},"end":{"line":40,"column":52}},"13":{"start":{"line":46,"column":2},"end":{"line":51,"column":5}},"14":{"start":{"line":47,"column":4},"end":{"line":50,"column":5}},"15":{"start":{"line":48,"column":24},"end":{"line":48,"column":47}},"16":{"start":{"line":49,"column":6},"end":{"line":49,"column":51}},"17":{"start":{"line":54,"column":2},"end":{"line":67,"column":5}},"18":{"start":{"line":55,"column":4},"end":{"line":66,"column":5}},"19":{"start":{"line":57,"column":21},"end":{"line":57,"column":57}},"20":{"start":{"line":58,"column":28},"end":{"line":58,"column":61}},"21":{"start":{"line":60,"column":6},"end":{"line":65,"column":7}},"22":{"start":{"line":61,"column":23},"end":{"line":61,"column":69}},"23":{"start":{"line":62,"column":8},"end":{"line":64,"column":9}},"24":{"start":{"line":63,"column":10},"end":{"line":63,"column":100}},"25":{"start":{"line":75,"column":19},"end":{"line":75,"column":56}},"26":{"start":{"line":76,"column":2},"end":{"line":89,"column":3}},"27":{"start":{"line":77,"column":24},"end":{"line":77,"column":54}},"28":{"start":{"line":78,"column":4},"end":{"line":88,"column":5}},"29":{"start":{"line":79,"column":28},"end":{"line":79,"column":55}},"30":{"start":{"line":80,"column":6},"end":{"line":80,"column":45}},"31":{"start":{"line":81,"column":6},"end":{"line":81,"column":49}},"32":{"start":{"line":82,"column":6},"end":{"line":82,"column":68}},"33":{"start":{"line":83,"column":6},"end":{"line":83,"column":74}},"34":{"start":{"line":85,"column":6},"end":{"line":87,"column":7}},"35":{"start":{"line":86,"column":8},"end":{"line":86,"column":46}},"36":{"start":{"line":92,"column":2},"end":{"line":107,"column":5}},"37":{"start":{"line":93,"column":4},"end":{"line":95,"column":5}},"38":{"start":{"line":94,"column":6},"end":{"line":94,"column":41}},"39":{"start":{"line":97,"column":4},"end":{"line":106,"column":7}},"40":{"start":{"line":99,"column":6},"end":{"line":105,"column":7}},"41":{"start":{"line":100,"column":8},"end":{"line":100,"column":27}},"42":{"start":{"line":101,"column":21},"end":{"line":101,"column":56}},"43":{"start":{"line":102,"column":8},"end":{"line":104,"column":9}},"44":{"start":{"line":103,"column":10},"end":{"line":103,"column":23}},"45":{"start":{"line":116,"column":2},"end":{"line":118,"column":3}},"46":{"start":{"line":117,"column":4},"end":{"line":117,"column":50}},"47":{"start":{"line":121,"column":34},"end":{"line":146,"column":3}},"48":{"start":{"line":122,"column":19},"end":{"line":122,"column":51}},"49":{"start":{"line":123,"column":4},"end":{"line":123,"column":24}},"50":{"start":{"line":123,"column":17},"end":{"line":123,"column":24}},"51":{"start":{"line":126,"column":4},"end":{"line":126,"column":57}},"52":{"start":{"line":126,"column":50},"end":{"line":126,"column":57}},"53":{"start":{"line":128,"column":27},"end":{"line":128,"column":59}},"54":{"start":{"line":129,"column":4},"end":{"line":129,"column":40}},"55":{"start":{"line":130,"column":4},"end":{"line":130,"column":52}},"56":{"start":{"line":131,"column":4},"end":{"line":131,"column":78}},"57":{"start":{"line":132,"column":4},"end":{"line":132,"column":81}},"58":{"start":{"line":133,"column":4},"end":{"line":133,"column":64}},"59":{"start":{"line":135,"column":28},"end":{"line":135,"column":57}},"60":{"start":{"line":136,"column":4},"end":{"line":136,"column":56}},"61":{"start":{"line":137,"column":4},"end":{"line":137,"column":48}},"62":{"start":{"line":140,"column":20},"end":{"line":140,"column":56}},"63":{"start":{"line":141,"column":4},"end":{"line":145,"column":5}},"64":{"start":{"line":142,"column":6},"end":{"line":142,"column":52}},"65":{"start":{"line":144,"column":6},"end":{"line":144,"column":42}},"66":{"start":{"line":149,"column":2},"end":{"line":153,"column":3}},"67":{"start":{"line":150,"column":4},"end":{"line":150,"column":75}},"68":{"start":{"line":152,"column":4},"end":{"line":152,"column":46}},"69":{"start":{"line":160,"column":2},"end":{"line":160,"column":51}},"70":{"start":{"line":163,"column":29},"end":{"line":163,"column":79}},"71":{"start":{"line":164,"column":2},"end":{"line":164,"column":60}},"72":{"start":{"line":167,"column":16},"end":{"line":167,"column":56}},"73":{"start":{"line":168,"column":2},"end":{"line":172,"column":3}},"74":{"start":{"line":169,"column":4},"end":{"line":171,"column":55}},"75":{"start":{"line":175,"column":2},"end":{"line":175,"column":45}},"76":{"start":{"line":184,"column":2},"end":{"line":218,"column":3}},"77":{"start":{"line":186,"column":4},"end":{"line":186,"column":62}},"78":{"start":{"line":187,"column":4},"end":{"line":187,"column":65}},"79":{"start":{"line":190,"column":4},"end":{"line":217,"column":7}},"80":{"start":{"line":192,"column":6},"end":{"line":214,"column":7}},"81":{"start":{"line":193,"column":8},"end":{"line":193,"column":62}},"82":{"start":{"line":194,"column":8},"end":{"line":194,"column":55}},"83":{"start":{"line":195,"column":8},"end":{"line":195,"column":55}},"84":{"start":{"line":198,"column":8},"end":{"line":202,"column":9}},"85":{"start":{"line":199,"column":10},"end":{"line":201,"column":13}},"86":{"start":{"line":200,"column":12},"end":{"line":200,"column":36}},"87":{"start":{"line":205,"column":8},"end":{"line":205,"column":59}},"88":{"start":{"line":206,"column":8},"end":{"line":206,"column":52}},"89":{"start":{"line":207,"column":8},"end":{"line":207,"column":52}},"90":{"start":{"line":209,"column":8},"end":{"line":213,"column":9}},"91":{"start":{"line":210,"column":10},"end":{"line":212,"column":13}},"92":{"start":{"line":211,"column":12},"end":{"line":211,"column":36}},"93":{"start":{"line":216,"column":6},"end":{"line":216,"column":21}},"94":{"start":{"line":225,"column":31},"end":{"line":266,"column":3}},"95":{"start":{"line":226,"column":19},"end":{"line":226,"column":51}},"96":{"start":{"line":227,"column":4},"end":{"line":227,"column":24}},"97":{"start":{"line":227,"column":17},"end":{"line":227,"column":24}},"98":{"start":{"line":230,"column":4},"end":{"line":230,"column":62}},"99":{"start":{"line":230,"column":55},"end":{"line":230,"column":62}},"100":{"start":{"line":233,"column":26},"end":{"line":233,"column":58}},"101":{"start":{"line":234,"column":4},"end":{"line":234,"column":44}},"102":{"start":{"line":235,"column":4},"end":{"line":235,"column":51}},"103":{"start":{"line":236,"column":4},"end":{"line":236,"column":82}},"104":{"start":{"line":237,"column":4},"end":{"line":237,"column":74}},"105":{"start":{"line":238,"column":4},"end":{"line":238,"column":67}},"106":{"start":{"line":238,"column":50},"end":{"line":238,"column":65}},"107":{"start":{"line":241,"column":26},"end":{"line":241,"column":58}},"108":{"start":{"line":242,"column":4},"end":{"line":242,"column":44}},"109":{"start":{"line":243,"column":4},"end":{"line":243,"column":51}},"110":{"start":{"line":244,"column":4},"end":{"line":244,"column":99}},"111":{"start":{"line":245,"column":4},"end":{"line":245,"column":74}},"112":{"start":{"line":246,"column":4},"end":{"line":246,"column":68}},"113":{"start":{"line":246,"column":50},"end":{"line":246,"column":66}},"114":{"start":{"line":249,"column":26},"end":{"line":249,"column":74}},"115":{"start":{"line":251,"column":4},"end":{"line":262,"column":5}},"116":{"start":{"line":252,"column":6},"end":{"line":252,"column":54}},"117":{"start":{"line":253,"column":6},"end":{"line":253,"column":58}},"118":{"start":{"line":256,"column":22},"end":{"line":256,"column":58}},"119":{"start":{"line":257,"column":6},"end":{"line":261,"column":7}},"120":{"start":{"line":258,"column":8},"end":{"line":258,"column":54}},"121":{"start":{"line":260,"column":8},"end":{"line":260,"column":44}},"122":{"start":{"line":264,"column":4},"end":{"line":264,"column":47}},"123":{"start":{"line":265,"column":4},"end":{"line":265,"column":47}},"124":{"start":{"line":269,"column":2},"end":{"line":273,"column":3}},"125":{"start":{"line":270,"column":4},"end":{"line":270,"column":72}},"126":{"start":{"line":272,"column":4},"end":{"line":272,"column":43}},"127":{"start":{"line":281,"column":15},"end":{"line":281,"column":39}},"128":{"start":{"line":282,"column":23},"end":{"line":282,"column":71}},"129":{"start":{"line":285,"column":22},"end":{"line":285,"column":78}},"130":{"start":{"line":287,"column":2},"end":{"line":287,"column":43}},"131":{"start":{"line":290,"column":2},"end":{"line":290,"column":52}},"132":{"start":{"line":293,"column":2},"end":{"line":295,"column":5}},"133":{"start":{"line":294,"column":4},"end":{"line":294,"column":31}},"134":{"start":{"line":299,"column":0},"end":{"line":312,"column":3}},"135":{"start":{"line":301,"column":24},"end":{"line":301,"column":72}},"136":{"start":{"line":302,"column":2},"end":{"line":305,"column":3}},"137":{"start":{"line":303,"column":4},"end":{"line":303,"column":50}},"138":{"start":{"line":304,"column":4},"end":{"line":304,"column":56}},"139":{"start":{"line":304,"column":21},"end":{"line":304,"column":49}},"140":{"start":{"line":308,"column":23},"end":{"line":308,"column":59}},"141":{"start":{"line":309,"column":2},"end":{"line":311,"column":3}},"142":{"start":{"line":310,"column":4},"end":{"line":310,"column":66}}},"fnMap":{"0":{"name":"inicializarAcessibilidade","decl":{"start":{"line":10,"column":16},"end":{"line":10,"column":41}},"loc":{"start":{"line":10,"column":44},"end":{"line":22,"column":1}},"line":10},"1":{"name":"adicionarAtributosARIA","decl":{"start":{"line":27,"column":9},"end":{"line":27,"column":31}},"loc":{"start":{"line":27,"column":34},"end":{"line":68,"column":1}},"line":27},"2":{"name":"(anonymous_2)","decl":{"start":{"line":29,"column":47},"end":{"line":29,"column":48}},"loc":{"start":{"line":29,"column":58},"end":{"line":43,"column":3}},"line":29},"3":{"name":"(anonymous_3)","decl":{"start":{"line":46,"column":64},"end":{"line":46,"column":65}},"loc":{"start":{"line":46,"column":74},"end":{"line":51,"column":3}},"line":46},"4":{"name":"(anonymous_4)","decl":{"start":{"line":54,"column":46},"end":{"line":54,"column":47}},"loc":{"start":{"line":54,"column":56},"end":{"line":67,"column":3}},"line":54},"5":{"name":"configurarNavegacaoTeclado","decl":{"start":{"line":73,"column":9},"end":{"line":73,"column":35}},"loc":{"start":{"line":73,"column":38},"end":{"line":108,"column":1}},"line":73},"6":{"name":"(anonymous_6)","decl":{"start":{"line":92,"column":55},"end":{"line":92,"column":56}},"loc":{"start":{"line":92,"column":63},"end":{"line":107,"column":3}},"line":92},"7":{"name":"(anonymous_7)","decl":{"start":{"line":97,"column":37},"end":{"line":97,"column":38}},"loc":{"start":{"line":97,"column":49},"end":{"line":106,"column":5}},"line":97},"8":{"name":"verificarPreferenciaContraste","decl":{"start":{"line":114,"column":9},"end":{"line":114,"column":38}},"loc":{"start":{"line":114,"column":41},"end":{"line":154,"column":1}},"line":114},"9":{"name":"(anonymous_9)","decl":{"start":{"line":121,"column":34},"end":{"line":121,"column":35}},"loc":{"start":{"line":121,"column":40},"end":{"line":146,"column":3}},"line":121},"10":{"name":"alternarContraste","decl":{"start":{"line":159,"column":9},"end":{"line":159,"column":26}},"loc":{"start":{"line":159,"column":29},"end":{"line":176,"column":1}},"line":159},"11":{"name":"atualizarCoresGraficos","decl":{"start":{"line":182,"column":9},"end":{"line":182,"column":31}},"loc":{"start":{"line":182,"column":47},"end":{"line":219,"column":1}},"line":182},"12":{"name":"(anonymous_12)","decl":{"start":{"line":190,"column":28},"end":{"line":190,"column":29}},"loc":{"start":{"line":190,"column":37},"end":{"line":217,"column":5}},"line":190},"13":{"name":"(anonymous_13)","decl":{"start":{"line":199,"column":38},"end":{"line":199,"column":39}},"loc":{"start":{"line":199,"column":49},"end":{"line":201,"column":11}},"line":199},"14":{"name":"(anonymous_14)","decl":{"start":{"line":210,"column":38},"end":{"line":210,"column":39}},"loc":{"start":{"line":210,"column":49},"end":{"line":212,"column":11}},"line":210},"15":{"name":"adicionarControlesFonte","decl":{"start":{"line":224,"column":9},"end":{"line":224,"column":32}},"loc":{"start":{"line":224,"column":35},"end":{"line":274,"column":1}},"line":224},"16":{"name":"(anonymous_16)","decl":{"start":{"line":225,"column":31},"end":{"line":225,"column":32}},"loc":{"start":{"line":225,"column":37},"end":{"line":266,"column":3}},"line":225},"17":{"name":"(anonymous_17)","decl":{"start":{"line":238,"column":44},"end":{"line":238,"column":45}},"loc":{"start":{"line":238,"column":50},"end":{"line":238,"column":65}},"line":238},"18":{"name":"(anonymous_18)","decl":{"start":{"line":246,"column":44},"end":{"line":246,"column":45}},"loc":{"start":{"line":246,"column":50},"end":{"line":246,"column":66}},"line":246},"19":{"name":"ajustarFonte","decl":{"start":{"line":280,"column":9},"end":{"line":280,"column":21}},"loc":{"start":{"line":280,"column":31},"end":{"line":296,"column":1}},"line":280},"20":{"name":"(anonymous_20)","decl":{"start":{"line":293,"column":55},"end":{"line":293,"column":56}},"loc":{"start":{"line":293,"column":63},"end":{"line":295,"column":3}},"line":293},"21":{"name":"(anonymous_21)","decl":{"start":{"line":299,"column":46},"end":{"line":299,"column":47}},"loc":{"start":{"line":299,"column":52},"end":{"line":312,"column":1}},"line":299},"22":{"name":"(anonymous_22)","decl":{"start":{"line":304,"column":15},"end":{"line":304,"column":16}},"loc":{"start":{"line":304,"column":21},"end":{"line":304,"column":49}},"line":304}},"branchMap":{"0":{"loc":{"start":{"line":30,"column":4},"end":{"line":32,"column":5}},"type":"if","locations":[{"start":{"line":30,"column":4},"end":{"line":32,"column":5}},{"start":{},"end":{}}],"line":30},"1":{"loc":{"start":{"line":35,"column":4},"end":{"line":42,"column":5}},"type":"if","locations":[{"start":{"line":35,"column":4},"end":{"line":42,"column":5}},{"start":{},"end":{}}],"line":35},"2":{"loc":{"start":{"line":35,"column":8},"end":{"line":35,"column":87}},"type":"binary-expr","locations":[{"start":{"line":35,"column":8},"end":{"line":35,"column":48}},{"start":{"line":35,"column":52},"end":{"line":35,"column":87}}],"line":35},"3":{"loc":{"start":{"line":37,"column":6},"end":{"line":41,"column":7}},"type":"if","locations":[{"start":{"line":37,"column":6},"end":{"line":41,"column":7}},{"start":{},"end":{}}],"line":37},"4":{"loc":{"start":{"line":38,"column":19},"end":{"line":38,"column":88}},"type":"binary-expr","locations":[{"start":{"line":38,"column":19},"end":{"line":38,"column":29}},{"start":{"line":38,"column":33},"end":{"line":38,"column":88}}],"line":38},"5":{"loc":{"start":{"line":47,"column":4},"end":{"line":50,"column":5}},"type":"if","locations":[{"start":{"line":47,"column":4},"end":{"line":50,"column":5}},{"start":{},"end":{}}],"line":47},"6":{"loc":{"start":{"line":48,"column":24},"end":{"line":48,"column":47}},"type":"binary-expr","locations":[{"start":{"line":48,"column":24},"end":{"line":48,"column":36}},{"start":{"line":48,"column":40},"end":{"line":48,"column":47}}],"line":48},"7":{"loc":{"start":{"line":55,"column":4},"end":{"line":66,"column":5}},"type":"if","locations":[{"start":{"line":55,"column":4},"end":{"line":66,"column":5}},{"start":{},"end":{}}],"line":55},"8":{"loc":{"start":{"line":55,"column":8},"end":{"line":55,"column":85}},"type":"binary-expr","locations":[{"start":{"line":55,"column":8},"end":{"line":55,"column":42}},{"start":{"line":55,"column":46},"end":{"line":55,"column":85}}],"line":55},"9":{"loc":{"start":{"line":60,"column":6},"end":{"line":65,"column":7}},"type":"if","locations":[{"start":{"line":60,"column":6},"end":{"line":65,"column":7}},{"start":{},"end":{}}],"line":60},"10":{"loc":{"start":{"line":62,"column":8},"end":{"line":64,"column":9}},"type":"if","locations":[{"start":{"line":62,"column":8},"end":{"line":64,"column":9}},{"start":{},"end":{}}],"line":62},"11":{"loc":{"start":{"line":76,"column":2},"end":{"line":89,"column":3}},"type":"if","locations":[{"start":{"line":76,"column":2},"end":{"line":89,"column":3}},{"start":{},"end":{}}],"line":76},"12":{"loc":{"start":{"line":78,"column":4},"end":{"line":88,"column":5}},"type":"if","locations":[{"start":{"line":78,"column":4},"end":{"line":88,"column":5}},{"start":{},"end":{}}],"line":78},"13":{"loc":{"start":{"line":85,"column":6},"end":{"line":87,"column":7}},"type":"if","locations":[{"start":{"line":85,"column":6},"end":{"line":87,"column":7}},{"start":{},"end":{}}],"line":85},"14":{"loc":{"start":{"line":93,"column":4},"end":{"line":95,"column":5}},"type":"if","locations":[{"start":{"line":93,"column":4},"end":{"line":95,"column":5}},{"start":{},"end":{}}],"line":93},"15":{"loc":{"start":{"line":99,"column":6},"end":{"line":105,"column":7}},"type":"if","locations":[{"start":{"line":99,"column":6},"end":{"line":105,"column":7}},{"start":{},"end":{}}],"line":99},"16":{"loc":{"start":{"line":99,"column":10},"end":{"line":99,"column":44}},"type":"binary-expr","locations":[{"start":{"line":99,"column":10},"end":{"line":99,"column":27}},{"start":{"line":99,"column":31},"end":{"line":99,"column":44}}],"line":99},"17":{"loc":{"start":{"line":102,"column":8},"end":{"line":104,"column":9}},"type":"if","locations":[{"start":{"line":102,"column":8},"end":{"line":104,"column":9}},{"start":{},"end":{}}],"line":102},"18":{"loc":{"start":{"line":116,"column":2},"end":{"line":118,"column":3}},"type":"if","locations":[{"start":{"line":116,"column":2},"end":{"line":118,"column":3}},{"start":{},"end":{}}],"line":116},"19":{"loc":{"start":{"line":123,"column":4},"end":{"line":123,"column":24}},"type":"if","locations":[{"start":{"line":123,"column":4},"end":{"line":123,"column":24}},{"start":{},"end":{}}],"line":123},"20":{"loc":{"start":{"line":126,"column":4},"end":{"line":126,"column":57}},"type":"if","locations":[{"start":{"line":126,"column":4},"end":{"line":126,"column":57}},{"start":{},"end":{}}],"line":126},"21":{"loc":{"start":{"line":141,"column":4},"end":{"line":145,"column":5}},"type":"if","locations":[{"start":{"line":141,"column":4},"end":{"line":145,"column":5}},{"start":{"line":143,"column":11},"end":{"line":145,"column":5}}],"line":141},"22":{"loc":{"start":{"line":149,"column":2},"end":{"line":153,"column":3}},"type":"if","locations":[{"start":{"line":149,"column":2},"end":{"line":153,"column":3}},{"start":{"line":151,"column":9},"end":{"line":153,"column":3}}],"line":149},"23":{"loc":{"start":{"line":168,"column":2},"end":{"line":172,"column":3}},"type":"if","locations":[{"start":{"line":168,"column":2},"end":{"line":172,"column":3}},{"start":{},"end":{}}],"line":168},"24":{"loc":{"start":{"line":169,"column":22},"end":{"line":171,"column":54}},"type":"cond-expr","locations":[{"start":{"line":170,"column":8},"end":{"line":170,"column":56}},{"start":{"line":171,"column":8},"end":{"line":171,"column":54}}],"line":169},"25":{"loc":{"start":{"line":184,"column":2},"end":{"line":218,"column":3}},"type":"if","locations":[{"start":{"line":184,"column":2},"end":{"line":218,"column":3}},{"start":{},"end":{}}],"line":184},"26":{"loc":{"start":{"line":186,"column":27},"end":{"line":186,"column":61}},"type":"cond-expr","locations":[{"start":{"line":186,"column":43},"end":{"line":186,"column":52}},{"start":{"line":186,"column":55},"end":{"line":186,"column":61}}],"line":186},"27":{"loc":{"start":{"line":187,"column":33},"end":{"line":187,"column":64}},"type":"cond-expr","locations":[{"start":{"line":187,"column":49},"end":{"line":187,"column":55}},{"start":{"line":187,"column":58},"end":{"line":187,"column":64}}],"line":187},"28":{"loc":{"start":{"line":192,"column":6},"end":{"line":214,"column":7}},"type":"if","locations":[{"start":{"line":192,"column":6},"end":{"line":214,"column":7}},{"start":{"line":203,"column":13},"end":{"line":214,"column":7}}],"line":192},"29":{"loc":{"start":{"line":198,"column":8},"end":{"line":202,"column":9}},"type":"if","locations":[{"start":{"line":198,"column":8},"end":{"line":202,"column":9}},{"start":{},"end":{}}],"line":198},"30":{"loc":{"start":{"line":209,"column":8},"end":{"line":213,"column":9}},"type":"if","locations":[{"start":{"line":209,"column":8},"end":{"line":213,"column":9}},{"start":{},"end":{}}],"line":209},"31":{"loc":{"start":{"line":227,"column":4},"end":{"line":227,"column":24}},"type":"if","locations":[{"start":{"line":227,"column":4},"end":{"line":227,"column":24}},{"start":{},"end":{}}],"line":227},"32":{"loc":{"start":{"line":230,"column":4},"end":{"line":230,"column":62}},"type":"if","locations":[{"start":{"line":230,"column":4},"end":{"line":230,"column":62}},{"start":{},"end":{}}],"line":230},"33":{"loc":{"start":{"line":251,"column":4},"end":{"line":262,"column":5}},"type":"if","locations":[{"start":{"line":251,"column":4},"end":{"line":262,"column":5}},{"start":{},"end":{}}],"line":251},"34":{"loc":{"start":{"line":257,"column":6},"end":{"line":261,"column":7}},"type":"if","locations":[{"start":{"line":257,"column":6},"end":{"line":261,"column":7}},{"start":{"line":259,"column":13},"end":{"line":261,"column":7}}],"line":257},"35":{"loc":{"start":{"line":269,"column":2},"end":{"line":273,"column":3}},"type":"if","locations":[{"start":{"line":269,"column":2},"end":{"line":273,"column":3}},{"start":{"line":271,"column":9},"end":{"line":273,"column":3}}],"line":269},"36":{"loc":{"start":{"line":302,"column":2},"end":{"line":305,"column":3}},"type":"if","locations":[{"start":{"line":302,"column":2},"end":{"line":305,"column":3}},{"start":{},"end":{}}],"line":302},"37":{"loc":{"start":{"line":309,"column":2},"end":{"line":311,"column":3}},"type":"if","locations":[{"start":{"line":309,"column":2},"end":{"line":311,"column":3}},{"start":{},"end":{}}],"line":309}},"s":{"0":0,"1":0,"2":0,"3":0,"4":0,"5":0,"6":0,"7":0,"8":0,"9":0,"10":0,"11":0,"12":0,"13":0,"14":0,"15":0,"16":0,"17":0,"18":0,"19":0,"20":0,"21":0,"22":0,"23":0,"24":0,"25":0,"26":0,"27":0,"28":0,"29":0,"30":0,"31":0,"32":0,"33":0,"34":0,"35":0,"36":0,"37":0,"38":0,"39":0,"40":0,"41":0,"42":0,"43":0,"44":0,"45":0,"46":0,"47":0,"48":0,"49":0,"50":0,"51":0,"52":0,"53":0,"54":0,"55":0,"56":0,"57":0,"58":0,"59":0,"60":0,"61":0,"62":0,"63":0,"64":0,"65":0,"66":0,"67":0,"68":0,"69":0,"70":0,"71":0,"72":0,"73":0,"74":0,"75":0,"76":0,"77":0,"78":0,"79":0,"80":0,"81":0,"82":0,"83":0,"84":0,"85":0,"86":0,"87":0,"88":0,"89":0,"90":0,"91":0,"92":0,"93":0,"94":0,"95":0,"96":0,"97":0,"98":0,"99":0,"100":0,"101":0,"102":0,"103":0,"104":0,"105":0,"106":0,"107":0,"108":0,"109":0,"110":0,"111":0,"112":0,"113":0,"114":0,"115":0,"116":0,"117":0,"118":0,"119":0,"120":0,"121":0,"122":0,"123":0,"124":0,"125":0,"126":0,"127":0,"128":0,"129":0,"130":0,"131":0,"132":0,"133":0,"134":0,"135":0,"136":0,"137":0,"138":0,"139":0,"140":0,"141":0,"142":0},"f":{"0":0,"1":0,"2":0,"3":0,"4":0,"5":0,"6":0,"7":0,"8":0,"9":0,"10":0,"11":0,"12":0,"13":0,"14":0,"15":0,"16":0,"17":0,"18":0,"19":0,"20":0,"21":0,"22":0},"b":{"0":[0,0],"1":[0,0],"2":[0,0],"3":[0,0],"4":[0,0],"5":[0,0],"6":[0,0],"7":[0,0],"8":[0,0],"9":[0,0],"10":[0,0],"11":[0,0],"12":[0,0],"13":[0,0],"14":[0,0],"15":[0,0],"16":[0,0],"17":[0,0],"18":[0,0],"19":[0,0],"20":[0,0],"21":[0,0],"22":[0,0],"23":[0,0],"24":[0,0],"25":[0,0],"26":[0,0],"27":[0,0],"28":[0,0],"29":[0,0],"30":[0,0],"31":[0,0],"32":[0,0],"33":[0,0],"34":[0,0],"35":[0,0],"36":[0,0],"37":[0,0]}}
,"/workspaces/limfs/src/components/accessibility/acessibilidadeAvancada.js": {"path":"/workspaces/limfs/src/components/accessibility/acessibilidadeAvancada.js","statementMap":{"0":{"start":{"line":16,"column":21},"end":{"line":25,"column":1}},"1":{"start":{"line":28,"column":13},"end":{"line":28,"column":32}},"2":{"start":{"line":31,"column":24},"end":{"line":34,"column":1}},"3":{"start":{"line":42,"column":2},"end":{"line":68,"column":3}},"4":{"start":{"line":44,"column":4},"end":{"line":44,"column":44}},"5":{"start":{"line":47,"column":4},"end":{"line":47,"column":27}},"6":{"start":{"line":50,"column":4},"end":{"line":50,"column":31}},"7":{"start":{"line":53,"column":4},"end":{"line":55,"column":5}},"8":{"start":{"line":54,"column":6},"end":{"line":54,"column":35}},"9":{"start":{"line":58,"column":4},"end":{"line":58,"column":27}},"10":{"start":{"line":61,"column":4},"end":{"line":61,"column":26}},"11":{"start":{"line":63,"column":4},"end":{"line":63,"column":79}},"12":{"start":{"line":64,"column":4},"end":{"line":64,"column":16}},"13":{"start":{"line":66,"column":4},"end":{"line":66,"column":81}},"14":{"start":{"line":67,"column":4},"end":{"line":67,"column":17}},"15":{"start":{"line":77,"column":2},"end":{"line":77,"column":62}},"16":{"start":{"line":77,"column":55},"end":{"line":77,"column":62}},"17":{"start":{"line":80,"column":16},"end":{"line":80,"column":45}},"18":{"start":{"line":81,"column":2},"end":{"line":81,"column":36}},"19":{"start":{"line":82,"column":2},"end":{"line":82,"column":39}},"20":{"start":{"line":83,"column":2},"end":{"line":83,"column":68}},"21":{"start":{"line":84,"column":2},"end":{"line":84,"column":43}},"22":{"start":{"line":87,"column":2},"end":{"line":99,"column":4}},"23":{"start":{"line":102,"column":24},"end":{"line":102,"column":56}},"24":{"start":{"line":103,"column":2},"end":{"line":103,"column":66}},"25":{"start":{"line":104,"column":2},"end":{"line":104,"column":79}},"26":{"start":{"line":105,"column":2},"end":{"line":105,"column":55}},"27":{"start":{"line":106,"column":2},"end":{"line":117,"column":4}},"28":{"start":{"line":120,"column":20},"end":{"line":120,"column":49}},"29":{"start":{"line":121,"column":2},"end":{"line":121,"column":51}},"30":{"start":{"line":122,"column":2},"end":{"line":129,"column":4}},"31":{"start":{"line":132,"column":26},"end":{"line":157,"column":3}},"32":{"start":{"line":160,"column":2},"end":{"line":181,"column":5}},"33":{"start":{"line":161,"column":20},"end":{"line":161,"column":49}},"34":{"start":{"line":162,"column":4},"end":{"line":162,"column":43}},"35":{"start":{"line":164,"column":21},"end":{"line":164,"column":52}},"36":{"start":{"line":165,"column":4},"end":{"line":165,"column":31}},"37":{"start":{"line":166,"column":4},"end":{"line":166,"column":30}},"38":{"start":{"line":167,"column":4},"end":{"line":167,"column":51}},"39":{"start":{"line":168,"column":4},"end":{"line":172,"column":7}},"40":{"start":{"line":169,"column":6},"end":{"line":169,"column":53}},"41":{"start":{"line":170,"column":6},"end":{"line":170,"column":38}},"42":{"start":{"line":171,"column":6},"end":{"line":171,"column":27}},"43":{"start":{"line":174,"column":18},"end":{"line":174,"column":49}},"44":{"start":{"line":175,"column":4},"end":{"line":175,"column":32}},"45":{"start":{"line":176,"column":4},"end":{"line":176,"column":39}},"46":{"start":{"line":178,"column":4},"end":{"line":178,"column":34}},"47":{"start":{"line":179,"column":4},"end":{"line":179,"column":31}},"48":{"start":{"line":180,"column":4},"end":{"line":180,"column":35}},"49":{"start":{"line":184,"column":25},"end":{"line":184,"column":57}},"50":{"start":{"line":185,"column":2},"end":{"line":185,"column":52}},"51":{"start":{"line":186,"column":2},"end":{"line":186,"column":43}},"52":{"start":{"line":187,"column":2},"end":{"line":187,"column":67}},"53":{"start":{"line":188,"column":2},"end":{"line":188,"column":40}},"54":{"start":{"line":191,"column":2},"end":{"line":195,"column":5}},"55":{"start":{"line":192,"column":23},"end":{"line":192,"column":65}},"56":{"start":{"line":193,"column":4},"end":{"line":193,"column":79}},"57":{"start":{"line":194,"column":4},"end":{"line":194,"column":61}},"58":{"start":{"line":198,"column":2},"end":{"line":198,"column":31}},"59":{"start":{"line":199,"column":2},"end":{"line":199,"column":43}},"60":{"start":{"line":200,"column":2},"end":{"line":200,"column":35}},"61":{"start":{"line":209,"column":2},"end":{"line":232,"column":5}},"62":{"start":{"line":211,"column":4},"end":{"line":218,"column":5}},"63":{"start":{"line":213,"column":6},"end":{"line":217,"column":13}},"64":{"start":{"line":214,"column":8},"end":{"line":216,"column":9}},"65":{"start":{"line":215,"column":10},"end":{"line":215,"column":56}},"66":{"start":{"line":221,"column":4},"end":{"line":231,"column":5}},"67":{"start":{"line":223,"column":23},"end":{"line":223,"column":45}},"68":{"start":{"line":224,"column":6},"end":{"line":230,"column":7}},"69":{"start":{"line":226,"column":8},"end":{"line":229,"column":9}},"70":{"start":{"line":227,"column":10},"end":{"line":227,"column":29}},"71":{"start":{"line":228,"column":10},"end":{"line":228,"column":27}},"72":{"start":{"line":235,"column":20},"end":{"line":235,"column":100}},"73":{"start":{"line":236,"column":2},"end":{"line":240,"column":5}},"74":{"start":{"line":237,"column":4},"end":{"line":239,"column":5}},"75":{"start":{"line":238,"column":6},"end":{"line":238,"column":45}},"76":{"start":{"line":250,"column":2},"end":{"line":252,"column":5}},"77":{"start":{"line":251,"column":4},"end":{"line":251,"column":46}},"78":{"start":{"line":255,"column":2},"end":{"line":257,"column":3}},"79":{"start":{"line":256,"column":4},"end":{"line":256,"column":50}},"80":{"start":{"line":266,"column":2},"end":{"line":266,"column":62}},"81":{"start":{"line":268,"column":2},"end":{"line":303,"column":3}},"82":{"start":{"line":270,"column":4},"end":{"line":270,"column":31}},"83":{"start":{"line":273,"column":4},"end":{"line":296,"column":7}},"84":{"start":{"line":274,"column":6},"end":{"line":274,"column":39}},"85":{"start":{"line":277,"column":22},"end":{"line":277,"column":50}},"86":{"start":{"line":278,"column":6},"end":{"line":294,"column":7}},"87":{"start":{"line":279,"column":8},"end":{"line":279,"column":50}},"88":{"start":{"line":280,"column":8},"end":{"line":280,"column":50}},"89":{"start":{"line":281,"column":8},"end":{"line":281,"column":49}},"90":{"start":{"line":282,"column":8},"end":{"line":282,"column":77}},"91":{"start":{"line":285,"column":23},"end":{"line":285,"column":56}},"92":{"start":{"line":286,"column":8},"end":{"line":291,"column":9}},"93":{"start":{"line":287,"column":28},"end":{"line":287,"column":74}},"94":{"start":{"line":288,"column":10},"end":{"line":288,"column":135}},"95":{"start":{"line":290,"column":10},"end":{"line":290,"column":78}},"96":{"start":{"line":293,"column":8},"end":{"line":293,"column":76}},"97":{"start":{"line":295,"column":6},"end":{"line":295,"column":40}},"98":{"start":{"line":299,"column":4},"end":{"line":299,"column":36}},"99":{"start":{"line":302,"column":4},"end":{"line":302,"column":31}},"100":{"start":{"line":312,"column":2},"end":{"line":312,"column":61}},"101":{"start":{"line":314,"column":2},"end":{"line":326,"column":3}},"102":{"start":{"line":316,"column":4},"end":{"line":316,"column":74}},"103":{"start":{"line":317,"column":4},"end":{"line":317,"column":80}},"104":{"start":{"line":318,"column":4},"end":{"line":318,"column":74}},"105":{"start":{"line":319,"column":4},"end":{"line":319,"column":77}},"106":{"start":{"line":322,"column":4},"end":{"line":322,"column":66}},"107":{"start":{"line":323,"column":4},"end":{"line":323,"column":72}},"108":{"start":{"line":324,"column":4},"end":{"line":324,"column":66}},"109":{"start":{"line":325,"column":4},"end":{"line":325,"column":69}},"110":{"start":{"line":335,"column":2},"end":{"line":335,"column":59}},"111":{"start":{"line":337,"column":2},"end":{"line":341,"column":3}},"112":{"start":{"line":338,"column":4},"end":{"line":338,"column":71}},"113":{"start":{"line":340,"column":4},"end":{"line":340,"column":66}},"114":{"start":{"line":350,"column":2},"end":{"line":350,"column":33}},"115":{"start":{"line":352,"column":2},"end":{"line":360,"column":3}},"116":{"start":{"line":354,"column":4},"end":{"line":356,"column":7}},"117":{"start":{"line":355,"column":6},"end":{"line":355,"column":48}},"118":{"start":{"line":357,"column":9},"end":{"line":360,"column":3}},"119":{"start":{"line":359,"column":4},"end":{"line":359,"column":50}},"120":{"start":{"line":369,"column":2},"end":{"line":374,"column":5}},"121":{"start":{"line":370,"column":4},"end":{"line":373,"column":7}},"122":{"start":{"line":377,"column":2},"end":{"line":383,"column":5}},"123":{"start":{"line":378,"column":4},"end":{"line":382,"column":7}},"124":{"start":{"line":392,"column":2},"end":{"line":400,"column":5}},"125":{"start":{"line":393,"column":4},"end":{"line":393,"column":55}},"126":{"start":{"line":396,"column":21},"end":{"line":396,"column":54}},"127":{"start":{"line":397,"column":4},"end":{"line":399,"column":5}},"128":{"start":{"line":398,"column":6},"end":{"line":398,"column":38}},"129":{"start":{"line":403,"column":2},"end":{"line":408,"column":5}},"130":{"start":{"line":404,"column":4},"end":{"line":404,"column":55}},"131":{"start":{"line":405,"column":4},"end":{"line":407,"column":5}},"132":{"start":{"line":406,"column":6},"end":{"line":406,"column":44}},"133":{"start":{"line":417,"column":2},"end":{"line":471,"column":5}},"134":{"start":{"line":419,"column":20},"end":{"line":419,"column":49}},"135":{"start":{"line":420,"column":4},"end":{"line":420,"column":46}},"136":{"start":{"line":422,"column":19},"end":{"line":422,"column":48}},"137":{"start":{"line":423,"column":4},"end":{"line":423,"column":39}},"138":{"start":{"line":426,"column":20},"end":{"line":426,"column":51}},"139":{"start":{"line":427,"column":4},"end":{"line":431,"column":5}},"140":{"start":{"line":428,"column":21},"end":{"line":428,"column":49}},"141":{"start":{"line":429,"column":6},"end":{"line":429,"column":47}},"142":{"start":{"line":430,"column":6},"end":{"line":430,"column":33}},"143":{"start":{"line":434,"column":19},"end":{"line":434,"column":72}},"144":{"start":{"line":436,"column":4},"end":{"line":454,"column":5}},"145":{"start":{"line":437,"column":20},"end":{"line":437,"column":48}},"146":{"start":{"line":439,"column":6},"end":{"line":451,"column":9}},"147":{"start":{"line":440,"column":24},"end":{"line":440,"column":56}},"148":{"start":{"line":441,"column":8},"end":{"line":450,"column":9}},"149":{"start":{"line":442,"column":23},"end":{"line":442,"column":51}},"150":{"start":{"line":445,"column":25},"end":{"line":445,"column":54}},"151":{"start":{"line":446,"column":24},"end":{"line":446,"column":79}},"152":{"start":{"line":448,"column":10},"end":{"line":448,"column":51}},"153":{"start":{"line":449,"column":10},"end":{"line":449,"column":34}},"154":{"start":{"line":453,"column":6},"end":{"line":453,"column":32}},"155":{"start":{"line":457,"column":25},"end":{"line":457,"column":57}},"156":{"start":{"line":458,"column":4},"end":{"line":458,"column":57}},"157":{"start":{"line":459,"column":4},"end":{"line":459,"column":51}},"158":{"start":{"line":460,"column":4},"end":{"line":463,"column":7}},"159":{"start":{"line":461,"column":6},"end":{"line":461,"column":37}},"160":{"start":{"line":462,"column":6},"end":{"line":462,"column":32}},"161":{"start":{"line":465,"column":4},"end":{"line":465,"column":37}},"162":{"start":{"line":466,"column":4},"end":{"line":466,"column":32}},"163":{"start":{"line":469,"column":4},"end":{"line":469,"column":52}},"164":{"start":{"line":470,"column":4},"end":{"line":470,"column":34}},"165":{"start":{"line":474,"column":2},"end":{"line":483,"column":5}},"166":{"start":{"line":475,"column":26},"end":{"line":475,"column":70}},"167":{"start":{"line":476,"column":4},"end":{"line":482,"column":5}},"168":{"start":{"line":477,"column":34},"end":{"line":477,"column":72}},"169":{"start":{"line":478,"column":6},"end":{"line":481,"column":7}},"170":{"start":{"line":479,"column":8},"end":{"line":479,"column":52}},"171":{"start":{"line":480,"column":8},"end":{"line":480,"column":40}},"172":{"start":{"line":492,"column":2},"end":{"line":492,"column":56}},"173":{"start":{"line":493,"column":2},"end":{"line":493,"column":45}},"174":{"start":{"line":494,"column":2},"end":{"line":494,"column":45}},"175":{"start":{"line":495,"column":2},"end":{"line":495,"column":44}},"176":{"start":{"line":498,"column":2},"end":{"line":498,"column":35}},"177":{"start":{"line":507,"column":2},"end":{"line":507,"column":64}},"178":{"start":{"line":507,"column":57},"end":{"line":507,"column":64}},"179":{"start":{"line":509,"column":18},"end":{"line":509,"column":49}},"180":{"start":{"line":510,"column":2},"end":{"line":510,"column":40}},"181":{"start":{"line":511,"column":2},"end":{"line":590,"column":4}},"182":{"start":{"line":592,"column":2},"end":{"line":592,"column":37}},"183":{"start":{"line":601,"column":19},"end":{"line":633,"column":4}},"184":{"start":{"line":603,"column":24},"end":{"line":603,"column":29}},"185":{"start":{"line":605,"column":4},"end":{"line":622,"column":7}},"186":{"start":{"line":607,"column":6},"end":{"line":621,"column":7}},"187":{"start":{"line":609,"column":8},"end":{"line":620,"column":11}},"188":{"start":{"line":610,"column":10},"end":{"line":619,"column":11}},"189":{"start":{"line":611,"column":12},"end":{"line":618,"column":13}},"190":{"start":{"line":617,"column":14},"end":{"line":617,"column":35}},"191":{"start":{"line":625,"column":4},"end":{"line":632,"column":5}},"192":{"start":{"line":627,"column":6},"end":{"line":627,"column":33}},"193":{"start":{"line":629,"column":6},"end":{"line":631,"column":7}},"194":{"start":{"line":630,"column":8},"end":{"line":630,"column":37}},"195":{"start":{"line":636,"column":2},"end":{"line":639,"column":5}},"196":{"start":{"line":647,"column":2},"end":{"line":654,"column":3}},"197":{"start":{"line":648,"column":25},"end":{"line":648,"column":75}},"198":{"start":{"line":649,"column":4},"end":{"line":651,"column":5}},"199":{"start":{"line":650,"column":6},"end":{"line":650,"column":58}},"200":{"start":{"line":653,"column":4},"end":{"line":653,"column":74}},"201":{"start":{"line":662,"column":2},"end":{"line":666,"column":3}},"202":{"start":{"line":663,"column":4},"end":{"line":663,"column":79}},"203":{"start":{"line":665,"column":4},"end":{"line":665,"column":72}},"204":{"start":{"line":675,"column":2},"end":{"line":675,"column":31}},"205":{"start":{"line":676,"column":2},"end":{"line":676,"column":23}},"206":{"start":{"line":679,"column":2},"end":{"line":679,"column":87}},"207":{"start":{"line":680,"column":2},"end":{"line":680,"column":79}},"208":{"start":{"line":681,"column":2},"end":{"line":681,"column":76}},"209":{"start":{"line":682,"column":2},"end":{"line":682,"column":73}},"210":{"start":{"line":685,"column":2},"end":{"line":685,"column":25}},"211":{"start":{"line":688,"column":2},"end":{"line":688,"column":79}}},"fnMap":{"0":{"name":"inicializarAcessibilidadeAvancada","decl":{"start":{"line":41,"column":22},"end":{"line":41,"column":55}},"loc":{"start":{"line":41,"column":69},"end":{"line":69,"column":1}},"line":41},"1":{"name":"criarBarraAcessibilidade","decl":{"start":{"line":75,"column":9},"end":{"line":75,"column":33}},"loc":{"start":{"line":75,"column":36},"end":{"line":201,"column":1}},"line":75},"2":{"name":"(anonymous_2)","decl":{"start":{"line":160,"column":26},"end":{"line":160,"column":27}},"loc":{"start":{"line":160,"column":38},"end":{"line":181,"column":3}},"line":160},"3":{"name":"(anonymous_3)","decl":{"start":{"line":168,"column":40},"end":{"line":168,"column":41}},"loc":{"start":{"line":168,"column":46},"end":{"line":172,"column":5}},"line":168},"4":{"name":"(anonymous_4)","decl":{"start":{"line":191,"column":42},"end":{"line":191,"column":43}},"loc":{"start":{"line":191,"column":48},"end":{"line":195,"column":3}},"line":191},"5":{"name":"configurarNavegacaoTeclado","decl":{"start":{"line":207,"column":9},"end":{"line":207,"column":35}},"loc":{"start":{"line":207,"column":38},"end":{"line":241,"column":1}},"line":207},"6":{"name":"(anonymous_6)","decl":{"start":{"line":209,"column":39},"end":{"line":209,"column":40}},"loc":{"start":{"line":209,"column":46},"end":{"line":232,"column":3}},"line":209},"7":{"name":"(anonymous_7)","decl":{"start":{"line":213,"column":17},"end":{"line":213,"column":18}},"loc":{"start":{"line":213,"column":23},"end":{"line":217,"column":7}},"line":213},"8":{"name":"(anonymous_8)","decl":{"start":{"line":236,"column":20},"end":{"line":236,"column":21}},"loc":{"start":{"line":236,"column":32},"end":{"line":240,"column":3}},"line":236},"9":{"name":"destacarElementoAtivo","decl":{"start":{"line":248,"column":9},"end":{"line":248,"column":30}},"loc":{"start":{"line":248,"column":41},"end":{"line":258,"column":1}},"line":248},"10":{"name":"(anonymous_10)","decl":{"start":{"line":250,"column":60},"end":{"line":250,"column":61}},"loc":{"start":{"line":250,"column":65},"end":{"line":252,"column":3}},"line":250},"11":{"name":"ativarModoSimplificado","decl":{"start":{"line":265,"column":9},"end":{"line":265,"column":31}},"loc":{"start":{"line":265,"column":40},"end":{"line":304,"column":1}},"line":265},"12":{"name":"(anonymous_12)","decl":{"start":{"line":273,"column":60},"end":{"line":273,"column":61}},"loc":{"start":{"line":273,"column":73},"end":{"line":296,"column":5}},"line":273},"13":{"name":"alterarContraste","decl":{"start":{"line":311,"column":9},"end":{"line":311,"column":25}},"loc":{"start":{"line":311,"column":36},"end":{"line":327,"column":1}},"line":311},"14":{"name":"alterarTamanhoFonte","decl":{"start":{"line":334,"column":9},"end":{"line":334,"column":28}},"loc":{"start":{"line":334,"column":39},"end":{"line":342,"column":1}},"line":334},"15":{"name":"alternarDestacarFoco","decl":{"start":{"line":349,"column":9},"end":{"line":349,"column":29}},"loc":{"start":{"line":349,"column":40},"end":{"line":361,"column":1}},"line":349},"16":{"name":"(anonymous_16)","decl":{"start":{"line":354,"column":62},"end":{"line":354,"column":63}},"loc":{"start":{"line":354,"column":67},"end":{"line":356,"column":5}},"line":354},"17":{"name":"armazenarEstadoElementos","decl":{"start":{"line":367,"column":9},"end":{"line":367,"column":33}},"loc":{"start":{"line":367,"column":36},"end":{"line":384,"column":1}},"line":367},"18":{"name":"(anonymous_18)","decl":{"start":{"line":369,"column":58},"end":{"line":369,"column":59}},"loc":{"start":{"line":369,"column":80},"end":{"line":374,"column":3}},"line":369},"19":{"name":"(anonymous_19)","decl":{"start":{"line":377,"column":82},"end":{"line":377,"column":83}},"loc":{"start":{"line":377,"column":99},"end":{"line":383,"column":3}},"line":377},"20":{"name":"restaurarEstadoElementos","decl":{"start":{"line":390,"column":9},"end":{"line":390,"column":33}},"loc":{"start":{"line":390,"column":36},"end":{"line":409,"column":1}},"line":390},"21":{"name":"(anonymous_21)","decl":{"start":{"line":392,"column":35},"end":{"line":392,"column":36}},"loc":{"start":{"line":392,"column":46},"end":{"line":400,"column":3}},"line":392},"22":{"name":"(anonymous_22)","decl":{"start":{"line":403,"column":45},"end":{"line":403,"column":46}},"loc":{"start":{"line":403,"column":56},"end":{"line":408,"column":3}},"line":403},"23":{"name":"simplificarElementosComplexos","decl":{"start":{"line":415,"column":9},"end":{"line":415,"column":38}},"loc":{"start":{"line":415,"column":41},"end":{"line":484,"column":1}},"line":415},"24":{"name":"(anonymous_24)","decl":{"start":{"line":417,"column":67},"end":{"line":417,"column":68}},"loc":{"start":{"line":417,"column":79},"end":{"line":471,"column":3}},"line":417},"25":{"name":"(anonymous_25)","decl":{"start":{"line":439,"column":21},"end":{"line":439,"column":22}},"loc":{"start":{"line":439,"column":32},"end":{"line":451,"column":7}},"line":439},"26":{"name":"(anonymous_26)","decl":{"start":{"line":460,"column":43},"end":{"line":460,"column":44}},"loc":{"start":{"line":460,"column":49},"end":{"line":463,"column":5}},"line":460},"27":{"name":"(anonymous_27)","decl":{"start":{"line":474,"column":58},"end":{"line":474,"column":59}},"loc":{"start":{"line":474,"column":72},"end":{"line":483,"column":3}},"line":474},"28":{"name":"aplicarConfiguracoes","decl":{"start":{"line":490,"column":9},"end":{"line":490,"column":29}},"loc":{"start":{"line":490,"column":32},"end":{"line":499,"column":1}},"line":490},"29":{"name":"adicionarEstilosAcessibilidade","decl":{"start":{"line":505,"column":9},"end":{"line":505,"column":39}},"loc":{"start":{"line":505,"column":42},"end":{"line":593,"column":1}},"line":505},"30":{"name":"observarMudancasDom","decl":{"start":{"line":599,"column":9},"end":{"line":599,"column":28}},"loc":{"start":{"line":599,"column":31},"end":{"line":640,"column":1}},"line":599},"31":{"name":"(anonymous_31)","decl":{"start":{"line":601,"column":40},"end":{"line":601,"column":41}},"loc":{"start":{"line":601,"column":55},"end":{"line":633,"column":3}},"line":601},"32":{"name":"(anonymous_32)","decl":{"start":{"line":605,"column":22},"end":{"line":605,"column":23}},"loc":{"start":{"line":605,"column":36},"end":{"line":622,"column":5}},"line":605},"33":{"name":"(anonymous_33)","decl":{"start":{"line":609,"column":36},"end":{"line":609,"column":37}},"loc":{"start":{"line":609,"column":46},"end":{"line":620,"column":9}},"line":609},"34":{"name":"carregarPreferencias","decl":{"start":{"li
[...]
,"/workspaces/limfs/src/utils/loaders/lazyLoader.js": {"path":"/workspaces/limfs/src/utils/loaders/lazyLoader.js","statementMap":{"0":{"start":{"line":22,"column":17},"end":{"line":26,"column":3}},"1":{"start":{"line":29,"column":2},"end":{"line":33,"column":3}},"2":{"start":{"line":30,"column":4},"end":{"line":30,"column":118}},"3":{"start":{"line":31,"column":4},"end":{"line":31,"column":53}},"4":{"start":{"line":32,"column":4},"end":{"line":32,"column":11}},"5":{"start":{"line":36,"column":19},"end":{"line":51,"column":4}},"6":{"start":{"line":37,"column":4},"end":{"line":47,"column":7}},"7":{"start":{"line":38,"column":6},"end":{"line":46,"column":7}},"8":{"start":{"line":39,"column":25},"end":{"line":39,"column":37}},"9":{"start":{"line":42,"column":8},"end":{"line":42,"column":43}},"10":{"start":{"line":45,"column":8},"end":{"line":45,"column":37}},"11":{"start":{"line":54,"column":20},"end":{"line":54,"column":71}},"12":{"start":{"line":57,"column":2},"end":{"line":59,"column":5}},"13":{"start":{"line":58,"column":4},"end":{"line":58,"column":31}},"14":{"start":{"line":61,"column":2},"end":{"line":61,"column":79}},"15":{"start":{"line":70,"column":2},"end":{"line":89,"column":3}},"16":{"start":{"line":72,"column":4},"end":{"line":81,"column":5}},"17":{"start":{"line":73,"column":21},"end":{"line":73,"column":53}},"18":{"start":{"line":74,"column":6},"end":{"line":76,"column":7}},"19":{"start":{"line":75,"column":8},"end":{"line":75,"column":32}},"20":{"start":{"line":79,"column":9},"end":{"line":81,"column":5}},"21":{"start":{"line":80,"column":6},"end":{"line":80,"column":39}},"22":{"start":{"line":84,"column":4},"end":{"line":84,"column":42}},"23":{"start":{"line":87,"column":4},"end":{"line":87,"column":63}},"24":{"start":{"line":88,"column":4},"end":{"line":88,"column":41}},"25":{"start":{"line":98,"column":13},"end":{"line":98,"column":22}},"26":{"start":{"line":99,"column":20},"end":{"line":99,"column":56}},"27":{"start":{"line":102,"column":27},"end":{"line":102,"column":72}},"28":{"start":{"line":103,"column":2},"end":{"line":105,"column":3}},"29":{"start":{"line":104,"column":4},"end":{"line":104,"column":45}},"30":{"start":{"line":108,"column":16},"end":{"line":108,"column":66}},"31":{"start":{"line":109,"column":22},"end":{"line":109,"column":63}},"32":{"start":{"line":110,"column":22},"end":{"line":110,"column":46}},"33":{"start":{"line":112,"column":2},"end":{"line":115,"column":3}},"34":{"start":{"line":113,"column":4},"end":{"line":113,"column":66}},"35":{"start":{"line":114,"column":4},"end":{"line":114,"column":11}},"36":{"start":{"line":118,"column":2},"end":{"line":151,"column":7}},"37":{"start":{"line":120,"column":6},"end":{"line":122,"column":7}},"38":{"start":{"line":121,"column":8},"end":{"line":121,"column":48}},"39":{"start":{"line":125,"column":6},"end":{"line":143,"column":7}},"40":{"start":{"line":127,"column":10},"end":{"line":131,"column":13}},"41":{"start":{"line":132,"column":10},"end":{"line":132,"column":16}},"42":{"start":{"line":134,"column":32},"end":{"line":134,"column":89}},"43":{"start":{"line":135,"column":33},"end":{"line":135,"column":89}},"44":{"start":{"line":136,"column":10},"end":{"line":139,"column":13}},"45":{"start":{"line":140,"column":10},"end":{"line":140,"column":16}},"46":{"start":{"line":142,"column":10},"end":{"line":142,"column":72}},"47":{"start":{"line":146,"column":6},"end":{"line":146,"column":74}},"48":{"start":{"line":147,"column":6},"end":{"line":149,"column":7}},"49":{"start":{"line":148,"column":8},"end":{"line":148,"column":48}},"50":{"start":{"line":150,"column":6},"end":{"line":150,"column":51}},"51":{"start":{"line":160,"column":16},"end":{"line":160,"column":44}},"52":{"start":{"line":161,"column":22},"end":{"line":161,"column":44}},"53":{"start":{"line":163,"column":2},"end":{"line":166,"column":3}},"54":{"start":{"line":164,"column":4},"end":{"line":164,"column":71}},"55":{"start":{"line":165,"column":4},"end":{"line":165,"column":11}},"56":{"start":{"line":169,"column":27},"end":{"line":169,"column":67}},"57":{"start":{"line":170,"column":2},"end":{"line":172,"column":3}},"58":{"start":{"line":171,"column":4},"end":{"line":171,"column":45}},"59":{"start":{"line":175,"column":2},"end":{"line":235,"column":7}},"60":{"start":{"line":177,"column":6},"end":{"line":179,"column":7}},"61":{"start":{"line":178,"column":8},"end":{"line":178,"column":48}},"62":{"start":{"line":181,"column":24},"end":{"line":181,"column":56}},"63":{"start":{"line":182,"column":6},"end":{"line":184,"column":7}},"64":{"start":{"line":183,"column":8},"end":{"line":183,"column":93}},"65":{"start":{"line":187,"column":27},"end":{"line":187,"column":62}},"66":{"start":{"line":188,"column":31},"end":{"line":188,"column":63}},"67":{"start":{"line":190,"column":6},"end":{"line":192,"column":7}},"68":{"start":{"line":191,"column":8},"end":{"line":191,"column":79}},"69":{"start":{"line":194,"column":6},"end":{"line":214,"column":7}},"70":{"start":{"line":195,"column":26},"end":{"line":195,"column":58}},"71":{"start":{"line":196,"column":20},"end":{"line":196,"column":22}},"72":{"start":{"line":197,"column":24},"end":{"line":197,"column":26}},"73":{"start":{"line":199,"column":8},"end":{"line":211,"column":9}},"74":{"start":{"line":201,"column":12},"end":{"line":201,"column":76}},"75":{"start":{"line":202,"column":12},"end":{"line":202,"column":41}},"76":{"start":{"line":203,"column":12},"end":{"line":203,"column":18}},"77":{"start":{"line":205,"column":12},"end":{"line":205,"column":76}},"78":{"start":{"line":206,"column":12},"end":{"line":206,"column":35}},"79":{"start":{"line":207,"column":12},"end":{"line":207,"column":18}},"80":{"start":{"line":209,"column":12},"end":{"line":209,"column":72}},"81":{"start":{"line":210,"column":12},"end":{"line":210,"column":34}},"82":{"start":{"line":213,"column":8},"end":{"line":213,"column":61}},"83":{"start":{"line":217,"column":26},"end":{"line":217,"column":54}},"84":{"start":{"line":218,"column":6},"end":{"line":227,"column":7}},"85":{"start":{"line":219,"column":8},"end":{"line":226,"column":11}},"86":{"start":{"line":230,"column":6},"end":{"line":230,"column":85}},"87":{"start":{"line":231,"column":6},"end":{"line":233,"column":7}},"88":{"start":{"line":232,"column":8},"end":{"line":232,"column":48}},"89":{"start":{"line":234,"column":6},"end":{"line":234,"column":46}},"90":{"start":{"line":244,"column":20},"end":{"line":244,"column":64}},"91":{"start":{"line":245,"column":2},"end":{"line":247,"column":5}},"92":{"start":{"line":246,"column":4},"end":{"line":246,"column":39}}},"fnMap":{"0":{"name":"inicializarLazyLoading","decl":{"start":{"line":20,"column":16},"end":{"line":20,"column":38}},"loc":{"start":{"line":20,"column":52},"end":{"line":62,"column":1}},"line":20},"1":{"name":"(anonymous_1)","decl":{"start":{"line":36,"column":44},"end":{"line":36,"column":45}},"loc":{"start":{"line":36,"column":57},"end":{"line":48,"column":3}},"line":36},"2":{"name":"(anonymous_2)","decl":{"start":{"line":37,"column":20},"end":{"line":37,"column":21}},"loc":{"start":{"line":37,"column":29},"end":{"line":47,"column":5}},"line":37},"3":{"name":"(anonymous_3)","decl":{"start":{"line":57,"column":20},"end":{"line":57,"column":21}},"loc":{"start":{"line":57,"column":32},"end":{"line":59,"column":3}},"line":57},"4":{"name":"processarElementoVisivel","decl":{"start":{"line":69,"column":9},"end":{"line":69,"column":33}},"loc":{"start":{"line":69,"column":44},"end":{"line":90,"column":1}},"line":69},"5":{"name":"carregarGrafico","decl":{"start":{"line":97,"column":9},"end":{"line":97,"column":24}},"loc":{"start":{"line":97,"column":33},"end":{"line":152,"column":1}},"line":97},"6":{"name":"(anonymous_6)","decl":{"start":{"line":119,"column":10},"end":{"line":119,"column":11}},"loc":{"start":{"line":119,"column":19},"end":{"line":144,"column":5}},"line":119},"7":{"name":"(anonymous_7)","decl":{"start":{"line":145,"column":11},"end":{"line":145,"column":12}},"loc":{"start":{"line":145,"column":19},"end":{"line":151,"column":5}},"line":145},"8":{"name":"carregarDadosIndicador","decl":{"start":{"line":159,"column":9},"end":{"line":159,"column":31}},"loc":{"start":{"line":159,"column":38},"end":{"line":236,"column":1}},"line":159},"9":{"name":"(anonymous_9)","decl":{"start":{"line":176,"column":10},"end":{"line":176,"column":11}},"loc":{"start":{"line":176,"column":19},"end":{"line":228,"column":5}},"line":176},"10":{"name":"(anonymous_10)","decl":{"start":{"line":229,"column":11},"end":{"line":229,"column":12}},"loc":{"start":{"line":229,"column":19},"end":{"line":235,"column":5}},"line":229},"11":{"name":"carregarTodosElementos","decl":{"start":{"line":243,"column":9},"end":{"line":243,"column":31}},"loc":{"start":{"line":243,"column":51},"end":{"line":248,"column":1}},"line":243},"12":{"name":"(anonymous_12)","decl":{"start":{"line":245,"column":20},"end":{"line":245,"column":21}},"loc":{"start":{"line":245,"column":32},"end":{"line":247,"column":3}},"line":245}},"branchMap":{"0":{"loc":{"start":{"line":20,"column":39},"end":{"line":20,"column":50}},"type":"default-arg","locations":[{"start":{"line":20,"column":48},"end":{"line":20,"column":50}}],"line":20},"1":{"loc":{"start":{"line":23,"column":23},"end":{"line":23,"column":88}},"type":"binary-expr","locations":[{"start":{"line":23,"column":23},"end":{"line":23,"column":47}},{"start":{"line":23,"column":51},"end":{"line":23,"column":88}}],"line":23},"2":{"loc":{"start":{"line":24,"column":15},"end":{"line":24,"column":38}},"type":"binary-expr","locations":[{"start":{"line":24,"column":15},"end":{"line":24,"column":31}},{"start":{"line":24,"column":35},"end":{"line":24,"column":38}}],"line":24},"3":{"loc":{"start":{"line":25,"column":16},"end":{"line":25,"column":44}},"type":"binary-expr","locations":[{"start":{"line":25,"column":16},"end":{"line":25,"column":33}},{"start":{"line":25,"column":37},"end":{"line":25,"column":44}}],"line":25},"4":{"loc":{"start":{"line":29,"column":2},"end":{"line":33,"column":3}},"type":"if","locations":[{"start":{"line":29,"column":2},"end":{"line":33,"column":3}},{"start":{},"end":{}}],"line":29},"5":{"loc":{"start":{"line":38,"column":6},"end":{"line":46,"column":7}},"type":"if","locations":[{"start":{"line":38,"column":6},"end":{"line":46,"column":7}},{"start":{},"end":{}}],"line":38},"6":{"loc":{"start":{"line":72,"column":4},"end":{"line":81,"column":5}},"type":"if","locations":[{"start":{"line":72,"column":4},"end":{"line":81,"column":5}},{"start":{"line":79,"column":9},"end":{"line":81,"column":5}}],"line":72},"7":{"loc":{"start":{"line":74,"column":6},"end":{"line":76,"column":7}},"type":"if","locations":[{"start":{"line":74,"column":6},"end":{"line":76,"column":7}},{"start":{},"end":{}}],"line":74},"8":{"loc":{"start":{"line":79,"column":9},"end":{"line":81,"column":5}},"type":"if","locations":[{"start":{"line":79,"column":9},"end":{"line":81,"column":5}},{"start":{},"end":{}}],"line":79},"9":{"loc":{"start":{"line":103,"column":2},"end":{"line":105,"column":3}},"type":"if","locations":[{"start":{"line":103,"column":2},"end":{"line":105,"column":3}},{"start":{},"end":{}}],"line":103},"10":{"loc":{"start":{"line":108,"column":16},"end":{"line":108,"column":66}},"type":"binary-expr","locations":[{"start":{"line":108,"column":16},"end":{"line":108,"column":44}},{"start":{"line":108,"column":48},"end":{"line":108,"column":66}}],"line":108},"11":{"loc":{"start":{"line":109,"column":22},"end":{"line":109,"column":63}},"type":"binary-expr","locations":[{"start":{"line":109,"column":22},"end":{"line":109,"column":48}},{"start":{"line":109,"column":52},"end":{"line":109,"column":63}}],"line":109},"12":{"loc":{"start":{"line":112,"column":2},"end":{"line":115,"column":3}},"type":"if","locations":[{"start":{"line":112,"column":2},"end":{"line":115,"column":3}},{"start":{},"end":{}}],"line":112},"13":{"loc":{"start":{"line":120,"column":6},"end":{"line":122,"column":7}},"type":"if","locations":[{"start":{"line":120,"column":6},"end":{"line":122,"column":7}},{"start":{},"end":{}}],"line":120},"14":{"loc":{"start":{"line":125,"column":6},"end":{"line":143,"column":7}},"type":"switch","locations":[{"start":{"line":126,"column":8},"end":{"line":132,"column":16}},{"start":{"line":133,"column":8},"end":{"line":140,"column":16}},{"start":{"line":141,"column":8},"end":{"line":142,"column":72}}],"line":125},"15":{"loc":{"start":{"line":129,"column":20},"end":{"line":129,"column":64}},"type":"binary-expr","locations":[{"start":{"line":129,"column":20},"end":{"line":129,"column":40}},{"start":{"line":129,"column":44},"end":{"line":129,"column":64}}],"line":129},"16":{"loc":{"start":{"line":134,"column":32},"end":{"line":134,"column":89}},"type":"binary-expr","locations":[{"start":{"line":134,"column":32},"end":{"line":134,"column":48}},{"start":{"line":134,"column":52},"end":{"line":134,"column":89}}],"line":134},"17":{"loc":{"start":{"line":134,"column":64},"end":{"line":134,"column":88}},"type":"binary-expr","locations":[{"start":{"line":134,"column":64},"end":{"line":134,"column":82}},{"start":{"line":134,"column":86},"end":{"line":134,"column":88}}],"line":134},"18":{"loc":{"start":{"line":135,"column":33},"end":{"line":135,"column":89}},"type":"binary-expr","locations":[{"start":{"line":135,"column":33},"end":{"line":135,"column":46}},{"start":{"line":135,"column":50},"end":{"line":135,"column":89}}],"line":135},"19":{"loc":{"start":{"line":135,"column":64},"end":{"line":135,"column":88}},"type":"binary-expr","locations":[{"start":{"line":135,"column":64},"end":{"line":135,"column":82}},{"start":{"line":135,"column":86},"end":{"line":135,"column":88}}],"line":135},"20":{"loc":{"start":{"line":147,"column":6},"end":{"line":149,"column":7}},"type":"if","locations":[{"start":{"line":147,"column":6},"end":{"line":149,"column":7}},{"start":{},"end":{}}],"line":147},"21":{"loc":{"start":{"line":163,"column":2},"end":{"line":166,"column":3}},"type":"if","locations":[{"start":{"line":163,"column":2},"end":{"line":166,"column":3}},{"start":{},"end":{}}],"line":163},"22":{"loc":{"start":{"line":163,"column":6},"end":{"line":163,"column":28}},"type":"binary-expr","locations":[{"start":{"line":163,"column":6},"end":{"line":163,"column":12}},{"start":{"line":163,"column":16},"end":{"line":163,"column":28}}],"line":163},"23":{"loc":{"start":{"line":170,"column":2},"end":{"line":172,"column":3}},"type":"if","locations":[{"start":{"line":170,"column":2},"end":{"line":172,"column":3}},{"start":{},"end":{}}],"line":170},"24":{"loc":{"start":{"line":177,"column":6},"end":{"line":179,"column":7}},"type":"if","locations":[{"start":{"line":177,"column":6},"end":{"line":179,"column":7}},{"start":{},"end":{}}],"line":177},"25":{"loc":{"start":{"line":182,"column":6},"end":{"line":184,"column":7}},"type":"if","locations":[{"start":{"line":182,"column":6},"end":{"line":184,"column":7}},{"start":{},"end":{}}],"line":182},"26":{"loc":{"start":{"line":190,"column":6},"end":{"line":192,"column":7}},"type":"if","locations":[{"start":{"line":190,"column":6},"end":{"line":192,"column":7}},{"start":{},"end":{}}],"line":190},"27":{"loc":{"start":{"line":191,"column":54},"end":{"line":191,"column":77}},"type":"binary-expr","locations":[{"start":{"line":191,"column":54},"end":{"line":191,"column":71}},{"start":{"line":191,"column":75},"end":{"line":191,"column":77}}],"line":191},"28":{"loc":{"start":{"line":194,"column":6},"end":{"line":214,"column":7}},"type":"if","locations":[{"start":{"line":194,"column":6},"end":{"line":214,"column":7}},{"start":{},"end":{}}],"line":194},"29":{"loc":{"start":{"line":195,"column":26},"end":{"line":195,"column":58}},"type":"binary-expr","locations":[{"start":{"line":195,"column":26},"end":{"line":195,"column":45}},{"start":{"line":195,"column":49},"end":{"line":195,"column":58}}],"line":195},"30":{"loc":{"start":{"line":199,"column":8},"end":{"line":211,"column":9}},"type":"switch","locations":[{"start":{"line":200,"column":10},"end":{"line":203,"column":18}},{"start":{"line":204,"column":10},"end":{"line":207,"column":18}},{"start":{"line":208,"column":10},"end":{"line":210,"column":34}}],"line":199},"31":{"loc":{"start":{"line":218,"column":6},"end":{"line":227,"column":7}},"type":"if","locations":[{"start":{"line":218,"column":6},"end":{"line":227,"column":7}},{"start":{},"end":{}}],"line":218},"32":{"loc":{"start":{"line":218,"column":10},"end":{"line":218,"column":51}},"type":"binary-expr","locations":[{"start":{"line":218,"column":10},"end":{"line":218,"column":21}},{"start":{"line":218,"column":25},"end":{"line":218,"column":51}}],"line":218},"33":{"loc":{"start":{"line":220,"column":23},"end":{"line":220,"column":58}},"type":"binary-expr","locations":[{"start":{"line":220,"column":23},"end":{"line":220,"column":36}},{"start":{"line":220,"column":40},"end":{"line":220,"column":58}}],"line":220},"34":{"loc":{"start":{"line":231,"column":6},"end":{"line":233,"column":7}},"type":"if","locations":[{"start":{"line":231,"column":6},"end":{"line":233,"column":7}},{"start":{},"end":{}}],"line":231}},"s":{"0":0,"1":0,"2":0,"3":0,"4":0,"5":0,"6":0,"7":0,"8":0,"9":0,"10":0,"11":0,"12":0,"13":0,"14":0,"15":0,"16":0,"17":0,"18":0,"19":0,"20":0,"21":0,"22":0,"23":0,"24":0,"25":0,"26":0,"27":0,"28":0,"29":0,"30":0,"31":0,"32":0,"33":0,"34":0,"35":0,"36":0,"37":0,"38":0,"39":0,"40":0,"41":0,"42":0,"43":0,"44":0,"45":0,"46":0,"47":0,"48":0,"49":0,"50":0,"51":0,"52":0,"53":0,"54":0,"55":0,"56":0,"57":0,"58":0,"59":0,"60":0,"61":0,"62":0,"63":0,"64":0,"65":0,"66":0,"67":0,"68":0,"69":0,"70":0,"71":0,"72":0,"73":0,"74":0,"75":0,"76":0,"77":0,"78":0,"79":0,"80":0,"81":0,"82":0,"83":0,"84":0,"85":0,"86":0,"87":0,"88":0,"89":0,"90":0,"91":0,"92":0},"f":{"0":0,"1":0,"2":0,"3":0,"4":0,"5":0,"6":0,"7":0,"8":0,"9":0,"10":0,"11":0,"12":0},"b":{"0":[0],"1":[0,0],"2":[0,0],"3":[0,0],"4":[0,0],"5":[0,0],"6":[0,0],"7":[0,0],"8":[0,0],"9":[0,0],"10":[0,0],"11":[0,0],"12":[0,0],"13":[0,0],"14":[0,0,0],"15":[0,0],"16":[0,0],"17":[0,0],"18":[0,0],"19":[0,0],"20":[0,0],"21":[0,0],"22":[0,0],"23":[0,0],"24":[0,0],"25":[0,0],"26":[0,0],"27":[0,0],"28":[0,0],"29":[0,0],"30":[0,0,0],"31":[0,0],"32":[0,0],"33":[0,0],"34":[0,0]}}
}
