{"/workspaces/limfs/js/painel-ods.js": {"path":"/workspaces/limfs/js/painel-ods.js","statementMap":{"0":{"start":{"line":7,"column":19},"end":{"line":12,"column":1}},"1":{"start":{"line":15,"column":25},"end":{"line":68,"column":1}},"2":{"start":{"line":71,"column":18},"end":{"line":102,"column":1}},"3":{"start":{"line":105,"column":17},"end":{"line":112,"column":1}},"4":{"start":{"line":115,"column":20},"end":{"line":170,"column":1}},"5":{"start":{"line":179,"column":4},"end":{"line":218,"column":5}},"6":{"start":{"line":180,"column":20},"end":{"line":180,"column":74}},"7":{"start":{"line":181,"column":23},"end":{"line":181,"column":62}},"8":{"start":{"line":183,"column":8},"end":{"line":186,"column":9}},"9":{"start":{"line":184,"column":12},"end":{"line":184,"column":92}},"10":{"start":{"line":185,"column":12},"end":{"line":185,"column":24}},"11":{"start":{"line":188,"column":33},"end":{"line":188,"column":54}},"12":{"start":{"line":190,"column":8},"end":{"line":193,"column":9}},"13":{"start":{"line":191,"column":12},"end":{"line":191,"column":81}},"14":{"start":{"line":192,"column":12},"end":{"line":192,"column":24}},"15":{"start":{"line":195,"column":34},"end":{"line":195,"column":122}},"16":{"start":{"line":196,"column":8},"end":{"line":205,"column":9}},"17":{"start":{"line":197,"column":26},"end":{"line":197,"column":36}},"18":{"start":{"line":198,"column":34},"end":{"line":198,"column":97}},"19":{"start":{"line":199,"column":12},"end":{"line":201,"column":13}},"20":{"start":{"line":200,"column":16},"end":{"line":200,"column":87}},"21":{"start":{"line":202,"column":12},"end":{"line":202,"column":130}},"22":{"start":{"line":204,"column":12},"end":{"line":204,"column":114}},"23":{"start":{"line":207,"column":8},"end":{"line":213,"column":10}},"24":{"start":{"line":216,"column":8},"end":{"line":216,"column":92}},"25":{"start":{"line":217,"column":8},"end":{"line":217,"column":20}},"26":{"start":{"line":227,"column":2},"end":{"line":231,"column":3}},"27":{"start":{"line":228,"column":4},"end":{"line":228,"column":55}},"28":{"start":{"line":230,"column":4},"end":{"line":230,"column":70}},"29":{"start":{"line":240,"column":2},"end":{"line":250,"column":3}},"30":{"start":{"line":241,"column":17},"end":{"line":241,"column":44}},"31":{"start":{"line":242,"column":4},"end":{"line":244,"column":5}},"32":{"start":{"line":243,"column":8},"end":{"line":243,"column":32}},"33":{"start":{"line":245,"column":4},"end":{"line":245,"column":16}},"34":{"start":{"line":247,"column":4},"end":{"line":247,"column":67}},"35":{"start":{"line":248,"column":4},"end":{"line":248,"column":35}},"36":{"start":{"line":249,"column":4},"end":{"line":249,"column":16}},"37":{"start":{"line":262,"column":4},"end":{"line":273,"column":5}},"38":{"start":{"line":263,"column":26},"end":{"line":263,"column":43}},"39":{"start":{"line":264,"column":25},"end":{"line":264,"column":57}},"40":{"start":{"line":265,"column":23},"end":{"line":265,"column":37}},"41":{"start":{"line":267,"column":8},"end":{"line":272,"column":9}},"42":{"start":{"line":268,"column":12},"end":{"line":271,"column":14}},"43":{"start":{"line":275,"column":4},"end":{"line":287,"column":5}},"44":{"start":{"line":276,"column":26},"end":{"line":276,"column":76}},"45":{"start":{"line":277,"column":7},"end":{"line":286,"column":8}},"46":{"start":{"line":278,"column":29},"end":{"line":278,"column":58}},"47":{"start":{"line":279,"column":28},"end":{"line":279,"column":49}},"48":{"start":{"line":280,"column":11},"end":{"line":285,"column":12}},"49":{"start":{"line":281,"column":15},"end":{"line":284,"column":17}},"50":{"start":{"line":289,"column":4},"end":{"line":301,"column":5}},"51":{"start":{"line":290,"column":19},"end":{"line":290,"column":37}},"52":{"start":{"line":291,"column":7},"end":{"line":300,"column":8}},"53":{"start":{"line":292,"column":29},"end":{"line":292,"column":51}},"54":{"start":{"line":293,"column":28},"end":{"line":293,"column":42}},"55":{"start":{"line":294,"column":12},"end":{"line":299,"column":12}},"56":{"start":{"line":295,"column":15},"end":{"line":298,"column":17}},"57":{"start":{"line":303,"column":4},"end":{"line":306,"column":5}},"58":{"start":{"line":304,"column":8},"end":{"line":304,"column":96}},"59":{"start":{"line":305,"column":8},"end":{"line":305,"column":20}},"60":{"start":{"line":308,"column":4},"end":{"line":308,"column":153}},"61":{"start":{"line":309,"column":4},"end":{"line":309,"column":16}},"62":{"start":{"line":325,"column":32},"end":{"line":325,"column":61}},"63":{"start":{"line":328,"column":4},"end":{"line":333,"column":5}},"64":{"start":{"line":329,"column":8},"end":{"line":329,"column":125}},"65":{"start":{"line":331,"column":8},"end":{"line":331,"column":92}},"66":{"start":{"line":332,"column":8},"end":{"line":332,"column":66}},"67":{"start":{"line":335,"column":4},"end":{"line":338,"column":5}},"68":{"start":{"line":336,"column":8},"end":{"line":336,"column":164}},"69":{"start":{"line":337,"column":8},"end":{"line":337,"column":20}},"70":{"start":{"line":340,"column":4},"end":{"line":378,"column":5}},"71":{"start":{"line":341,"column":25},"end":{"line":341,"column":26}},"72":{"start":{"line":342,"column":8},"end":{"line":377,"column":9}},"73":{"start":{"line":343,"column":12},"end":{"line":343,"column":25}},"74":{"start":{"line":344,"column":12},"end":{"line":376,"column":13}},"75":{"start":{"line":345,"column":16},"end":{"line":345,"column":100}},"76":{"start":{"line":346,"column":33},"end":{"line":348,"column":18}},"77":{"start":{"line":350,"column":16},"end":{"line":352,"column":17}},"78":{"start":{"line":351,"column":20},"end":{"line":351,"column":65}},"79":{"start":{"line":354,"column":30},"end":{"line":354,"column":51}},"80":{"start":{"line":355,"column":34},"end":{"line":355,"column":67}},"81":{"start":{"line":357,"column":16},"end":{"line":364,"column":17}},"82":{"start":{"line":358,"column":20},"end":{"line":358,"column":67}},"83":{"start":{"line":359,"column":20},"end":{"line":359,"column":78}},"84":{"start":{"line":360,"column":20},"end":{"line":360,"column":37}},"85":{"start":{"line":362,"column":20},"end":{"line":362,"column":96}},"86":{"start":{"line":363,"column":20},"end":{"line":363,"column":26}},"87":{"start":{"line":367,"column":16},"end":{"line":367,"column":109}},"88":{"start":{"line":369,"column":16},"end":{"line":371,"column":17}},"89":{"start":{"line":370,"column":20},"end":{"line":370,"column":26}},"90":{"start":{"line":373,"column":30},"end":{"line":373,"column":72}},"91":{"start":{"line":374,"column":16},"end":{"line":374,"column":83}},"92":{"start":{"line":375,"column":16},"end":{"line":375,"column":73}},"93":{"start":{"line":375,"column":45},"end":{"line":375,"column":71}},"94":{"start":{"line":380,"column":4},"end":{"line":380,"column":70}},"95":{"start":{"line":381,"column":4},"end":{"line":381,"column":34}},"96":{"start":{"line":383,"column":31},"end":{"line":383,"column":32}},"97":{"start":{"line":384,"column":4},"end":{"line":388,"column":5}},"98":{"start":{"line":385,"column":30},"end":{"line":385,"column":43}},"99":{"start":{"line":386,"column":8},"end":{"line":386,"column":75}},"100":{"start":{"line":387,"column":8},"end":{"line":387,"column":141}},"101":{"start":{"line":390,"column":4},"end":{"line":394,"column":5}},"102":{"start":{"line":391,"column":8},"end":{"line":391,"column":90}},"103":{"start":{"line":393,"column":8},"end":{"line":393,"column":84}},"104":{"start":{"line":396,"column":4},"end":{"line":396,"column":89}},"105":{"start":{"line":397,"column":4},"end":{"line":397,"column":16}},"106":{"start":{"line":410,"column":28},"end":{"line":410,"column":53}},"107":{"start":{"line":412,"column":23},"end":{"line":412,"column":59}},"108":{"start":{"line":413,"column":4},"end":{"line":422,"column":5}},"109":{"start":{"line":414,"column":22},"end":{"line":414,"column":32}},"110":{"start":{"line":415,"column":32},"end":{"line":415,"column":50}},"111":{"start":{"line":416,"column":8},"end":{"line":421,"column":9}},"112":{"start":{"line":417,"column":12},"end":{"line":417,"column":74}},"113":{"start":{"line":418,"column":12},"end":{"line":418,"column":37}},"114":{"start":{"line":420,"column":12},"end":{"line":420,"column":83}},"115":{"start":{"line":424,"column":29},"end":{"line":424,"column":69}},"116":{"start":{"line":425,"column":4},"end":{"line":429,"column":5}},"117":{"start":{"line":426,"column":8},"end":{"line":426,"column":48}},"118":{"start":{"line":427,"column":8},"end":{"line":427,"column":63}},"119":{"start":{"line":428,"column":8},"end":{"line":428,"column":32}},"120":{"start":{"line":431,"column":4},"end":{"line":431,"column":109}},"121":{"start":{"line":432,"column":26},"end":{"line":432,"column":53}},"122":{"start":{"line":433,"column":4},"end":{"line":433,"column":77}},"123":{"start":{"line":434,"column":4},"end":{"line":434,"column":25}},"124":{"start":{"line":443,"column":28},"end":{"line":443,"column":54}},"125":{"start":{"line":444,"column":28},"end":{"line":446,"column":38}},"126":{"start":{"line":448,"column":4},"end":{"line":448,"column":105}},"127":{"start":{"line":450,"column":4},"end":{"line":455,"column":6}},"128":{"start":{"line":465,"column":22},"end":{"line":465,"column":59}},"129":{"start":{"line":466,"column":4},"end":{"line":469,"column":5}},"130":{"start":{"line":467,"column":8},"end":{"line":467,"column":75}},"131":{"start":{"line":468,"column":8},"end":{"line":468,"column":15}},"132":{"start":{"line":471,"column":30},"end":{"line":471,"column":76}},"133":{"start":{"line":472,"column":4},"end":{"line":475,"column":5}},"134":{"start":{"line":473,"column":8},"end":{"line":473,"column":90}},"135":{"start":{"line":474,"column":8},"end":{"line":474,"column":15}},"136":{"start":{"line":477,"column":4},"end":{"line":477,"column":37}},"137":{"start":{"line":478,"column":4},"end":{"line":478,"column":53}},"138":{"start":{"line":479,"column":4},"end":{"line":479,"column":48}},"139":{"start":{"line":482,"column":23},"end":{"line":482,"column":71}},"140":{"start":{"line":483,"column":4},"end":{"line":493,"column":5}},"141":{"start":{"line":484,"column":8},"end":{"line":484,"column":32}},"142":{"start":{"line":485,"column":8},"end":{"line":485,"column":69}},"143":{"start":{"line":486,"column":11},"end":{"line":493,"column":5}},"144":{"start":{"line":487,"column":8},"end":{"line":487,"column":31}},"145":{"start":{"line":488,"column":9},"end":{"line":488,"column":47}},"146":{"start":{"line":490,"column":8},"end":{"line":492,"column":34}},"147":{"start":{"line":495,"column":25},"end":{"line":495,"column":54}},"148":{"start":{"line":496,"column":4},"end":{"line":496,"column":47}},"149":{"start":{"line":497,"column":4},"end":{"line":497,"column":46}},"150":{"start":{"line":498,"column":4},"end":{"line":498,"column":60}},"151":{"start":{"line":499,"column":4},"end":{"line":499,"column":47}},"152":{"start":{"line":500,"column":4},"end":{"line":500,"column":48}},"153":{"start":{"line":501,"column":4},"end":{"line":501,"column":83}},"154":{"start":{"line":503,"column":25},"end":{"line":503,"column":54}},"155":{"start":{"line":504,"column":4},"end":{"line":504,"column":47}},"156":{"start":{"line":505,"column":20},"end":{"line":505,"column":78}},"157":{"start":{"line":506,"column":4},"end":{"line":506,"column":79}},"158":{"start":{"line":508,"column":28},"end":{"line":508,"column":57}},"159":{"start":{"line":509,"column":4},"end":{"line":509,"column":63}},"160":{"start":{"line":510,"column":4},"end":{"line":510,"column":53}},"161":{"start":{"line":512,"column":25},"end":{"line":512,"column":54}},"162":{"start":{"line":513,"column":4},"end":{"line":513,"column":53}},"163":{"start":{"line":514,"column":4},"end":{"line":514,"column":82}},"164":{"start":{"line":516,"column":4},"end":{"line":516,"column":48}},"165":{"start":{"line":517,"column":4},"end":{"line":517,"column":48}},"166":{"start":{"line":518,"column":4},"end":{"line":518,"column":51}},"167":{"start":{"line":519,"column":4},"end":{"line":519,"column":48}},"168":{"start":{"line":521,"column":4},"end":{"line":576,"column":5}},"169":{"start":{"line":522,"column":32},"end":{"line":522,"column":61}},"170":{"start":{"line":523,"column":8},"end":{"line":523,"column":53}},"171":{"start":{"line":524,"column":31},"end":{"line":524,"column":77}},"172":{"start":{"line":525,"column":8},"end":{"line":531,"column":9}},"173":{"start":{"line":526,"column":13},"end":{"line":526,"column":60}},"174":{"start":{"line":527,"column":15},"end":{"line":531,"column":9}},"175":{"start":{"line":528,"column":13},"end":{"line":528,"column":84}},"176":{"start":{"line":530,"column":13},"end":{"line":530,"column":75}},"177":{"start":{"line":533,"column":8},"end":{"line":542,"column":10}},"178":{"start":{"line":543,"column":8},"end":{"line":543,"column":70}},"179":{"start":{"line":545,"column":28},"end":{"line":545,"column":74}},"180":{"start":{"line":546,"column":8},"end":{"line":575,"column":9}},"181":{"start":{"line":547,"column":12},"end":{"line":574,"column":15}},"182":{"start":{"line":548,"column":16},"end":{"line":548,"column":35}},"183":{"start":{"line":549,"column":33},"end":{"line":549,"column":74}},"184":{"start":{"line":550,"column":16},"end":{"line":550,"column":38}},"185":{"start":{"line":550,"column":31},"end":{"line":550,"column":38}},"186":{"start":{"line":552,"column":16},"end":{"line":552,"column":66}},"187":{"start":{"line":554,"column":16},"end":{"line":554,"column":67}},"188":{"start":{"line":555,"column":16},"end":{"line":555,"column":73}},"189":{"start":{"line":557,"column":16},"end":{"line":557,"column":105}},"190":{"start":{"line":558,"column":16},"end":{"line":558,"column":63}},"191":{"start":{"line":559,"column":16},"end":{"line":559,"column":62}},"192":{"start":{"line":561,"column":16},"end":{"line":573,"column":17}},"193":{"start":{"line":562,"column":39},"end":{"line":562,"column":69}},"194":{"start":{"line":563,"column":20},"end":{"line":566,"column":22}},"195":{"start":{"line":564,"column":48},"end":{"line":564,"column":73}},"196":{"start":{"line":568,"column":20},"end":{"line":568,"column":77}},"197":{"start":{"line":569,"column":21},"end":{"line":572,"column":22}},"198":{"start":{"line":570,"column":48},"end":{"line":570,"column":73}},"199":{"start":{"line":578,"column":26},"end":{"line":578,"column":58}},"200":{"start":{"line":579,"column":4},"end":{"line":579,"column":57}},"201":{"start":{"line":580,"column":4},"end":{"line":580,"column":87}},"202":{"start":{"line":581,"column":4},"end":{"line":581,"column":101}},"203":{"start":{"line":582,"column":4},"end":{"line":582,"column":65}},"204":{"start":{"line":583,"column":4},"end":{"line":588,"column":7}},"205":{"start":{"line":584,"column":23},"end":{"line":586,"column":10}},"206":{"start":{"line":587,"column":8},"end":{"line":587,"column":37}},"207":{"start":{"line":589,"column":4},"end":{"line":589,"column":49}},"208":{"start":{"line":591,"column":4},"end":{"line":606,"column":5}},"209":{"start":{"line":592,"column":8},"end":{"line":600,"column":9}},"210":{"start":{"line":593,"column":12},"end":{"line":593,"column":76}},"211":{"start":{"line":595,"column":12},"end":{"line":595,"column":86}},"212":{"start":{"line":596,"column":37},"end":{"line":596,"column":82}},"213":{"start":{"line":597,"column":12},"end":{"line":599,"column":13}},"214":{"start":{"line":598,"column":16},"end":{"line":598,"column":98}},"215":{"start":{"line":602,"column":34},"end":{"line":602,"column":79}},"216":{"start":{"line":603,"column":24},"end":{"line":603,"column":65}},"217":{"start":{"line":604,"column":9},"end":{"line":604,"column":37}},"218":{"start":{"line":604,"column":21},"end":{"line":604,"column":37}},"219":{"start":{"line":605,"column":9},"end":{"line":605,"column":112}},"220":{"start":{"line":605,"column":31},"end":{"line":605,"column":112}},"221":{"start":{"line":608,"column":4},"end":{"line":623,"column":5}},"222":{"start":{"line":609,"column":8},"end":{"line":620,"column":11}},"223":{"start":{"line":615,"column":28},"end":{"line":615,"column":41}},"224":{"start":{"line":621,"column":11},"end":{"line":623,"column":5}},"225":{"start":{"line":622,"column":8},"end":{"line":622,"column":74}},"226":{"start":{"line":632,"column":28},"end":{"line":632,"column":54}},"227":{"start":{"line":633,"column":4},"end":{"line":636,"column":5}},"228":{"start":{"line":634,"column":8},"end":{"line":634,"column":95}},"229":{"start":{"line":635,"column":8},"end":{"line":635,"column":15}},"230":{"start":{"line":638,"column":17},"end":{"line":638,"column":54}},"231":{"start":{"line":638,"column":45},"end":{"line":638,"column":53}},"232":{"start":{"line":639,"column":20},"end":{"line":639,"column":59}},"233":{"start":{"line":639,"column":48},"end":{"line":639,"column":58}},"234":{"start":{"line":641,"column":21},"end":{"line":641,"column":42}},"235":{"start":{"line":642,"column":19},"end":{"line":642,"column":52}},"236":{"start":{"line":643,"column":4},"end":{"line":646,"column":5}},"237":{"start":{"line":644,"column":8},"end":{"line":644,"column":76}},"238":{"start":{"line":645,"column":8},"end":{"line":645,"column":15}},"239":{"start":{"line":648,"column":26},"end":{"line":648,"column":48}},"240":{"start":{"line":649,"column":4},"end":{"line":651,"column":5}},"241":{"start":{"line":650,"column":8},"end":{"line":650,"column":32}},"242":{"start":{"line":653,"column":16},"end":{"line":653,"column":39}},"243":{"start":{"line":654,"column":4},"end":{"line":723,"column":7}},"244":{"start":{"line":680,"column":28},"end":{"line":680,"column":83}},"245":{"start":{"line":705,"column":40},"end":{"line":705,"column":67}},"246":{"start":{"line":706,"column":28},"end":{"line":708,"column":29}},"247":{"start":{"line":707,"column":32},"end":{"line":707,"column":46}},"248":{"start":{"line":709,"column":28},"end":{"line":711,"column":29}},"249":{"start":{"line":710,"column":32},"end":{"line":710,"column":93}},"250":{"start":{"line":712,"column":28},"end":{"line":712,"column":41}},"251":{"start":{"line":730,"column":21},"end":{"line":730,"column":42}},"252":{"start":{"line":731,"column":19},"end":{"line":731,"column":52}},"253":{"start":{"line":732,"column":4},"end":{"line":735,"column":5}},"254":{"start":{"line":733,"column":8},"end":{"line":733,"column":88}},"255":{"start":{"line":734,"column":8},"end":{"line":734,"column":15}},"256":{"start":{"line":737,"column":21},"end":{"line":737,"column":23}},"257":{"start":{"line":738,"column":17},"end":{"line":738,"column":90}},"258":{"start":{"line":738,"column":81},"end":{"line":738,"column":89}},"259":{"start":{"line":740,"column":4},"end":{"line":743,"column":5}},"260":{"start":{"line":741,"column":8},"end":{"line":741,"column":81}},"261":{"start":{"line":742,"column":8},"end":{"line":742,"column":15}},"262":{"start":{"line":745,"column":4},"end":{"line":764,"column":5}},"263":{"start":{"line":746,"column":22},"end":{"line":746,"column":48}},"264":{"start":{"line":747,"column":28},"end":{"line":747,"column":47}},"265":{"start":{"line":749,"column":8},"end":{"line":763,"column":9}},"266":{"start":{"line":750,"column":12},"end":{"line":762,"column":15}},"267":{"start":{"line":752,"column":40},"end":{"line":752,"column":50}},"268":{"start":{"line":766,"column":4},"end":{"line":769,"column":5}},"269":{"start":{"line":767,"column":8},"end":{"line":767,"column":75}},"270":{"start":{"line":768,"column":8},"end":{"line":768,"column":15}},"271":{"start":{"line":771,"column":26},"end":{"line":771,"column":48}},"272":{"start":{"line":772,"column":4},"end":{"line":774,"column":5}},"273":{"start":{"line":773,"column":8},"end":{"line":773,"column":32}},"274":{"start":{"line":776,"column":16},"end":{"line":776,"column":39}},"275":{"start":{"line":777,"column":4},"end":{"line":838,"column":7}},"276":{"start":{"line":791,"column":28},"end":{"line":791,"column":83}},"277":{"start":{"line":816,"column":40},"end":{"line":816,"column":67}},"278":{"start":{"line":817,"column":28},"end":{"line":817,"column":53}},"279":{"start":{"line":817,"column":39},"end":{"line":817,"column":53}},"280":{"start":{"line":818,"column":28},"end":{"line":820,"column":29}},"281":{"start":{"line":819,"column":32},"end":{"line":819,"column":93}},"282":{"start":{"line":821,"column":28},"end":{"line":821,"column":41}},"283":{"start":{"line":845,"column":21},"end":{"line":845,"column":50}},"284":{"start":{"line":846,"column":4},"end":{"line":846,"column":44}},"285":{"start":{"line":847,"column":4},"end":{"line":847,"column":33}},"286":{"start":{"line":848,"column":4},"end":{"line":848,"column":44}},"287":{"start":{"line":849,"column":4},"end":{"line":849,"column":49}},"288":{"start":{"line":850,"column":4},"end":{"line":850,"column":40}},"289":{"start":{"line":852,"column":4},"end":{"line":859,"column":13}},"290":{"start":{"line":853,"column":8},"end":{"line":853,"column":37}},"291":{"start":{"line":854,"column":8},"end":{"line":858,"column":16}},"292":{"start":{"line":855,"column":12},"end":{"line":857,"column":13}},"293":{"start":{"line":856,"column":16},"end":{"line":856,"column":52}},"294":{"start":{"line":866,"column":24},"end":{"line":866,"column":67}},"295":{"start":{"line":867,"column":4},"end":{"line":880,"column":5}},"296":{"start":{"line":868,"column":26},"end":{"line":868,"column":36}},"297":{"start":{"line":869,"column":23},"end":{"line":869,"column":57}},"298":{"start":{"line":870,"column":8},"end":{"line":877,"column":9}},"299":{"start":{"line":871,"column":34},"end":{"line":871,"column":79}},"300":{"start":{"line":872,"column":37},"end":{"line":872,"column":99}},"301":{"start":{"line":873,"column":12},"end":{"line":873,"column":55}},"302":{"start":{"line":875,"column":12},"end":{"line":875,"column":70}},"303":{"start":{"line":876,"column":12},"end":{"line":876,"column":76}},"304":{"start":{"line":879,"column":8},"end":{"line":879,"column":82}},"305":{"start":{"line":890,"column":16},"end":{"line":890,"column":35}},"306":{"start":{"line":891,"column":32},"end":{"line":891,"column":34}},"307":{"start":{"line":893,"column":2},"end":{"line":922,"column":3}},"308":{"start":{"line":894,"column":26},"end":{"line":898,"column":5}},"309":{"start":{"line":900,"column":22},"end":{"line":900,"column":24}},"310":{"start":{"line":901,"column":24},"end":{"line":901,"column":51}},"311":{"start":{"line":902,"column":4},"end":{"line":910,"column":5}},"312":{"start":{"line":903,"column":8},"end":{"line":909,"column":9}},"313":{"start":{"line":904,"column":12},"end":{"line":904,"column":50}},"314":{"start":{"line":905,"column":12},"end":{"line":905,"column":62}},"315":{"start":{"line":905,"column":45},"end":{"line":905,"column":62}},"316":{"start":{"line":907,"column":13},"end":{"line":907,"column":92}},"317":{"start":{"line":908,"column":13},"end":{"line":908,"column":30}},"318":{"start":{"line":912,"column":4},"end":{"line":912,"column":36}},"319":{"start":{"line":914,"column":4},"end":{"line":916,"column":5}},"320":{"start":{"line":915,"column":6},"end":{"line":915,"column":82}},"321":{"start":{"line":918,"column":4},"end":{"line":918,"column":61}},"322":{"start":{"line":921,"column":4},"end":{"line":921,"column":95}},"323":{"start":{"line":930,"column":4},"end":{"line":930,"column":50}},"324":{"start":{"line":931,"column":4},"end":{"line":931,"column":31}},"325":{"start":{"line":933,"column":34},"end":{"line":933,"column":36}},"326":{"start":{"line":935,"column":4},"end":{"line":953,"column":5}},"327":{"start":{"line":936,"column":25},"end":{"line":951,"column":12}},"328":{"start":{"line":937,"column":12},"end":{"line":950,"column":13}},"329":{"start":{"line":938,"column":30},"end":{"line":938,"column":70}},"330":{"start":{"line":939,"column":16},"end":{"line":939,"column":54}},"331":{"start":{"line":940,"column":16},"end":{"line":940,"column":106}},"332":{"start":{"line":942,"column":16},"end":{"line":942,"column":100}},"333":{"start":{"line":943,"column":16},"end":{"line":947,"column":17}},"334":{"start":{"line":944,"column":20},"end":{"line":944,"column":111}},"335":{"start":{"line":946,"column":21},"end":{"line":946,"column":108}},"336":{"start":{"line":948,"column":16},"end":{"line":948,"column":67}},"337":{"start":{"line":949,"column":16},"end":{"line":949,"column":93}},"338":{"start":{"line":952,"column":8},"end":{"line":952,"column":45}},"339":{"start":{"line":955,"column":23},"end":{"line":955,"column":70}},"340":{"start":{"line":957,"column":4},"end":{"line":961,"column":5}},"341":{"start":{"line":958,"column":8},"end":{"line":958,"column":34}},"342":{"start":{"line":960,"column":8},"end":{"line":960,"column":67}},"343":{"start":{"line":963,"column":29},"end":{"line":963,"column":74}},"344":{"start":{"line":964,"column":4},"end":{"line":971,"column":5}},"345":{"start":{"line":965,"column":8},"end":{"line":968,"column":11}},"346":{"start":{"line":966,"column":28},"end":{"line":966,"column":65}},"347":{"start":{"line":967,"column":13},"end":{"line":967,"column":42}},"348":{"start":{"line":970,"column":9},"end":{"line":970,"column":67}},"349":{"start":{"line":973,"column":19},"end":{"line":973,"column":99}},"350":{"start":{"line":973,"column":42},"end":{"line":973,"column":98}},"351":{"start":{"line":974,"column":22},"end":{"line":974,"column":124}},"352":{"start":{"line":974,"column":45},"end":{"line":974,"column":123}},"353":{"start":{"line":976,"column":4},"end":{"line":978,"column":5}},"354":{"start":{"line":977,"column":8},"end":{"line":977,"column":97}},"355":{"start":{"line":979,"column":4},"end":{"line":981,"column":5}},"356":{"start":{"line":980,"column":8},"end":{"line":980,"column":87}},"357":{"start":{"line":982,"column":4},"end":{"line":984,"column":5}},"358":{"start":{"line":983,"column":9},"end":{"line":983,"column":104}},"359":{"start":{"line":986,"column":4},"end":{"line":986,"column":47}},"360":{"start":{"line":989,"column":0},"end":{"line":991,"column":1}},"361":{"start":{"line":990,"column":2},"end":{"line":990,"column":67}},"362":{"start":{"line":993,"column":0},"end":{"line":1002,"column":2}}},"fnMap":{"0":{"name":"carregarDadosAtualizados","decl":{"start":{"line":178,"column":15},"end":{"line":178,"column":39}},"loc":{"start":{"line":178,"column":50},"end":{"line":219,"column":1}},"line":178},"1":{"name":"armazenarCacheLocal","decl":{"start":{"line":226,"column":9},"end":{"line":226,"column":28}},"loc":{"start":{"line":226,"column":43},"end":{"line":232,"column":1}},"line":226},"2":{"name":"verificarCacheLocal","decl":{"start":{"line":239,"column":9},"end":{"line":239,"column":28}},"loc":{"start":{"line":239,"column":36},"end":{"line":251,"column":1}},"line":239},"3":{"name":"analisarResposta","decl":{"start":{"line":261,"column":9},"end":{"line":261,"column":25}},"loc":{"start":{"line":261,"column":55},"end":{"line":310,"column":1}},"line":261},"4":{"name":"tentarMultiplosEndpoints","decl":{"start":{"line":324,"column":15},"end":{"line":324,"column":39}},"loc":{"start":{"line":324,"column":100},"end":{"line":398,"column":1}},"line":324},"5":{"name":"(anonymous_5)","decl":{"start":{"line":375,"column":34},"end":{"line":375,"column":35}},"loc":{"start":{"line":375,"column":45},"end":{"line":375,"column":71}},"line":375},"6":{"name":"buscarDadosAPI","decl":{"start":{"line":409,"column":15},"end":{"line":409,"column":29}},"loc":{"start":{"line":409,"column":40},"end":{"line":435,"column":1}},"line":409},"7":{"name":"usarDadosFallback","decl":{"start":{"line":442,"column":9},"end":{"line":442,"column":26}},"loc":{"start":{"line":442,"column":37},"end":{"line":456,"column":1}},"line":442},"8":{"name":"renderizarIndicador","decl":{"start":{"line":464,"column":9},"end":{"line":464,"column":28}},"loc":{"start":{"line":464,"column":47},"end":{"line":624,"column":1}},"line":464},"9":{"name":"(anonymous_9)","decl":{"start":{"line":547,"column":50},"end":{"line":547,"column":51}},"loc":{"start":{"line":547,"column":63},"end":{"line":574,"column":13}},"line":547},"10":{"name":"(anonymous_10)","decl":{"start":{"line":564,"column":41},"end":{"line":564,"column":42}},"loc":{"start":{"line":564,"column":48},"end":{"line":564,"column":73}},"line":564},"11":{"name":"(anonymous_11)","decl":{"start":{"line":570,"column":41},"end":{"line":570,"column":42}},"loc":{"start":{"line":570,"column":48},"end":{"line":570,"column":73}},"line":570},"12":{"name":"(anonymous_12)","decl":{"start":{"line":583,"column":44},"end":{"line":583,"column":45}},"loc":{"start":{"line":583,"column":50},"end":{"line":588,"column":5}},"line":583},"13":{"name":"(anonymous_13)","decl":{"start":{"line":615,"column":22},"end":{"line":615,"column":23}},"loc":{"start":{"line":615,"column":28},"end":{"line":615,"column":41}},"line":615},"14":{"name":"gerarGrafico","decl":{"start":{"line":631,"column":9},"end":{"line":631,"column":21}},"loc":{"start":{"line":631,"column":39},"end":{"line":724,"column":1}},"line":631},"15":{"name":"(anonymous_15)","decl":{"start":{"line":638,"column":37},"end":{"line":638,"column":38}},"loc":{"start":{"line":638,"column":45},"end":{"line":638,"column":53}},"line":638},"16":{"name":"(anonymous_16)","decl":{"start":{"line":639,"column":40},"end":{"line":639,"column":41}},"loc":{"start":{"line":639,"column":48},"end":{"line":639,"column":58}},"line":639},"17":{"name":"(anonymous_17)","decl":{"start":{"line":679,"column":34},"end":{"line":679,"column":35}},"loc":{"start":{"line":679,"column":51},"end":{"line":681,"column":25}},"line":679},"18":{"name":"(anonymous_18)","decl":{"start":{"line":704,"column":31},"end":{"line":704,"column":32}},"loc":{"start":{"line":704,"column":50},"end":{"line":713,"column":25}},"line":704},"19":{"name":"gerarGraficoComparativo","decl":{"start":{"line":729,"column":9},"end":{"line":729,"column":32}},"loc":{"start":{"line":729,"column":35},"end":{"line":839,"column":1}},"line":729},"20":{"name":"(anonymous_20)","decl":{"start":{"line":738,"column":73},"end":{"line":738,"column":74}},"loc":{"start":{"line":738,"column":81},"end":{"line":738,"column":89}},"line":738},"21":{"name":"(anonymous_21)","decl":{"start":{"line":752,"column":32},"end":{"line":752,"column":33}},"loc":{"start":{"line":752,"column":40},"end":{"line":752,"column":50}},"line":752},"22":{"name":"(anonymous_22)","decl":{"start":{"line":790,"column":34},"end":{"line":790,"column":35}},"loc":{"start":{"line":790,"column":51},"end":{"line":792,"column":25}},"line":790},"23":{"name":"(anonymous_23)","decl":{"start":{"line":815,"column":31},"end":{"line":815,"column":32}},"loc":{"start":{"line":815,"column":50},"end":{"line":822,"column":25}},"line":815},"24":{"name":"mostrarMensagemSucesso","decl":{"start":{"line":844,"column":9},"end":{"line":844,"column":31}},"loc":{"start":{"line":844,"column":39},"end":{"line":860,"column":1}},"line":844},"25":{"name":"(anonymous_25)","decl":{"start":{"line":852,"column":15},"end":{"line":852,"column":16}},"loc":{"start":{"line":852,"column":21},"end":{"line":859,"column":5}},"line":852},"26":{"name":"(anonymous_26)","decl":{"start":{"line":854,"column":19},"end":{"line":854,"column":20}},"loc":{"start":{"line":854,"column":25},"end":{"line":858,"column":9}},"line":854},"27":{"name":"atualizarDataAtualizacao","decl":{"start":{"line":865,"column":9},"end":{"line":865,"column":33}},"loc":{"start":{"line":865,"column":36},"end":{"line":881,"column":1}},"line":865},"28":{"name":"registrarErroPersistente","decl":{"start":{"line":889,"column":9},"end":{"line":889,"column":33}},"loc":{"start":{"line":889,"column":50},"end":{"line":923,"column":1}},"line":889},"29":{"name":"inicializarPainel","decl":{"start":{"line":929,"column":15},"end":{"line":929,"column":32}},"loc":{"start":{"line":929,"column":35},"end":{"line":987,"column":1}},"line":929},"30":{"name":"(anonymous_30)","decl":{"start":{"line":936,"column":26},"end":{"line":936,"column":27}},"loc":{"start":{"line":936,"column":38},"end":{"line":951,"column":9}},"line":936},"31":{"name":"(anonymous_31)","decl":{"start":{"line":965,"column":51},"end":{"line":965,"column":52}},"loc":{"start":{"line":965,"column":57},"end":{"line":968,"column":9}},"line":965},"32":{"name":"(anonymous_32)","decl":{"start":{"line":973,"column":37},"end":{"line":973,"column":38}},"loc":{"start":{"line":973,"column":42},"end":{"line":973,"column":98}},"line":973},"33":{"name":"(anonymous_33)","decl":{"start":{"line":974,"column":40},"end":{"line":974,"column":41}},"loc":{"start":{"line":974,"column":45},"end":{"line":974,"column":123}},"line":974}},"branchMap":{"0":{"loc":{"start":{"line":183,"column":8},"end":{"line":186,"column":9}},"type":"if","locations":[{"start":{"line":183,"column":8},"end":{"line":186,"column":9}},{"start":{},"end":{}}],"line":183},"1":{"loc":{"start":{"line":190,"column":8},"end":{"line":193,"column":9}},"type":"if","locations":[{"start":{"line":190,"column":8},"end":{"line":193,"column":9}},{"start":{},"end":{}}],"line":190},"2":{"loc":{"start":{"line":190,"column":12},"end":{"line":190,"column":111}},"type":"binary-expr","locations":[{"start":{"line":190,"column":12},"end":{"line":190,"column":29}},{"start":{"line":190,"column":33},"end":{"line":190,"column":56}},{"start":{"line":190,"column":60},"end":{"line":190,"column":111}}],"line":190},"3":{"loc":{"start":{"line":195,"column":34},"end":{"line":195,"column":122}},"type":"cond-expr","locations":[{"start":{"line":195,"column":71},"end":{"line":195,"column":115}},{"start":{"line":195,"column":118},"end":{"line":195,"column":122}}],"line":195},"4":{"loc":{"start":{"line":196,"column":8},"end":{"line":205,"column":9}},"type":"if","locations":[{"start":{"line":196,"column":8},"end":{"line":205,"column":9}},{"start":{"line":203,"column":15},"end":{"line":205,"column":9}}],"line":196},"5":{"loc":{"start":{"line":199,"column":12},"end":{"line":201,"column":13}},"type":"if","locations":[{"start":{"line":199,"column":12},"end":{"line":201,"column":13}},{"start":{},"end":{}}],"line":199},"6":{"loc":{"start":{"line":209,"column":17},"end":{"line":209,"column":127}},"type":"binary-expr","locations":[{"start":{"line":209,"column":17},"end":{"line":209,"column":43}},{"start":{"line":209,"column":48},"end":{"line":209,"column":126}}],"line":209},"7":{"loc":{"start":{"line":209,"column":48},"end":{"line":209,"column":126}},"type":"cond-expr","locations":[{"start":{"line":209,"column":68},"end":{"line":209,"column":99}},{"start":{"line":209,"column":102},"end":{"line":209,"column":126}}],"line":209},"8":{"loc":{"start":{"line":242,"column":4},"end":{"line":244,"column":5}},"type":"if","locations":[{"start":{"line":242,"column":4},"end":{"line":244,"column":5}},{"start":{},"end":{}}],"line":242},"9":{"loc":{"start":{"line":242,"column":8},"end":{"line":242,"column":55}},"type":"binary-expr","locations":[{"start":{"line":242,"column":8},"end":{"line":242,"column":12}},{"start":{"line":242,"column":16},"end":{"line":242,"column":36}},{"start":{"line":242,"column":40},"end":{"line":242,"column":55}}],"line":242},"10":{"loc":{"start":{"line":261,"column":43},"end":{"line":261,"column":53}},"type":"default-arg","locations":[{"start":{"line":261,"column":52},"end":{"line":261,"column":53}}],"line":261},"11":{"loc":{"start":{"line":262,"column":4},"end":{"line":273,"column":5}},"type":"if","locations":[{"start":{"line":262,"column":4},"end":{"line":273,"column":5}},{"start":{},"end":{}}],"line":262},"12":{"loc":{"start":{"line":262,"column":8},"end":{"line":262,"column":57}},"type":"binary-expr","locations":[{"start":{"line":262,"column":8},"end":{"line":262,"column":28}},{"start":{"line":262,"column":32},"end":{"line":262,"column":57}}],"line":262},"13":{"loc":{"start":{"line":264,"column":25},"end":{"line":264,"column":57}},"type":"binary-expr","locations":[{"start":{"line":264,"column":25},"end":{"line":264,"column":37}},{"start":{"line":264,"column":41},"end":{"line":264,"column":57}}],"line":264},"14":{"loc":{"start":{"line":267,"column":8},"end":{"line":272,"column":9}},"type":"if","locations":[{"start":{"line":267,"column":8},"end":{"line":272,"column":9}},{"start":{},"end":{}}],"line":267},"15":{"loc":{"start":{"line":267,"column":12},"end":{"line":267,"column":87}},"type":"binary-expr","locations":[{"start":{"line":267,"column":12},"end":{"line":267,"column":34}},{"start":{"line":267,"column":38},"end":{"line":267,"column":55}},{"start":{"line":267,"column":59},"end":{"line":267,"column":87}}],"line":267},"16":{"loc":{"start":{"line":270,"column":21},"end":{"line":270,"column":57}},"type":"cond-expr","locations":[{"start":{"line":270,"column":30},"end":{"line":270,"column":50}},{"start":{"line":270,"column":53},"end":{"line":270,"column":57}}],"line":270},"17":{"loc":{"start":{"line":275,"column":4},"end":{"line":287,"column":5}},"type":"if","locations":[{"start":{"line":275,"column":4},"end":{"line":287,"column":5}},{"start":{},"end":{}}],"line":275},"18":{"loc":{"start":{"line":275,"column":8},"end":{"line":275,"column":53}},"type":"binary-expr","locations":[{"start":{"line":275,"column":8},"end":{"line":275,"column":28}},{"start":{"line":275,"column":32},"end":{"line":275,"column":53}}],"line":275},"19":{"loc":{"start":{"line":277,"column":7},"end":{"line":286,"column":8}},"type":"if","locations":[{"start":{"line":277,"column":7},"end":{"line":286,"column":8}},{"start":{},"end":{}}],"line":277},"20":{"loc":{"start":{"line":280,"column":11},"end":{"line":285,"column":12}},"type":"if","locations":[{"start":{"line":280,"column":11},"end":{"line":285,"column":12}},{"start":{},"end":{}}],"line":280},"21":{"loc":{"start":{"line":280,"column":15},"end":{"line":280,"column":82}},"type":"binary-expr","locations":[{"start":{"line":280,"column":15},"end":{"line":280,"column":24}},{"start":{"line":280,"column":28},"end":{"line":280,"column":50}},{"start":{"line":280,"column":54},"end":{"line":280,"column":82}}],"line":280},"22":{"loc":{"start":{"line":289,"column":4},"end":{"line":301,"column":5}},"type":"if","locations":[{"start":{"line":289,"column":4},"end":{"line":301,"column":5}},{"start":{},"end":{}}],"line":289},"23":{"loc":{"start":{"line":289,"column":8},"end":{"line":289,"column":53}},"type":"binary-expr","locations":[{"start":{"line":289,"column":8},"end":{"line":289,"column":28}},{"start":{"line":289,"column":32},"end":{"line":289,"column":53}}],"line":289},"24":{"loc":{"start":{"line":291,"column":7},"end":{"line":300,"column":8}},"type":"if","locations":[{"start":{"line":291,"column":7},"end":{"line":300,"column":8}},{"start":{},"end":{}}],"line":291},"25":{"loc":{"start":{"line":294,"column":12},"end":{"line":299,"column":12}},"type":"if","locations":[{"start":{"line":294,"column":12},"end":{"line":299,"column":12}},{"start":{},"end":{}}],"line":294},"26":{"loc":{"start":{"line":294,"column":16},"end":{"line":294,"column":83}},"type":"binary-expr","locations":[{"start":{"line":294,"column":16},"end":{"line":294,"column":25}},{"start":{"line":294,"column":29},"end":{"line":294,"column":51}},{"start":{"line":294,"column":55},"end":{"line":294,"column":83}}],"line":294},"27":{"loc":{"start":{"line":303,"column":4},"end":{"line":306,"column":5}},"type":"if","locations":[{"start":{"line":303,"column":4},"end":{"line":306,"column":5}},{"start":{},"end":{}}],"line":303},"28":{"loc":{"start":{"line":303,"column":8},"end":{"line":303,"column":62}},"type":"binary-expr","locations":[{"start":{"line":303,"column":8},"end":{"line":303,"column":36}},{"start":{"line":303,"column":40},"end":{"line":303,"column":62}}],"line":303},"29":{"loc":{"start":{"line":324,"column":50},"end":{"line":324,"column":59}},"type":"default-arg","locations":[{"start":{"line":324,"column":57},"end":{"line":324,"column":59}}],"line":324},"30":{"loc":{"start":{"line":324,"column":61},"end":{"line":324,"column":78}},"type":"default-arg","locations":[{"start":{"line":324,"column":77},"end":{"line":324,"column":78}}],"line":324},"31":{"loc":{"start":{"line":324,"column":80},"end":{"line":324,"column":98}},"type":"default-arg","locations":[{"start":{"line":324,"column":95},"end":{"line":324,"column":98}}],"line":324},"32":{"loc":{"start":{"line":329,"column":31},"end":{"line":329,"column":124}},"type":"binary-expr","locations":[{"start":{"line":329,"column":31},"end":{"line":329,"column":86}},{"start":{"line":329,"column":90},"end":{"line":329,"column":124}}],"line":329},"33":{"loc":{"start":{"line":335,"column":4},"end":{"line":338,"column":5}},"type":"if","locations":[{"start":{"line":335,"column":4},"end":{"line":338,"column":5}},{"start":{},"end":{}}],"line":335},"34":{"loc":{"start":{"line":350,"column":16},"end":{"line":352,"column":17}},"type":"if","locations":[{"start":{"line":350,"column":16},"end":{"line":352,"column":17}},{"start":{},"end":{}}],"line":350},"35":{"loc":{"start":{"line":357,"column":16},"end":{"line":364,"column":17}},"type":"if","locations":[{"start":{"line":357,"column":16},"end":{"line":364,"column":17}},{"start":{"line":361,"column":23},"end":{"line":364,"column":17}}],"line":357},"36":{"loc":{"start":{"line":369,"column":16},"end":{"line":371,"column":17}},"type":"if","locations":[{"start":{"line":369,"column":16},"end":{"line":371,"column":17}},{"start":{},"end":{}}],"line":369},"37":{"loc":{"start":{"line":384,"column":4},"end":{"line":388,"column":5}},"type":"if","locations":[{"start":{"line":384,"column":4},"end":{"line":388,"column":5}},{"start":{},"end":{}}],"line":384},"38":{"loc":{"start":{"line":413,"column":4},"end":{"line":422,"column":5}},"type":"if","locations":[{"start":{"line":413,"column":4},"end":{"line":422,"column":5}},{"start":{},"end":{}}],"line":413},"39":{"loc":{"start":{"line":416,"column":8},"end":{"line":421,"column":9}},"type":"if","locations":[{"start":{"line":416,"column":8},"end":{"line":421,"column":9}},{"start":{"line":419,"column":15},"end":{"line":421,"column":9}}],"line":416},"40":{"loc":{"start":{"line":416,"column":12},"end":{"line":416,"column":84}},"type":"binary-expr","locations":[{"start":{"line":416,"column":12},"end":{"line":416,"column":32}},{"start":{"line":416,"column":37},"end":{"line":416,"column":83}}],"line":416},"41":{"loc":{"start":{"line":425,"column":4},"end":{"line":429,"column":5}},"type":"if","locations":[{"start":{"line":425,"column":4},"end":{"line":429,"column":5}},{"start":{},"end":{}}],"line":425},"42":{"loc":{"start":{"line":444,"column":28},"end":{"line":446,"column":38}},"type":"cond-expr","locations":[{"start":{"line":445,"column":10},"end":{"line":445,"column":53}},{"start":{"line":446,"column":10},"end":{"line":446,"column":38}}],"line":444},"43":{"loc":{"start":{"line":444,"column":28},"end":{"line":444,"column":73}},"type":"binary-expr","locations":[{"start":{"line":444,"column":28},"end":{"line":444,"column":43}},{"start":{"line":444,"column":47},"end":{"line":444,"column":73}}],"line":444},"44":{"loc":{"start":{"line":466,"column":4},"end":{"line":469,"column":5}},"type":"if","locations":[{"start":{"line":466,"column":4},"end":{"line":469,"column":5}},{"start":{},"end":{}}],"line":466},"45":{"loc":{"start":{"line":472,"column":4},"end":{"line":475,"column":5}},"type":"if","locations":[{"start":{"line":472,"column":4},"end":{"line":475,"column":5}},{"start":{},"end":{}}],"line":472},"46":{"loc":{"start":{"line":482,"column":23},"end":{"line":482,"column":71}},"type":"binary-expr","locations":[{"start":{"line":482,"column":23},"end":{"line":482,"column":51}},{"start":{"line":482,"column":55},"end":{"line":482,"column":71}}],"line":482},"47":{"loc":{"start":{"line":483,"column":4},"end":{"line":493,"column":5}},"type":"if","locations":[{"start":{"line":483,"column":4},"end":{"line":493,"column":5}},{"start":{"line":486,"column":11},"end":{"line":493,"column":5}}],"line":483},"48":{"loc":{"start":{"line":486,"column":11},"end":{"line":493,"column":5}},"type":"if","locations":[{"start":{"line":486,"column":11},"end":{"line":493,"column":5}},{"start":{"line":489,"column":11},"end":{"line":493,"column":5}}],"line":486},"49":{"loc":{"start":{"line":490,"column":25},"end":{"line":492,"column":33}},"type":"cond-expr","locations":[{"start":{"line":491,"column":14},"end":{"line":491,"column":60}},{"start":{"line":492,"column":14},"end":{"line":492,"column":33}}],"line":490},"50":{"loc":{"start":{"line":505,"column":20},"end":{"line":505,"column":78}},"type":"cond-expr","locations":[{"start":{"line":505,"column":55},"end":{"line":505,"column":73}},{"start":{"line":505,"column":76},"end":{"line":505,"column":78}}],"line":505},"51":{"loc":{"start":{"line":505,"column":20},"end":{"line":505,"column":52}},"type":"binary-expr","locations":[{"start":{"line":505,"column":20},"end":{"line":505,"column":29}},{"start":{"line":505,"column":33},"end":{"line":505,"column":52}}],"line":505},"52":{"loc":{"start":{"line":514,"column":31},"end":{"line":514,"column":81}},"type":"cond-expr","locations":[{"start":{"line":514,"column":52},"end":{"line":514,"column":63}},{"start":{"line":514,"column":66},"end":{"line":514,"column":81}}],"line":514},"53":{"loc":{"start":{"line":521,"column":4},"end":{"line":576,"column":5}},"type":"if","locations":[{"start":{"line":521,"column":4},"end":{"line":576,"column":5}},{"start":{},"end":{}}],"line":521},"54":{"loc":{"start":{"line":525,"column":8},"end":{"line":531,"column":9}},"type":"if","locations":[{"start":{"line":525,"column":8},"end":{"line":531,"column":9}},{"start":{"line":527,"column":15},"end":{"line":531,"column":9}}],"line":525},"55":{"loc":{"start":{"line":527,"column":15},"end":{"line":531,"column":9}},"type":"if","locations":[{"start":{"line":527,"column":15},"end":{"line":531,"column":9}},{"start":{"line":529,"column":15},"end":{"line":531,"column":9}}],"line":527},"56":{"loc":{"start":{"line":528,"column":57},"end":{"line":528,"column":79}},"type":"binary-expr","locations":[{"start":{"line":528,"column":57},"end":{"line":528,"column":66}},{"start":{"line":528,"column":70},"end":{"line":528,"column":79}}],"line":528},"57":{"loc":{"start":{"line":546,"column":8},"end":{"line":575,"column":9}},"type":"if","locations":[{"start":{"line":546,"column":8},"end":{"line":575,"column":9}},{"start":{},"end":{}}],"line":546},"58":{"loc":{"start":{"line":550,"column":16},"end":{"line":550,"column":38}},"type":"if","locations":[{"start":{"line":550,"column":16},"end":{"line":550,"column":38}},{"start":{},"end":{}}],"line":550},"59":{"loc":{"start":{"line":582,"column":29},"end":{"line":582,"column":64}},"type":"binary-expr","locations":[{"start":{"line":582,"column":29},"end":{"line":582,"column":39}},{"start":{"line":582,"column":43},"end":{"line":582,"column":64}}],"line":582},"60":{"loc":{"start":{"line":591,"column":4},"end":{"line":606,"column":5}},"type":"if","locations":[{"start":{"line":591,"column":4},"end":{"line":606,"column":5}},{"start":{"line":601,"column":11},"end":{"line":606,"column":5}}],"line":591},"61":{"loc":{"start":{"line":591,"column":8},"end":{"line":591,"column":44}},"type":"binary-expr","locations":[{"start":{"line":591,"column":8},"end":{"line":591,"column":19}},{"start":{"line":591,"column":23},"end":{"line":591,"column":44}}],"line":591},"62":{"loc":{"start":{"line":597,"column":12},"end":{"line":599,"column":13}},"type":"if","locations":[{"start":{"line":597,"column":12},"end":{"line":599,"column":13}},{"start":{},"end":{}}],"line":597},"63":{"loc":{"start":{"line":604,"column":9},"end":{"line":604,"column":37}},"type":"if","locations":[{"start":{"line":604,"column":9},"end":{"line":604,"column":37}},{"start":{},"end":{}}],"line":604},"64":{"loc":{"start":{"line":605,"column":9},"end":{"line":605,"column":112}},"type":"if","locations":[{"start":{"line":605,"column":9},"end":{"line":605,"column":112}},{"start":{},"end":{}}],"line":605},"65":{"loc":{"start":{"line":608,"column":4},"end":{"line":623,"column":5}},"type":"if","locations":[{"start":{"line":608,"column":4},"end":{"line":623,"column":5}},{"start":{"line":621,"column":11},"end":{"line":623,"column":5}}],"line":608},"66":{"loc":{"start":{"line":608,"column":8},"end":{"line":608,"column":51}},"type":"binary-expr","locations":[{"start":{"line":608,"column":8},"end":{"line":608,"column":20}},{"start":{"line":608,"column":24},"end":{"line":608,"column":51}}],"line":608},"67":{"loc":{"start":{"line":621,"column":11},"end":{"line":623,"column":5}},"type":"if","locations":[{"start":{"line":621,"column":11},"end":{"line":623,"column":5}},{"start":{},"end":{}}],"line":621},"68":{"loc":{"start":{"line":633,"column":4},"end":{"line":636,"column":5}},"type":"if","locations":[{"start":{"line":633,"column":4},"end":{"line":636,"column":5}},{"start":{},"end":{}}],"line":633},"69":{"loc":{"start":{"line":633,"column":8},"end":{"line":633,"column":56}},"type":"binary-expr","locations":[{"start":{"line":633,"column":8},"end":{"line":633,"column":24}},{"start":{"line":633,"column":28},"end":{"line":633,"column":56}}],"line":633},"70":{"loc":{"start":{"line":643,"column":4},"end":{"line":646,"column":5}},"type":"if","locations":[{"start":{"line":643,"column":4},"end":{"line":646,"column":5}},{"start":{},"end":{}}],"line":643},"71":{"loc":{"start":{"line":649,"column":4},"end":{"line":651,"column":5}},"type":"if","locations":[{"start":{"line":649,"column":4},"end":{"line":651,"column":5}},{"start":{},"end":{}}],"line":649},"72":{"loc":{"start":{"line":659,"column":23},"end":{"line":659,"column":84}},"type":"binary-expr","locations":[{"start":{"line":659,"column":23},"end":{"line":659,"column":40}},{"start":{"line":659,"column":44},"end":{"line":659,"column":84}}],"line":659},"73":{"loc":{"start":{"line":661,"column":33},"end":{"line":661,"column":80}},"type":"binary-expr","locations":[{"start":{"line":661,"column":33},"end":{"line":661,"column":52}},{"start":{"line":661,"column":56},"end":{"line":661,"column":80}}],"line":661},"74":{"loc":{"start":{"line":662,"column":29},"end":{"line":662,"column":51}},"type":"binary-expr","locations":[{"start":{"line":662,"column":29},"end":{"line":662,"column":38}},{"start":{"line":662,"column":42},"end":{"line":662,"column":51}}],"line":662},"75":{"loc":{"start":{"line":664,"column":38},"end":{"line":664,"column":60}},"type":"binary-expr","locations":[{"start":{"line":664,"column":38},"end":{"line":664,"column":47}},{"start":{"line":664,"column":51},"end":{"line":664,"column":60}}],"line":664},"76":{"loc":{"start":{"line":680,"column":35},"end":{"line":680,"column":82}},"type":"cond-expr","locations":[{"start":{"line":680,"column":63},"end":{"line":680,"column":74}},{"start":{"line":680,"column":77},"end":{"line":680,"column":82}}],"line":680},"77":{"loc":{"start":{"line":705,"column":40},"end":{"line":705,"column":67}},"type":"binary-expr","locations":[{"start":{"line":705,"column":40},"end":{"line":705,"column":61}},{"start":{"line":705,"column":65},"end":{"line":705,"column":67}}],"line":705},"78":{"loc":{"start":{"line":706,"column":28},"end":{"line":708,"column":29}},"type":"if","locations":[{"start":{"line":706,"column":28},"end":{"line":708,"column":29}},{"start":{},"end":{}}],"line":706},"79":{"loc":{"start":{"line":709,"column":28},"end":{"line":711,"column":29}},"type":"if","locations":[{"start":{"line":709,"column":28},"end":{"line":711,"column":29}},{"start":{},"end":{}}],"line":709},"80":{"loc":{"start":{"line":732,"column":4},"end":{"line":735,"column":5}},"type":"if","locations":[{"start":{"line":732,"column":4},"end":{"line":735,"column":5}},{"start":{},"end":{}}],"line":732},"81":{"loc":{"start":{"line":740,"column":4},"end":{"line":743,"column":5}},"type":"if","locations":[{"start":{"line":740,"column":4},"end":{"line":743,"column":5}},{"start":{},"end":{}}],"line":740},"82":{"loc":{"start":{"line":740,"column":8},"end":{"line":740,"column":34}},"type":"binary-expr","locations":[{"start":{"line":740,"column":8},"end":{"line":740,"column":13}},{"start":{"line":740,"column":17},"end":{"line":740,"column":34}}],"line":740},"83":{"loc":{"start":{"line":749,"column":8},"end":{"line":763,"column":9}},"type":"if","locations":[{"start":{"line":749,"column":8},"end":{"line":763,"column":9}},{"start":{},"end":{}}],"line":749},"84":{"loc":{"start":{"line":749,"column":12},"end":{"line":749,"column":32}},"type":"binary-expr","locations":[{"start":{"line":749,"column":12},"end":{"line":749,"column":17}},{"start":{"line":749,"column":21},"end":{"line":749,"column":32}}],"line":749},"85":{"loc":{"start":{"line":751,"column":23},"end":{"line":751,"column":90}},"type":"binary-expr","locations":[{"start":{"line":751,"column":23},"end":{"line":751,"column":46}},{"start":{"line":751,"column":50},"end":{"line":751,"column":90}}],"line":751},"86":{"loc":{"start":{"line":766,"column":4},"end":{"line":769,"column":5}},"type":"if","locations":[{"start":{"line":766,"column":4},"end":{"line":769,"column":5}},{"start":{},"end":{}}],"line":766},"87":{"loc":{"start":{"line":772,"column":4},"end":{"line":774,"column":5}},"type":"if","locations":[{"start":{"line":772,"column":4},"end":{"line":774,"column":5}},{"start":{},"end":{}}],"line":772},"88":{"loc":{"start":{"line":791,"column":35},"end":{"line":791,"column":82}},"type":"cond-expr","locations":[{"start":{"line":791,"column":63},"end":{"line":791,"column":74}},{"start":{"line":791,"column":77},"end":{"line":791,"column":82}}],"line":791},"89":{"loc":{"start":{"line":816,"column":40},"end":{"line":816,"column":67}},"type":"binary-expr","locations":[{"start":{"line":816,"column":40},"end":{"line":816,"column":61}},{"start":{"line":816,"column":65},"end":{"line":816,"column":67}}],"line":816},"90":{"loc":{"start":{"line":817,"column":28},"end":{"line":817,"column":53}},"type":"if","locations":[{"start":{"line":817,"column":28},"end":{"line":817,"column":53}},{"start":{},"end":{}}],"line":817},"91":{"loc":{"start":{"line":818,"column":28},"end":{"line":820,"column":29}},"type":"if","locations":[{"start":{"line":818,"column":28},"end":{"line":820,"column":29}},{"start":{},"end":{}}],"line":818},"92":{"loc":{"start":{"line":855,"column":12},"end":{"line":857,"column":13}},"type":"if","locations":[{"start":{"line":855,"column":12},"end":{"line":857,"column":13}},{"start":{},"end":{}}],"line":855},"93":{"loc":{"start":{"line":867,"column":4},"end":{"line":880,"column":5}},"type":"if","locations":[{"start":{"line":867,"column":4},"end":{"line":880,"column":5}},{"start":{"line":878,"column":11},"end":{"line":880,"column":5}}],"line":867},"94":{"loc":{"start":{"line":896,"column":16},"end":{"line":896,"column":44}},"type":"binary-expr","locations":[{"start":{"line":896,"column":16},"end":{"line":896,"column":28}},{"start":{"line":896,"column":32},"end":{"line":896,"column":44}}],"line":896},"95":{"loc":{"start":{"line":902,"column":4},"end":{"line":910,"column":5}},"type":"if","locations":[{"start":{"line":902,"column":4},"end":{"line":910,"column":5}},{"start":{},"end":{}}],"line":902},"96":{"loc":{"start":{"line":905,"column":12},"end":{"line":905,"column":62}},"type":"if","locations":[{"start":{"line":905,"column":12},"end":{"line":905,"column":62}},{"start":{},"end":{}}],"line":905},"97":{"loc":{"start":{"line":914,"column":4},"end":{"line":916,"column":5}},"type":"if","locations":[{"start":{"line":914,"column":4},"end":{"line":916,"column":5}},{"start":{},"end":{}}],"line":914},"98":{"loc":{"start":{"line":964,"column":4},"end":{"line":971,"column":5}},"type":"if","locations":[{"start":{"line":964,"column":4},"end":{"line":971,"column":5}},{"start":{"line":969,"column":11},"end":{"line":971,"column":5}}],"line":964},"99":{"loc":{"start":{"line":973,"column":42},"end":{"line":973,"column":98}},"type":"binary-expr","locations":[{"start":{"line":973,"column":42},"end":{"line":973,"column":65}},{"start":{"line":973,"column":70},"end":{"line":973,"column":77}},{"start":{"line":973,"column":81},"end":{"line":973,"column":97}}],"line":973},"100":{"loc":{"start":{"line":974,"column":45},"end":{"line":974,"column":123}},"type":"binary-expr","locations":[{"start":{"line":974,"column":45},"end":{"line":974,"column":69}},{"start":{"line":974,"column":73},"end":{"line":974,"column":80}},{"start":{"line":974,"column":84},"end":{"line":974,"column":99}},{"start":{"line":974,"column":103},"end":{"line":974,"column":123}}],"line":974},"101":{"loc":{"start":{"line":976,"column":4},"end":{"line":978,"column":5}},"type":"if","locations":[{"start":{"line":976,"column":4},"end":{"line":978,"column":5}},{"start":{},"end":{}}],"line":976},"102":{"loc":{"start":{"line":979,"column":4},"end":{"line":981,"column":5}},"type":"if","locations":[{"start":{"line":979,"column":4},"end":{"line":981,"column":5}},{"start":{},"end":{}}],"line":979},"103":{"loc":{"start":{"line":982,"column":4},"end":{"line":984,"column":5}},"type":"if","locations":[{"start":{"line":982,"column":4},"end":{"line":984,"column":5}},{"start":{},"end":{}}],"line":982},"104":{"loc":{"start":{"line":982,"column":8},"end":{"line":982,"column":53}},"type":"binary-expr","locations":[{"start":{"line":982,"column":8},"end":{"line":982,"column":27}},{"start":{"line":982,"column":31},"end":{"line":982,"column":53}}],"line":982},"105":{"loc":{"start":{"line":989,"column":0},"end":{"line":991,"column":1}},"type":"if","locations":[{"start":{"line":989,"column":0},"end":{"line":991,"column":1}},{"start":{},"end":{}}],"line":989}},"s":{"0":5,"1":5,"2":5,"3":5,"4":5,"5":0,"6":0,"7":0,"8":0,"9":0,"10":0,"11":0,"12":0,"13":0,"14":0,"15":0,"16":0,"17":0,"18":0,"19":0,"20":0,"21":0,"22":0,"23":0,"24":0,"25":0,"26":1,"27":1,"28":0,"29":2,"30":2,"31":2,"32":1,"33":1,"34":0,"35":0,"36":0,"37":3,"38":2,"39":2,"40":2,"41":2,"42":1,"43":2,"44":1,"45":1,"46":0,"47":0,"48":0,"49":0,"50":2,"51":1,"52":1,"53":0,"54":0,"55":0,"56":0,"57":2,"58":0,"59":0,"60":2,"61":2,"62":0,"63":0,"64":0,"65":0,"66":0,"67":0,"68":0,"69":0,"70":0,"71":0,"72":0,"73":0,"74":0,"75":0,"76":0,"77":0,"78":0,"79":0,"80":0,"81":0,"82":0,"83":0,"84":0,"85":0,"86":0,"87":0,"88":0,"89":0,"90":0,"91":0,"92":0,"93":0,"94":0,"95":0,"96":0,"97":0,"98":0,"99":0,"100":0,"101":0,"102":0,"103":0,"104":0,"105":0,"106":0,"107":0,"108":0,"109":0,"110":0,"111":0,"112":0,"113":0,"114":0,"115":0,"116":0,"117":0,"118":0,"119":0,"120":0,"121":0,"122":0,"123":0,"124":0,"125":0,"126":0,"127":0,"128":0,"129":0,"130":0,"131":0,"132":0,"133":0,"134":0,"135":0,"136":0,"137":0,"138":0,"139":0,"140":0,"141":0,"142":0,"143":0,"144":0,"145":0,"146":0,"147":0,"148":0,"149":0,"150":0,"151":0,"152":0,"153":0,"154":0,"155":0,"156":0,"157":0,"158":0,"159":0,"160":0,"161":0,"162":0,"163":0,"164":0,"165":0,"166":0,"167":0,"168":0,"169":0,"170":0,"171":0,"172":0,"173":0,"174":0,"175":0,"176":0,"177":0,"178":0,"179":0,"180":0,"181":0,"182":0,"183":0,"184":0,"185":0,"186":0,"187":0,"188":0,"189":0,"190":0,"191":0,"192":0,"193":0,"194":0,"195":0,"196":0,"197":0,"198":0,"199":0,"200":0,"201":0,"202":0,"203":0,"204":0,"205":0,"206":0,"207":0,"208":0,"209":0,"210":0,"211":0,"212":0,"213":0,"214":0,"215":0,"216":0,"217":0,"218":0,"219":0,"220":0,"221":0,"222":0,"223":0,"224":0,"225":0,"226":0,"227":0,"228":0,"229":0,"230":0,"231":0,"232":0,"233":0,"234":0,"235":0,"236":0,"237":0,"238":0,"239":0,"240":0,"241":0,"242":0,"243":0,"244":0,"245":0,"246":0,"247":0,"248":0,"249":0,"250":0,"251":0,"252":0,"253":0,"254":0,"255":0,"256":0,"257":0,"258":0,"259":0,"260":0,"261":0,"262":0,"263":0,"264":0,"265":0,"266":0,"267":0,"268":0,"269":0,"270":0,"271":0,"272":0,"273":0,"274":0,"275":0,"276":0,"277":0,"278":0,"279":0,"280":0,"281":0,"282":0,"283":0,"284":0,"285":0,"286":0,"287":0,"288":0,"289":0,"290":0,"291":0,"292":0,"293":0,"294":0,"295":0,"296":0,"297":0,"298":0,"299":0,"300":0,"301":0,"302":0,"303":0,"304":0,"305":3,"306":3,"307":3,"308":3,"309":3,"310":3,"311":3,"312":1,"313":1,"314":1,"315":0,"316":0,"317":0,"318":3,"319":3,"320":0,"321":3,"322":0,"323":0,"324":0,"325":0,"326":0,"327":0,"328":0,"329":0,"330":0,"331":0,"332":0,"333":0,"334":0,"335":0,"336":0,"337":0,"338":0,"339":0,"340":0,"341":0,"342":0,"343":0,"344":0,"345":0,"346":0,"347":0,"348":0,"349":0,"350":0,"351":0,"352":0,"353":0,"354":0,"355":0,"356":0,"357":0,"358":0,"359":0,"360":5,"361":5,"362":5},"f":{"0":0,"1":1,"2":2,"3":3,"4":0,"5":0,"6":0,"7":0,"8":0,"9":0,"10":0,"11":0,"12":0,"13":0,"14":0,"15":0,"16":0,"17":0,"18":0,"19":0,"20":0,"21":0,"22":0,"23":0,"24":0,"25":0,"26":0,"27":0,"28":3,"29":0,"30":0,"31":0,"32":0,"33":0},"b":{"0":[0,0],"1":[0,0],"2":[0,0,0],"3":[0,0],"4":[0,0],"5":[0,0],"6":[0,0],"7":[0,0],"8":[1,1],"9":[2,1,1],"10":[0],"11":[2,1],"12":[3,2],"13":[2,1],"14":[1,1],"15":[2,1,1],"16":[1,0],"17":[1,1],"18":[2,1],"19":[0,1],"20":[0,0],"21":[0,0,0],"22":[1,1],"23":[2,1],"24":[0,1],"25":[0,0],"26":[0,0,0],"27":[0,2],"28":[2,0],"29":[0],"30":[0],"31":[0],"32":[0,0],"33":[0,0],"34":[0,0],"35":[0,0],"36":[0,0],"37":[0,0],"38":[0,0],"39":[0,0],"40":[0,0],"41":[0,0],"42":[0,0],"43":[0,0],"44":[0,0],"45":[0,0],"46":[0,0],"47":[0,0],"48":[0,0],"49":[0,0],"50":[0,0],"51":[0,0],"52":[0,0],"53":[0,0],"54":[0,0],"55":[0,0],"56":[0,0],"57":[0,0],"58":[0,0],"59":[0,0],"60":[0,0],"61":[0,0],"62":[0,0],"63":[0,0],"64":[0,0],"65":[0,0],"66":[0,0],"67":[0,0],"68":[0,0],"69":[0,0],"70":[0,0],"71":[0,0],"72":[0,0],"73":[0,0],"74":[0,0],"75":[0,0],"76":[0,0],"77":[0,0],"78":[0,0],"79":[0,0],"80":[0,0],"81":[0,0],"82":[0,0],"83":[0,0],"84":[0,0],"85":[0,0],"86":[0,0],"87":[0,0],"88":[0,0],"89":[0,0],"90":[0,0],"91":[0,0],"92":[0,0],"93":[0,0],"94":[3,0],"95":[1,2],"96":[0,1],"97":[0,3],"98":[0,0],"99":[0,0,0],"100":[0,0,0,0],"101":[0,0],"102":[0,0],"103":[0,0],"104":[0,0],"105":[5,0]},"_coverageSchema":"1a1c01bbd47fc00a2c39e90264f33305004495a9","hash":"56161bc6d98e05a9a430e8a4a472ade16102e967"}
,"/workspaces/limfs/js/services/api-service.js": {"path":"/workspaces/limfs/js/services/api-service.js","statementMap":{"0":{"start":{"line":11,"column":19},"end":{"line":31,"column":1}},"1":{"start":{"line":39,"column":23},"end":{"line":39,"column":48}},"2":{"start":{"line":40,"column":4},"end":{"line":40,"column":38}},"3":{"start":{"line":40,"column":20},"end":{"line":40,"column":38}},"4":{"start":{"line":42,"column":17},"end":{"line":42,"column":48}},"5":{"start":{"line":43,"column":4},"end":{"line":45,"column":5}},"6":{"start":{"line":44,"column":8},"end":{"line":44,"column":70}},"7":{"start":{"line":47,"column":4},"end":{"line":74,"column":5}},"8":{"start":{"line":48,"column":8},"end":{"line":73,"column":9}},"9":{"start":{"line":49,"column":26},"end":{"line":63,"column":13}},"10":{"start":{"line":51,"column":22},"end":{"line":62,"column":18}},"11":{"start":{"line":52,"column":37},"end":{"line":55,"column":22}},"12":{"start":{"line":57,"column":20},"end":{"line":59,"column":21}},"13":{"start":{"line":58,"column":24},"end":{"line":58,"column":82}},"14":{"start":{"line":61,"column":20},"end":{"line":61,"column":43}},"15":{"start":{"line":65,"column":37},"end":{"line":65,"column":69}},"16":{"start":{"line":66,"column":12},"end":{"line":69,"column":13}},"17":{"start":{"line":67,"column":16},"end":{"line":67,"column":57}},"18":{"start":{"line":68,"column":16},"end":{"line":68,"column":40}},"19":{"start":{"line":71,"column":12},"end":{"line":71,"column":73}},"20":{"start":{"line":72,"column":12},"end":{"line":72,"column":21}},"21":{"start":{"line":76,"column":4},"end":{"line":76,"column":69}},"22":{"start":{"line":84,"column":4},"end":{"line":108,"column":5}},"23":{"start":{"line":85,"column":20},"end":{"line":85,"column":24}},"24":{"start":{"line":86,"column":18},"end":{"line":86,"column":42}},"25":{"start":{"line":88,"column":8},"end":{"line":98,"column":9}},"26":{"start":{"line":90,"column":12},"end":{"line":90,"column":43}},"27":{"start":{"line":91,"column":12},"end":{"line":91,"column":48}},"28":{"start":{"line":92,"column":15},"end":{"line":98,"column":9}},"29":{"start":{"line":94,"column":26},"end":{"line":94,"column":64}},"30":{"start":{"line":95,"column":34},"end":{"line":95,"column":65}},"31":{"start":{"line":96,"column":12},"end":{"line":96,"column":53}},"32":{"start":{"line":97,"column":12},"end":{"line":97,"column":49}},"33":{"start":{"line":100,"column":8},"end":{"line":102,"column":9}},"34":{"start":{"line":101,"column":12},"end":{"line":101,"column":24}},"35":{"start":{"line":104,"column":8},"end":{"line":104,"column":30}},"36":{"start":{"line":106,"column":8},"end":{"line":106,"column":71}},"37":{"start":{"line":107,"column":8},"end":{"line":107,"column":20}}},"fnMap":{"0":{"name":"buscarDadosIndicador","decl":{"start":{"line":38,"column":22},"end":{"line":38,"column":42}},"loc":{"start":{"line":38,"column":54},"end":{"line":77,"column":1}},"line":38},"1":{"name":"(anonymous_1)","decl":{"start":{"line":51,"column":16},"end":{"line":51,"column":17}},"loc":{"start":{"line":51,"column":22},"end":{"line":62,"column":18}},"line":51},"2":{"name":"(anonymous_2)","decl":{"start":{"line":51,"column":31},"end":{"line":51,"column":32}},"loc":{"start":{"line":51,"column":43},"end":{"line":62,"column":17}},"line":51},"3":{"name":"processarDados","decl":{"start":{"line":83,"column":9},"end":{"line":83,"column":23}},"loc":{"start":{"line":83,"column":42},"end":{"line":109,"column":1}},"line":83}},"branchMap":{"0":{"loc":{"start":{"line":40,"column":4},"end":{"line":40,"column":38}},"type":"if","locations":[{"start":{"line":40,"column":4},"end":{"line":40,"column":38}},{"start":{},"end":{}}],"line":40},"1":{"loc":{"start":{"line":43,"column":4},"end":{"line":45,"column":5}},"type":"if","locations":[{"start":{"line":43,"column":4},"end":{"line":45,"column":5}},{"start":{},"end":{}}],"line":43},"2":{"loc":{"start":{"line":57,"column":20},"end":{"line":59,"column":21}},"type":"if","locations":[{"start":{"line":57,"column":20},"end":{"line":59,"column":21}},{"start":{},"end":{}}],"line":57},"3":{"loc":{"start":{"line":66,"column":12},"end":{"line":69,"column":13}},"type":"if","locations":[{"start":{"line":66,"column":12},"end":{"line":69,"column":13}},{"start":{},"end":{}}],"line":66},"4":{"loc":{"start":{"line":88,"column":8},"end":{"line":98,"column":9}},"type":"if","locations":[{"start":{"line":88,"column":8},"end":{"line":98,"column":9}},{"start":{"line":92,"column":15},"end":{"line":98,"column":9}}],"line":88},"5":{"loc":{"start":{"line":91,"column":18},"end":{"line":91,"column":47}},"type":"binary-expr","locations":[{"start":{"line":91,"column":18},"end":{"line":91,"column":40}},{"start":{"line":91,"column":44},"end":{"line":91,"column":47}}],"line":91},"6":{"loc":{"start":{"line":92,"column":15},"end":{"line":98,"column":9}},"type":"if","locations":[{"start":{"line":92,"column":15},"end":{"line":98,"column":9}},{"start":{},"end":{}}],"line":92},"7":{"loc":{"start":{"line":97,"column":18},"end":{"line":97,"column":48}},"type":"binary-expr","locations":[{"start":{"line":97,"column":18},"end":{"line":97,"column":41}},{"start":{"line":97,"column":45},"end":{"line":97,"column":48}}],"line":97},"8":{"loc":{"start":{"line":100,"column":8},"end":{"line":102,"column":9}},"type":"if","locations":[{"start":{"line":100,"column":8},"end":{"line":102,"column":9}},{"start":{},"end":{}}],"line":100},"9":{"loc":{"start":{"line":100,"column":12},"end":{"line":100,"column":42}},"type":"binary-expr","locations":[{"start":{"line":100,"column":12},"end":{"line":100,"column":26}},{"start":{"line":100,"column":30},"end":{"line":100,"column":42}}],"line":100}},"s":{"0":1,"1":1,"2":1,"3":0,"4":1,"5":1,"6":1,"7":0,"8":0,"9":0,"10":0,"11":0,"12":0,"13":0,"14":0,"15":0,"16":0,"17":0,"18":0,"19":0,"20":0,"21":0,"22":0,"23":0,"24":0,"25":0,"26":0,"27":0,"28":0,"29":0,"30":0,"31":0,"32":0,"33":0,"34":0,"35":0,"36":0,"37":0},"f":{"0":1,"1":0,"2":0,"3":0},"b":{"0":[0,1],"1":[1,0],"2":[0,0],"3":[0,0],"4":[0,0],"5":[0,0],"6":[0,0],"7":[0,0],"8":[0,0],"9":[0,0]},"_coverageSchema":"1a1c01bbd47fc00a2c39e90264f33305004495a9","hash":"64f38e933045e9fc9196349e5edbf968e1394c4c"}
,"/workspaces/limfs/js/services/monitoramento.js": {"path":"/workspaces/limfs/js/services/monitoramento.js","statementMap":{"0":{"start":{"line":7,"column":19},"end":{"line":12,"column":1}},"1":{"start":{"line":15,"column":17},"end":{"line":15,"column":32}},"2":{"start":{"line":22,"column":8},"end":{"line":22,"column":51}},"3":{"start":{"line":29,"column":8},"end":{"line":29,"column":75}},"4":{"start":{"line":36,"column":8},"end":{"line":43,"column":9}},"5":{"start":{"line":37,"column":12},"end":{"line":41,"column":14}},"6":{"start":{"line":42,"column":12},"end":{"line":42,"column":55}},"7":{"start":{"line":50,"column":8},"end":{"line":57,"column":9}},"8":{"start":{"line":51,"column":12},"end":{"line":55,"column":14}},"9":{"start":{"line":56,"column":12},"end":{"line":56,"column":54}},"10":{"start":{"line":64,"column":8},"end":{"line":71,"column":9}},"11":{"start":{"line":65,"column":12},"end":{"line":69,"column":14}},"12":{"start":{"line":70,"column":12},"end":{"line":70,"column":54}},"13":{"start":{"line":78,"column":8},"end":{"line":85,"column":9}},"14":{"start":{"line":79,"column":12},"end":{"line":83,"column":14}},"15":{"start":{"line":84,"column":12},"end":{"line":84,"column":55}},"16":{"start":{"line":92,"column":8},"end":{"line":110,"column":9}},"17":{"start":{"line":93,"column":26},"end":{"line":93,"column":44}},"18":{"start":{"line":94,"column":25},"end":{"line":94,"column":72}},"19":{"start":{"line":97,"column":12},"end":{"line":99,"column":13}},"20":{"start":{"line":98,"column":16},"end":{"line":98,"column":29}},"21":{"start":{"line":101,"column":12},"end":{"line":105,"column":15}},"22":{"start":{"line":107,"column":12},"end":{"line":107,"column":62}},"23":{"start":{"line":109,"column":12},"end":{"line":109,"column":58}},"24":{"start":{"line":117,"column":8},"end":{"line":123,"column":9}},"25":{"start":{"line":118,"column":26},"end":{"line":118,"column":44}},"26":{"start":{"line":119,"column":12},"end":{"line":119,"column":67}},"27":{"start":{"line":121,"column":12},"end":{"line":121,"column":72}},"28":{"start":{"line":122,"column":12},"end":{"line":122,"column":22}},"29":{"start":{"line":130,"column":21},"end":{"line":130,"column":46}},"30":{"start":{"line":131,"column":8},"end":{"line":133,"column":9}},"31":{"start":{"line":132,"column":12},"end":{"line":132,"column":44}},"32":{"start":{"line":135,"column":23},"end":{"line":135,"column":51}},"33":{"start":{"line":136,"column":8},"end":{"line":141,"column":11}},"34":{"start":{"line":137,"column":25},"end":{"line":137,"column":62}},"35":{"start":{"line":139,"column":37},"end":{"line":139,"column":69}},"36":{"start":{"line":140,"column":12},"end":{"line":140,"column":73}},"37":{"start":{"line":143,"column":8},"end":{"line":143,"column":24}},"38":{"start":{"line":152,"column":8},"end":{"line":152,"column":27}},"39":{"start":{"line":159,"column":8},"end":{"line":159,"column":72}},"40":{"start":{"line":159,"column":60},"end":{"line":159,"column":72}},"41":{"start":{"line":160,"column":8},"end":{"line":163,"column":10}},"42":{"start":{"line":170,"column":8},"end":{"line":170,"column":79}},"43":{"start":{"line":170,"column":72},"end":{"line":170,"column":79}},"44":{"start":{"line":172,"column":24},"end":{"line":172,"column":65}},"45":{"start":{"line":175,"column":8},"end":{"line":182,"column":9}},"46":{"start":{"line":176,"column":12},"end":{"line":181,"column":14}},"47":{"start":{"line":185,"column":22},"end":{"line":185,"column":53}},"48":{"start":{"line":186,"column":8},"end":{"line":186,"column":25}},"49":{"start":{"line":187,"column":8},"end":{"line":187,"column":31}},"50":{"start":{"line":188,"column":8},"end":{"line":188,"column":49}},"51":{"start":{"line":189,"column":8},"end":{"line":189,"column":49}},"52":{"start":{"line":191,"column":8},"end":{"line":191,"column":23}},"53":{"start":{"line":198,"column":26},"end":{"line":198,"column":28}},"54":{"start":{"line":200,"column":8},"end":{"line":207,"column":11}},"55":{"start":{"line":201,"column":12},"end":{"line":206,"column":14}},"56":{"start":{"line":209,"column":8},"end":{"line":209,"column":25}},"57":{"start":{"line":214,"column":22},"end":{"line":214,"column":41}},"58":{"start":{"line":215,"column":34},"end":{"line":215,"column":58}},"59":{"start":{"line":219,"column":4},"end":{"line":223,"column":5}},"60":{"start":{"line":220,"column":8},"end":{"line":220,"column":39}},"61":{"start":{"line":221,"column":8},"end":{"line":221,"column":59}},"62":{"start":{"line":222,"column":8},"end":{"line":222,"column":20}},"63":{"start":{"line":224,"column":4},"end":{"line":224,"column":17}},"64":{"start":{"line":228,"column":4},"end":{"line":230,"column":5}},"65":{"start":{"line":229,"column":8},"end":{"line":229,"column":18}},"66":{"start":{"line":232,"column":4},"end":{"line":239,"column":6}}},"fnMap":{"0":{"name":"(anonymous_0)","decl":{"start":{"line":21,"column":4},"end":{"line":21,"column":5}},"loc":{"start":{"line":21,"column":29},"end":{"line":23,"column":5}},"line":21},"1":{"name":"(anonymous_1)","decl":{"start":{"line":28,"column":4},"end":{"line":28,"column":5}},"loc":{"start":{"line":28,"column":19},"end":{"line":30,"column":5}},"line":28},"2":{"name":"(anonymous_2)","decl":{"start":{"line":35,"column":4},"end":{"line":35,"column":5}},"loc":{"start":{"line":35,"column":19},"end":{"line":44,"column":5}},"line":35},"3":{"name":"(anonymous_3)","decl":{"start":{"line":49,"column":4},"end":{"line":49,"column":5}},"loc":{"start":{"line":49,"column":18},"end":{"line":58,"column":5}},"line":49},"4":{"name":"(anonymous_4)","decl":{"start":{"line":63,"column":4},"end":{"line":63,"column":5}},"loc":{"start":{"line":63,"column":18},"end":{"line":72,"column":5}},"line":63},"5":{"name":"(anonymous_5)","decl":{"start":{"line":77,"column":4},"end":{"line":77,"column":5}},"loc":{"start":{"line":77,"column":19},"end":{"line":86,"column":5}},"line":77},"6":{"name":"(anonymous_6)","decl":{"start":{"line":91,"column":4},"end":{"line":91,"column":5}},"loc":{"start":{"line":91,"column":34},"end":{"line":111,"column":5}},"line":91},"7":{"name":"(anonymous_7)","decl":{"start":{"line":116,"column":4},"end":{"line":116,"column":5}},"loc":{"start":{"line":116,"column":25},"end":{"line":124,"column":5}},"line":116},"8":{"name":"(anonymous_8)","decl":{"start":{"line":129,"column":4},"end":{"line":129,"column":5}},"loc":{"start":{"line":129,"column":19},"end":{"line":144,"column":5}},"line":129},"9":{"name":"(anonymous_9)","decl":{"start":{"line":136,"column":21},"end":{"line":136,"column":22}},"loc":{"start":{"line":136,"column":28},"end":{"line":141,"column":9}},"line":136},"10":{"name":"(anonymous_10)","decl":{"start":{"line":151,"column":4},"end":{"line":151,"column":5}},"loc":{"start":{"line":151,"column":18},"end":{"line":153,"column":5}},"line":151},"11":{"name":"(anonymous_11)","decl":{"start":{"line":158,"column":4},"end":{"line":158,"column":5}},"loc":{"start":{"line":158,"column":29},"end":{"line":164,"column":5}},"line":158},"12":{"name":"(anonymous_12)","decl":{"start":{"line":169,"column":4},"end":{"line":169,"column":5}},"loc":{"start":{"line":169,"column":30},"end":{"line":192,"column":5}},"line":169},"13":{"name":"(anonymous_13)","decl":{"start":{"line":197,"column":4},"end":{"line":197,"column":5}},"loc":{"start":{"line":197,"column":24},"end":{"line":210,"column":5}},"line":197},"14":{"name":"(anonymous_14)","decl":{"start":{"line":200,"column":46},"end":{"line":200,"column":47}},"loc":{"start":{"line":200,"column":69},"end":{"line":207,"column":9}},"line":200},"15":{"name":"configurarNivelLog","decl":{"start":{"line":218,"column":16},"end":{"line":218,"column":34}},"loc":{"start":{"line":218,"column":42},"end":{"line":225,"column":1}},"line":218},"16":{"name":"medicoesGlobais","decl":{"start":{"line":227,"column":16},"end":{"line":227,"column":31}},"loc":{"start":{"line":227,"column":34},"end":{"line":240,"column":1}},"line":227}},"branchMap":{"0":{"loc":{"start":{"line":21,"column":16},"end":{"line":21,"column":27}},"type":"default-arg","locations":[{"start":{"line":21,"column":25},"end":{"line":21,"column":27}}],"line":21},"1":{"loc":{"start":{"line":22,"column":22},"end":{"line":22,"column":50}},"type":"cond-expr","locations":[{"start":{"line":22,"column":31},"end":{"line":22,"column":45}},{"start":{"line":22,"column":48},"end":{"line":22,"column":50}}],"line":22},"2":{"loc":{"start":{"line":36,"column":8},"end":{"line":43,"column":9}},"type":"if","locations":[{"start":{"line":36,"column":8},"end":{"line":43,"column":9}},{"start":{},"end":{}}],"line":36},"3":{"loc":{"start":{"line":50,"column":8},"end":{"line":57,"column":9}},"type":"if","locations":[{"start":{"line":50,"column":8},"end":{"line":57,"column":9}},{"start":{},"end":{}}],"line":50},"4":{"loc":{"start":{"line":64,"column":8},"end":{"line":71,"column":9}},"type":"if","locations":[{"start":{"line":64,"column":8},"end":{"line":71,"column":9}},{"start":{},"end":{}}],"line":64},"5":{"loc":{"start":{"line":78,"column":8},"end":{"line":85,"column":9}},"type":"if","locations":[{"start":{"line":78,"column":8},"end":{"line":85,"column":9}},{"start":{},"end":{}}],"line":78},"6":{"loc":{"start":{"line":94,"column":36},"end":{"line":94,"column":71}},"type":"binary-expr","locations":[{"start":{"line":94,"column":36},"end":{"line":94,"column":63}},{"start":{"line":94,"column":67},"end":{"line":94,"column":71}}],"line":94},"7":{"loc":{"start":{"line":97,"column":12},"end":{"line":99,"column":13}},"type":"if","locations":[{"start":{"line":97,"column":12},"end":{"line":99,"column":13}},{"start":{},"end":{}}],"line":97},"8":{"loc":{"start":{"line":119,"column":30},"end":{"line":119,"column":65}},"type":"binary-expr","locations":[{"start":{"line":119,"column":30},"end":{"line":119,"column":57}},{"start":{"line":119,"column":61},"end":{"line":119,"column":65}}],"line":119},"9":{"loc":{"start":{"line":131,"column":8},"end":{"line":133,"column":9}},"type":"if","locations":[{"start":{"line":131,"column":8},"end":{"line":133,"column":9}},{"start":{},"end":{}}],"line":131},"10":{"loc":{"start":{"line":159,"column":8},"end":{"line":159,"column":72}},"type":"if","locations":[{"start":{"line":159,"column":8},"end":{"line":159,"column":72}},{"start":{},"end":{}}],"line":159},"11":{"loc":{"start":{"line":159,"column":12},"end":{"line":159,"column":58}},"type":"binary-expr","locations":[{"start":{"line":159,"column":12},"end":{"line":159,"column":31}},{"start":{"line":159,"column":35},"end":{"line":159,"column":58}}],"line":159},"12":{"loc":{"start":{"line":170,"column":8},"end":{"line":170,"column":79}},"type":"if","locations":[{"start":{"line":170,"column":8},"end":{"line":170,"column":79}},{"start":{},"end":{}}],"line":170},"13":{"loc":{"start":{"line":170,"column":12},"end":{"line":170,"column":70}},"type":"binary-expr","locations":[{"start":{"line":170,"column":12},"end":{"line":170,"column":20}},{"start":{"line":170,"column":24},"end":{"line":170,"column":43}},{"start":{"line":170,"column":47},"end":{"line":170,"column":70}}],"line":170},"14":{"loc":{"start":{"line":175,"column":8},"end":{"line":182,"column":9}},"type":"if","locations":[{"start":{"line":175,"column":8},"end":{"line":182,"column":9}},{"start":{},"end":{}}],"line":175},"15":{"loc":{"start":{"line":219,"column":4},"end":{"line":223,"column":5}},"type":"if","locations":[{"start":{"line":219,"column":4},"end":{"line":223,"column":5}},{"start":{},"end":{}}],"line":219},"16":{"loc":{"start":{"line":228,"column":4},"end":{"line":230,"column":5}},"type":"if","locations":[{"start":{"line":228,"column":4},"end":{"line":230,"column":5}},{"start":{},"end":{}}],"line":228},"17":{"loc":{"start":{"line":228,"column":8},"end":{"line":228,"column":57}},"type":"binary-expr","locations":[{"start":{"line":228,"column":8},"end":{"line":228,"column":27}},{"start":{"line":228,"column":31},"end":{"line":228,"column":57}}],"line":228}},"s":{"0":2,"1":2,"2":2,"3":7,"4":1,"5":0,"6":0,"7":3,"8":3,"9":3,"10":1,"11":1,"12":1,"13":3,"14":3,"15":3,"16":7,"17":7,"18":7,"19":7,"20":0,"21":7,"22":7,"23":0,"24":1,"25":1,"26":1,"27":0,"28":0,"29":1,"30":1,"31":0,"32":1,"33":1,"34":3,"35":3,"36":3,"37":1,"38":2,"39":1,"40":0,"41":1,"42":1,"43":0,"44":1,"45":1,"46":1,"47":1,"48":1,"49":1,"50":1,"51":1,"52":1,"53":1,"54":1,"55":1,"56":1,"57":2,"58":2,"59":1,"60":1,"61":1,"62":1,"63":0,"64":0,"65":0,"66":0},"f":{"0":2,"1":7,"2":1,"3":3,"4":1,"5":3,"6":7,"7":1,"8":1,"9":3,"10":2,"11":1,"12":1,"13":1,"14":1,"15":1,"16":0},"b":{"0":[0],"1":[2,0],"2":[0,1],"3":[3,0],"4":[1,0],"5":[3,0],"6":[7,3],"7":[0,7],"8":[1,0],"9":[0,1],"10":[0,1],"11":[1,1],"12":[0,1],"13":[1,1,1],"14":[1,0],"15":[1,0],"16":[0,0],"17":[0,0]},"_coverageSchema":"1a1c01bbd47fc00a2c39e90264f33305004495a9","hash":"08c77358921768ece473e03280fb09bf1cbbb804"}
,"/workspaces/limfs/js/utils/cache.js": {"path":"/workspaces/limfs/js/utils/cache.js","statementMap":{"0":{"start":{"line":6,"column":18},"end":{"line":6,"column":37}},"1":{"start":{"line":14,"column":4},"end":{"line":30,"column":5}},"2":{"start":{"line":15,"column":25},"end":{"line":15,"column":67}},"3":{"start":{"line":16,"column":8},"end":{"line":16,"column":35}},"4":{"start":{"line":16,"column":23},"end":{"line":16,"column":35}},"5":{"start":{"line":18,"column":22},"end":{"line":18,"column":42}},"6":{"start":{"line":19,"column":22},"end":{"line":19,"column":42}},"7":{"start":{"line":21,"column":8},"end":{"line":23,"column":9}},"8":{"start":{"line":22,"column":12},"end":{"line":22,"column":31}},"9":{"start":{"line":25,"column":8},"end":{"line":25,"column":54}},"10":{"start":{"line":26,"column":8},"end":{"line":26,"column":20}},"11":{"start":{"line":28,"column":8},"end":{"line":28,"column":69}},"12":{"start":{"line":29,"column":8},"end":{"line":29,"column":20}},"13":{"start":{"line":39,"column":4},"end":{"line":48,"column":5}},"14":{"start":{"line":40,"column":22},"end":{"line":43,"column":9}},"15":{"start":{"line":45,"column":8},"end":{"line":45,"column":74}},"16":{"start":{"line":47,"column":8},"end":{"line":47,"column":66}},"17":{"start":{"line":55,"column":4},"end":{"line":68,"column":5}},"18":{"start":{"line":56,"column":22},"end":{"line":56,"column":42}},"19":{"start":{"line":58,"column":8},"end":{"line":65,"column":15}},"20":{"start":{"line":59,"column":27},"end":{"line":59,"column":55}},"21":{"start":{"line":61,"column":30},"end":{"line":61,"column":67}},"22":{"start":{"line":62,"column":16},"end":{"line":64,"column":17}},"23":{"start":{"line":63,"column":20},"end":{"line":63,"column":49}},"24":{"start":{"line":67,"column":8},"end":{"line":67,"column":61}}},"fnMap":{"0":{"name":"verificarCache","decl":{"start":{"line":13,"column":16},"end":{"line":13,"column":30}},"loc":{"start":{"line":13,"column":38},"end":{"line":31,"column":1}},"line":13},"1":{"name":"salvarCache","decl":{"start":{"line":38,"column":16},"end":{"line":38,"column":27}},"loc":{"start":{"line":38,"column":42},"end":{"line":49,"column":1}},"line":38},"2":{"name":"limparCacheExpirado","decl":{"start":{"line":54,"column":16},"end":{"line":54,"column":35}},"loc":{"start":{"line":54,"column":38},"end":{"line":69,"column":1}},"line":54},"3":{"name":"(anonymous_3)","decl":{"start":{"line":59,"column":20},"end":{"line":59,"column":21}},"loc":{"start":{"line":59,"column":27},"end":{"line":59,"column":55}},"line":59},"4":{"name":"(anonymous_4)","decl":{"start":{"line":60,"column":21},"end":{"line":60,"column":22}},"loc":{"start":{"line":60,"column":28},"end":{"line":65,"column":13}},"line":60}},"branchMap":{"0":{"loc":{"start":{"line":16,"column":8},"end":{"line":16,"column":35}},"type":"if","locations":[{"start":{"line":16,"column":8},"end":{"line":16,"column":35}},{"start":{},"end":{}}],"line":16},"1":{"loc":{"start":{"line":21,"column":8},"end":{"line":23,"column":9}},"type":"if","locations":[{"start":{"line":21,"column":8},"end":{"line":23,"column":9}},{"start":{},"end":{}}],"line":21},"2":{"loc":{"start":{"line":62,"column":16},"end":{"line":64,"column":17}},"type":"if","locations":[{"start":{"line":62,"column":16},"end":{"line":64,"column":17}},{"start":{},"end":{}}],"line":62}},"s":{"0":2,"1":6,"2":6,"3":6,"4":2,"5":4,"6":4,"7":4,"8":3,"9":1,"10":1,"11":0,"12":0,"13":3,"14":3,"15":3,"16":0,"17":1,"18":1,"19":1,"20":4,"21":0,"22":0,"23":0,"24":0},"f":{"0":6,"1":3,"2":1,"3":4,"4":0},"b":{"0":[2,4],"1":[3,1],"2":[0,0]},"_coverageSchema":"1a1c01bbd47fc00a2c39e90264f33305004495a9","hash":"fb548854935919e7dc2b8f815f6e543f3e453dc3"}
,"/workspaces/limfs/js/utils/circuit-breaker.js": {"path":"/workspaces/limfs/js/utils/circuit-breaker.js","statementMap":{"0":{"start":{"line":6,"column":31},"end":{"line":10,"column":1}},"1":{"start":{"line":12,"column":22},"end":{"line":12,"column":31}},"2":{"start":{"line":21,"column":21},"end":{"line":21,"column":43}},"3":{"start":{"line":23,"column":4},"end":{"line":25,"column":5}},"4":{"start":{"line":24,"column":8},"end":{"line":24,"column":49}},"5":{"start":{"line":27,"column":4},"end":{"line":34,"column":5}},"6":{"start":{"line":28,"column":26},"end":{"line":28,"column":36}},"7":{"start":{"line":29,"column":8},"end":{"line":29,"column":28}},"8":{"start":{"line":30,"column":8},"end":{"line":30,"column":25}},"9":{"start":{"line":32,"column":8},"end":{"line":32,"column":30}},"10":{"start":{"line":33,"column":8},"end":{"line":33,"column":19}},"11":{"start":{"line":42,"column":4},"end":{"line":49,"column":5}},"12":{"start":{"line":43,"column":8},"end":{"line":48,"column":11}},"13":{"start":{"line":50,"column":4},"end":{"line":50,"column":36}},"14":{"start":{"line":58,"column":21},"end":{"line":58,"column":43}},"15":{"start":{"line":59,"column":4},"end":{"line":59,"column":22}},"16":{"start":{"line":60,"column":4},"end":{"line":60,"column":38}},"17":{"start":{"line":62,"column":4},"end":{"line":65,"column":5}},"18":{"start":{"line":63,"column":8},"end":{"line":63,"column":30}},"19":{"start":{"line":64,"column":8},"end":{"line":64,"column":88}},"20":{"start":{"line":73,"column":4},"end":{"line":73,"column":64}},"21":{"start":{"line":81,"column":4},"end":{"line":86,"column":7}},"22":{"start":{"line":95,"column":4},"end":{"line":95,"column":41}}},"fnMap":{"0":{"name":"comCircuitBreaker","decl":{"start":{"line":20,"column":22},"end":{"line":20,"column":39}},"loc":{"start":{"line":20,"column":51},"end":{"line":35,"column":1}},"line":20},"1":{"name":"getCircuitState","decl":{"start":{"line":41,"column":9},"end":{"line":41,"column":24}},"loc":{"start":{"line":41,"column":32},"end":{"line":51,"column":1}},"line":41},"2":{"name":"registrarFalha","decl":{"start":{"line":57,"column":9},"end":{"line":57,"column":23}},"loc":{"start":{"line":57,"column":31},"end":{"line":66,"column":1}},"line":57},"3":{"name":"isCircuitoExpirado","decl":{"start":{"line":72,"column":9},"end":{"line":72,"column":27}},"loc":{"start":{"line":72,"column":38},"end":{"line":74,"column":1}},"line":72},"4":{"name":"resetCircuit","decl":{"start":{"line":80,"column":9},"end":{"line":80,"column":21}},"loc":{"start":{"line":80,"column":29},"end":{"line":87,"column":1}},"line":80},"5":{"name":"getEstadoCircuito","decl":{"start":{"line":94,"column":16},"end":{"line":94,"column":33}},"loc":{"start":{"line":94,"column":41},"end":{"line":96,"column":1}},"line":94}},"branchMap":{"0":{"loc":{"start":{"line":23,"column":4},"end":{"line":25,"column":5}},"type":"if","locations":[{"start":{"line":23,"column":4},"end":{"line":25,"column":5}},{"start":{},"end":{}}],"line":23},"1":{"loc":{"start":{"line":23,"column":8},"end":{"line":23,"column":55}},"type":"binary-expr","locations":[{"start":{"line":23,"column":8},"end":{"line":23,"column":22}},{"start":{"line":23,"column":26},"end":{"line":23,"column":55}}],"line":23},"2":{"loc":{"start":{"line":42,"column":4},"end":{"line":49,"column":5}},"type":"if","locations":[{"start":{"line":42,"column":4},"end":{"line":49,"column":5}},{"start":{},"end":{}}],"line":42},"3":{"loc":{"start":{"line":62,"column":4},"end":{"line":65,"column":5}},"type":"if","locations":[{"start":{"line":62,"column":4},"end":{"line":65,"column":5}},{"start":{},"end":{}}],"line":62},"4":{"loc":{"start":{"line":73,"column":11},"end":{"line":73,"column":63}},"type":"binary-expr","locations":[{"start":{"line":73,"column":11},"end":{"line":73,"column":28}},{"start":{"line":73,"column":32},"end":{"line":73,"column":63}}],"line":73}},"s":{"0":1,"1":1,"2":1,"3":1,"4":0,"5":1,"6":1,"7":1,"8":1,"9":0,"10":0,"11":1,"12":1,"13":1,"14":0,"15":0,"16":0,"17":0,"18":0,"19":0,"20":0,"21":1,"22":0},"f":{"0":1,"1":1,"2":0,"3":0,"4":1,"5":0},"b":{"0":[0,1],"1":[1,0],"2":[1,0],"3":[0,0],"4":[0,0]},"_coverageSchema":"1a1c01bbd47fc00a2c39e90264f33305004495a9","hash":"23ab873bea2c17e38ac8b41dffcb9e280019e1f1"}
,"/workspaces/limfs/js/utils/retry.js": {"path":"/workspaces/limfs/js/utils/retry.js","statementMap":{"0":{"start":{"line":6,"column":21},"end":{"line":10,"column":1}},"1":{"start":{"line":22,"column":19},"end":{"line":22,"column":50}},"2":{"start":{"line":25,"column":4},"end":{"line":42,"column":5}},"3":{"start":{"line":25,"column":25},"end":{"line":25,"column":26}},"4":{"start":{"line":26,"column":8},"end":{"line":41,"column":9}},"5":{"start":{"line":27,"column":12},"end":{"line":27,"column":30}},"6":{"start":{"line":29,"column":12},"end":{"line":29,"column":30}},"7":{"start":{"line":31,"column":12},"end":{"line":33,"column":13}},"8":{"start":{"line":32,"column":16},"end":{"line":32,"column":27}},"9":{"start":{"line":35,"column":26},"end":{"line":38,"column":13}},"10":{"start":{"line":40,"column":12},"end":{"line":40,"column":69}},"11":{"start":{"line":40,"column":41},"end":{"line":40,"column":67}},"12":{"start":{"line":44,"column":4},"end":{"line":44,"column":21}},"13":{"start":{"line":55,"column":4},"end":{"line":55,"column":73}}},"fnMap":{"0":{"name":"comRetry","decl":{"start":{"line":21,"column":22},"end":{"line":21,"column":30}},"loc":{"start":{"line":21,"column":49},"end":{"line":45,"column":1}},"line":21},"1":{"name":"(anonymous_1)","decl":{"start":{"line":40,"column":30},"end":{"line":40,"column":31}},"loc":{"start":{"line":40,"column":41},"end":{"line":40,"column":67}},"line":40},"2":{"name":"calcularBackoff","decl":{"start":{"line":54,"column":16},"end":{"line":54,"column":31}},"loc":{"start":{"line":54,"column":121},"end":{"line":56,"column":1}},"line":54}},"branchMap":{"0":{"loc":{"start":{"line":21,"column":35},"end":{"line":21,"column":47}},"type":"default-arg","locations":[{"start":{"line":21,"column":45},"end":{"line":21,"column":47}}],"line":21},"1":{"loc":{"start":{"line":31,"column":12},"end":{"line":33,"column":13}},"type":"if","locations":[{"start":{"line":31,"column":12},"end":{"line":33,"column":13}},{"start":{},"end":{}}],"line":31},"2":{"loc":{"start":{"line":54,"column":43},"end":{"line":54,"column":84}},"type":"default-arg","locations":[{"start":{"line":54,"column":58},"end":{"line":54,"column":84}}],"line":54},"3":{"loc":{"start":{"line":54,"column":86},"end":{"line":54,"column":119}},"type":"default-arg","locations":[{"start":{"line":54,"column":97},"end":{"line":54,"column":119}}],"line":54}},"s":{"0":1,"1":1,"2":1,"3":1,"4":1,"5":1,"6":0,"7":0,"8":0,"9":0,"10":0,"11":0,"12":0,"13":0},"f":{"0":1,"1":0,"2":0},"b":{"0":[1],"1":[0,0],"2":[0],"3":[0]},"_coverageSchema":"1a1c01bbd47fc00a2c39e90264f33305004495a9","hash":"9b6740908de6089a8c5567f3cd4370154c58c007"}
}
