TN:
SF:js/painel-ods.js
FN:178,carregarDadosAtualizados
FN:226,armazenarCacheLocal
FN:239,verificarCacheLocal
FN:261,analisarResposta
FN:324,tentarMultiplosEndpoints
FN:375,(anonymous_5)
FN:409,buscarDadosAPI
FN:442,usarDadosFallback
FN:464,renderizarIndicador
FN:547,(anonymous_9)
FN:564,(anonymous_10)
FN:570,(anonymous_11)
FN:583,(anonymous_12)
FN:615,(anonymous_13)
FN:631,gerarGrafico
FN:638,(anonymous_15)
FN:639,(anonymous_16)
FN:679,(anonymous_17)
FN:704,(anonymous_18)
FN:729,gerarGraficoComparativo
FN:738,(anonymous_20)
FN:752,(anonymous_21)
FN:790,(anonymous_22)
FN:815,(anonymous_23)
FN:844,mostrarMensagemSucesso
FN:852,(anonymous_25)
FN:854,(anonymous_26)
FN:865,atualizarDataAtualizacao
FN:889,registrarErroPersistente
FN:929,inicializarPainel
FN:936,(anonymous_30)
FN:965,(anonymous_31)
FN:973,(anonymous_32)
FN:974,(anonymous_33)
FNF:34
FNH:4
FNDA:0,carregarDadosAtualizados
FNDA:1,armazenarCacheLocal
FNDA:2,verificarCacheLocal
FNDA:3,analisarResposta
FNDA:0,tentarMultiplosEndpoints
FNDA:0,(anonymous_5)
FNDA:0,buscarDadosAPI
FNDA:0,usarDadosFallback
FNDA:0,renderizarIndicador
FNDA:0,(anonymous_9)
FNDA:0,(anonymous_10)
FNDA:0,(anonymous_11)
FNDA:0,(anonymous_12)
FNDA:0,(anonymous_13)
FNDA:0,gerarGrafico
FNDA:0,(anonymous_15)
FNDA:0,(anonymous_16)
FNDA:0,(anonymous_17)
FNDA:0,(anonymous_18)
FNDA:0,gerarGraficoComparativo
FNDA:0,(anonymous_20)
FNDA:0,(anonymous_21)
FNDA:0,(anonymous_22)
FNDA:0,(anonymous_23)
FNDA:0,mostrarMensagemSucesso
FNDA:0,(anonymous_25)
FNDA:0,(anonymous_26)
FNDA:0,atualizarDataAtualizacao
FNDA:3,registrarErroPersistente
FNDA:0,inicializarPainel
FNDA:0,(anonymous_30)
FNDA:0,(anonymous_31)
FNDA:0,(anonymous_32)
FNDA:0,(anonymous_33)
DA:7,5
DA:15,5
DA:71,5
DA:105,5
DA:115,5
DA:179,0
DA:180,0
DA:181,0
DA:183,0
DA:184,0
DA:185,0
DA:188,0
DA:190,0
DA:191,0
DA:192,0
DA:195,0
DA:196,0
DA:197,0
DA:198,0
DA:199,0
DA:200,0
DA:202,0
DA:204,0
DA:207,0
DA:216,0
DA:217,0
DA:227,1
DA:228,1
DA:230,0
DA:240,2
DA:241,2
DA:242,2
DA:243,1
DA:245,1
DA:247,0
DA:248,0
DA:249,0
DA:262,3
DA:263,2
DA:264,2
DA:265,2
DA:267,2
DA:268,1
DA:275,2
DA:276,1
DA:277,1
DA:278,0
DA:279,0
DA:280,0
DA:281,0
DA:289,2
DA:290,1
DA:291,1
DA:292,0
DA:293,0
DA:294,0
DA:295,0
DA:303,2
DA:304,0
DA:305,0
DA:308,2
DA:309,2
DA:325,0
DA:328,0
DA:329,0
DA:331,0
DA:332,0
DA:335,0
DA:336,0
DA:337,0
DA:340,0
DA:341,0
DA:342,0
DA:343,0
DA:344,0
DA:345,0
DA:346,0
DA:350,0
DA:351,0
DA:354,0
DA:355,0
DA:357,0
DA:358,0
DA:359,0
DA:360,0
DA:362,0
DA:363,0
DA:367,0
DA:369,0
DA:370,0
DA:373,0
DA:374,0
DA:375,0
DA:380,0
DA:381,0
DA:383,0
DA:384,0
DA:385,0
DA:386,0
DA:387,0
DA:390,0
DA:391,0
DA:393,0
DA:396,0
DA:397,0
DA:410,0
DA:412,0
DA:413,0
DA:414,0
DA:415,0
DA:416,0
DA:417,0
DA:418,0
DA:420,0
DA:424,0
DA:425,0
DA:426,0
DA:427,0
DA:428,0
DA:431,0
DA:432,0
DA:433,0
DA:434,0
DA:443,0
DA:444,0
DA:448,0
DA:450,0
DA:465,0
DA:466,0
DA:467,0
DA:468,0
DA:471,0
DA:472,0
DA:473,0
DA:474,0
DA:477,0
DA:478,0
DA:479,0
DA:482,0
DA:483,0
DA:484,0
DA:485,0
DA:486,0
DA:487,0
DA:488,0
DA:490,0
DA:495,0
DA:496,0
DA:497,0
DA:498,0
DA:499,0
DA:500,0
DA:501,0
DA:503,0
DA:504,0
DA:505,0
DA:506,0
DA:508,0
DA:509,0
DA:510,0
DA:512,0
DA:513,0
DA:514,0
DA:516,0
DA:517,0
DA:518,0
DA:519,0
DA:521,0
DA:522,0
DA:523,0
DA:524,0
DA:525,0
DA:526,0
DA:527,0
DA:528,0
DA:530,0
DA:533,0
DA:543,0
DA:545,0
DA:546,0
DA:547,0
DA:548,0
DA:549,0
DA:550,0
DA:552,0
DA:554,0
DA:555,0
DA:557,0
DA:558,0
DA:559,0
DA:561,0
DA:562,0
DA:563,0
DA:564,0
DA:568,0
DA:569,0
DA:570,0
DA:578,0
DA:579,0
DA:580,0
DA:581,0
DA:582,0
DA:583,0
DA:584,0
DA:587,0
DA:589,0
DA:591,0
DA:592,0
DA:593,0
DA:595,0
DA:596,0
DA:597,0
DA:598,0
DA:602,0
DA:603,0
DA:604,0
DA:605,0
DA:608,0
DA:609,0
DA:615,0
DA:621,0
DA:622,0
DA:632,0
DA:633,0
DA:634,0
DA:635,0
DA:638,0
DA:639,0
DA:641,0
DA:642,0
DA:643,0
DA:644,0
DA:645,0
DA:648,0
DA:649,0
DA:650,0
DA:653,0
DA:654,0
DA:680,0
DA:705,0
DA:706,0
DA:707,0
DA:709,0
DA:710,0
DA:712,0
DA:730,0
DA:731,0
DA:732,0
DA:733,0
DA:734,0
DA:737,0
DA:738,0
DA:740,0
DA:741,0
DA:742,0
DA:745,0
DA:746,0
DA:747,0
DA:749,0
DA:750,0
DA:752,0
DA:766,0
DA:767,0
DA:768,0
DA:771,0
DA:772,0
DA:773,0
DA:776,0
DA:777,0
DA:791,0
DA:816,0
DA:817,0
DA:818,0
DA:819,0
DA:821,0
DA:845,0
DA:846,0
DA:847,0
DA:848,0
DA:849,0
DA:850,0
DA:852,0
DA:853,0
DA:854,0
DA:855,0
DA:856,0
DA:866,0
DA:867,0
DA:868,0
DA:869,0
DA:870,0
DA:871,0
DA:872,0
DA:873,0
DA:875,0
DA:876,0
DA:879,0
DA:890,3
DA:891,3
DA:893,3
DA:894,3
DA:900,3
DA:901,3
DA:902,3
DA:903,1
DA:904,1
DA:905,1
DA:907,0
DA:908,0
DA:912,3
DA:914,3
DA:915,0
DA:918,3
DA:921,0
DA:930,0
DA:931,0
DA:933,0
DA:935,0
DA:936,0
DA:937,0
DA:938,0
DA:939,0
DA:940,0
DA:942,0
DA:943,0
DA:944,0
DA:946,0
DA:948,0
DA:949,0
DA:952,0
DA:955,0
DA:957,0
DA:958,0
DA:960,0
DA:963,0
DA:964,0
DA:965,0
DA:966,0
DA:967,0
DA:970,0
DA:973,0
DA:974,0
DA:976,0
DA:977,0
DA:979,0
DA:980,0
DA:982,0
DA:983,0
DA:986,0
DA:989,5
DA:990,5
DA:993,5
LF:352
LH:43
BRDA:183,0,0,0
BRDA:183,0,1,0
BRDA:190,1,0,0
BRDA:190,1,1,0
BRDA:190,2,0,0
BRDA:190,2,1,0
BRDA:190,2,2,0
BRDA:195,3,0,0
BRDA:195,3,1,0
BRDA:196,4,0,0
BRDA:196,4,1,0
BRDA:199,5,0,0
BRDA:199,5,1,0
BRDA:209,6,0,0
BRDA:209,6,1,0
BRDA:209,7,0,0
BRDA:209,7,1,0
BRDA:242,8,0,1
BRDA:242,8,1,1
BRDA:242,9,0,2
BRDA:242,9,1,1
BRDA:242,9,2,1
BRDA:261,10,0,0
BRDA:262,11,0,2
BRDA:262,11,1,1
BRDA:262,12,0,3
BRDA:262,12,1,2
BRDA:264,13,0,2
BRDA:264,13,1,1
BRDA:267,14,0,1
BRDA:267,14,1,1
BRDA:267,15,0,2
BRDA:267,15,1,1
BRDA:267,15,2,1
BRDA:270,16,0,1
BRDA:270,16,1,0
BRDA:275,17,0,1
BRDA:275,17,1,1
BRDA:275,18,0,2
BRDA:275,18,1,1
BRDA:277,19,0,0
BRDA:277,19,1,1
BRDA:280,20,0,0
BRDA:280,20,1,0
BRDA:280,21,0,0
BRDA:280,21,1,0
BRDA:280,21,2,0
BRDA:289,22,0,1
BRDA:289,22,1,1
BRDA:289,23,0,2
BRDA:289,23,1,1
BRDA:291,24,0,0
BRDA:291,24,1,1
BRDA:294,25,0,0
BRDA:294,25,1,0
BRDA:294,26,0,0
BRDA:294,26,1,0
BRDA:294,26,2,0
BRDA:303,27,0,0
BRDA:303,27,1,2
BRDA:303,28,0,2
BRDA:303,28,1,0
BRDA:324,29,0,0
BRDA:324,30,0,0
BRDA:324,31,0,0
BRDA:329,32,0,0
BRDA:329,32,1,0
BRDA:335,33,0,0
BRDA:335,33,1,0
BRDA:350,34,0,0
BRDA:350,34,1,0
BRDA:357,35,0,0
BRDA:357,35,1,0
BRDA:369,36,0,0
BRDA:369,36,1,0
BRDA:384,37,0,0
BRDA:384,37,1,0
BRDA:413,38,0,0
BRDA:413,38,1,0
BRDA:416,39,0,0
BRDA:416,39,1,0
BRDA:416,40,0,0
BRDA:416,40,1,0
BRDA:425,41,0,0
BRDA:425,41,1,0
BRDA:444,42,0,0
BRDA:444,42,1,0
BRDA:444,43,0,0
BRDA:444,43,1,0
BRDA:466,44,0,0
BRDA:466,44,1,0
BRDA:472,45,0,0
BRDA:472,45,1,0
BRDA:482,46,0,0
BRDA:482,46,1,0
BRDA:483,47,0,0
BRDA:483,47,1,0
BRDA:486,48,0,0
BRDA:486,48,1,0
BRDA:490,49,0,0
BRDA:490,49,1,0
BRDA:505,50,0,0
BRDA:505,50,1,0
BRDA:505,51,0,0
BRDA:505,51,1,0
BRDA:514,52,0,0
BRDA:514,52,1,0
BRDA:521,53,0,0
BRDA:521,53,1,0
BRDA:525,54,0,0
BRDA:525,54,1,0
BRDA:527,55,0,0
BRDA:527,55,1,0
BRDA:528,56,0,0
BRDA:528,56,1,0
BRDA:546,57,0,0
BRDA:546,57,1,0
BRDA:550,58,0,0
BRDA:550,58,1,0
BRDA:582,59,0,0
BRDA:582,59,1,0
BRDA:591,60,0,0
BRDA:591,60,1,0
BRDA:591,61,0,0
BRDA:591,61,1,0
BRDA:597,62,0,0
BRDA:597,62,1,0
BRDA:604,63,0,0
BRDA:604,63,1,0
BRDA:605,64,0,0
BRDA:605,64,1,0
BRDA:608,65,0,0
BRDA:608,65,1,0
BRDA:608,66,0,0
BRDA:608,66,1,0
BRDA:621,67,0,0
BRDA:621,67,1,0
BRDA:633,68,0,0
BRDA:633,68,1,0
BRDA:633,69,0,0
BRDA:633,69,1,0
BRDA:643,70,0,0
BRDA:643,70,1,0
BRDA:649,71,0,0
BRDA:649,71,1,0
BRDA:659,72,0,0
BRDA:659,72,1,0
BRDA:661,73,0,0
BRDA:661,73,1,0
BRDA:662,74,0,0
BRDA:662,74,1,0
BRDA:664,75,0,0
BRDA:664,75,1,0
BRDA:680,76,0,0
BRDA:680,76,1,0
BRDA:705,77,0,0
BRDA:705,77,1,0
BRDA:706,78,0,0
BRDA:706,78,1,0
BRDA:709,79,0,0
BRDA:709,79,1,0
BRDA:732,80,0,0
BRDA:732,80,1,0
BRDA:740,81,0,0
BRDA:740,81,1,0
BRDA:740,82,0,0
BRDA:740,82,1,0
BRDA:749,83,0,0
BRDA:749,83,1,0
BRDA:749,84,0,0
BRDA:749,84,1,0
BRDA:751,85,0,0
BRDA:751,85,1,0
BRDA:766,86,0,0
BRDA:766,86,1,0
BRDA:772,87,0,0
BRDA:772,87,1,0
BRDA:791,88,0,0
BRDA:791,88,1,0
BRDA:816,89,0,0
BRDA:816,89,1,0
BRDA:817,90,0,0
BRDA:817,90,1,0
BRDA:818,91,0,0
BRDA:818,91,1,0
BRDA:855,92,0,0
BRDA:855,92,1,0
BRDA:867,93,0,0
BRDA:867,93,1,0
BRDA:896,94,0,3
BRDA:896,94,1,0
BRDA:902,95,0,1
BRDA:902,95,1,2
BRDA:905,96,0,0
BRDA:905,96,1,1
BRDA:914,97,0,0
BRDA:914,97,1,3
BRDA:964,98,0,0
BRDA:964,98,1,0
BRDA:973,99,0,0
BRDA:973,99,1,0
BRDA:973,99,2,0
BRDA:974,100,0,0
BRDA:974,100,1,0
BRDA:974,100,2,0
BRDA:974,100,3,0
BRDA:976,101,0,0
BRDA:976,101,1,0
BRDA:979,102,0,0
BRDA:979,102,1,0
BRDA:982,103,0,0
BRDA:982,103,1,0
BRDA:982,104,0,0
BRDA:982,104,1,0
BRDA:989,105,0,5
BRDA:989,105,1,0
BRF:216
BRH:35
end_of_record
TN:
SF:js/services/api-service.js
FN:38,buscarDadosIndicador
FN:51,(anonymous_1)
FN:51,(anonymous_2)
FN:83,processarDados
FNF:4
FNH:1
FNDA:1,buscarDadosIndicador
FNDA:0,(anonymous_1)
FNDA:0,(anonymous_2)
FNDA:0,processarDados
DA:11,1
DA:39,1
DA:40,1
DA:42,1
DA:43,1
DA:44,1
DA:47,0
DA:48,0
DA:49,0
DA:51,0
DA:52,0
DA:57,0
DA:58,0
DA:61,0
DA:65,0
DA:66,0
DA:67,0
DA:68,0
DA:71,0
DA:72,0
DA:76,0
DA:84,0
DA:85,0
DA:86,0
DA:88,0
DA:90,0
DA:91,0
DA:92,0
DA:94,0
DA:95,0
DA:96,0
DA:97,0
DA:100,0
DA:101,0
DA:104,0
DA:106,0
DA:107,0
LF:37
LH:6
BRDA:40,0,0,0
BRDA:40,0,1,1
BRDA:43,1,0,1
BRDA:43,1,1,0
BRDA:57,2,0,0
BRDA:57,2,1,0
BRDA:66,3,0,0
BRDA:66,3,1,0
BRDA:88,4,0,0
BRDA:88,4,1,0
BRDA:91,5,0,0
BRDA:91,5,1,0
BRDA:92,6,0,0
BRDA:92,6,1,0
BRDA:97,7,0,0
BRDA:97,7,1,0
BRDA:100,8,0,0
BRDA:100,8,1,0
BRDA:100,9,0,0
BRDA:100,9,1,0
BRF:20
BRH:2
end_of_record
TN:
SF:js/services/monitoramento.js
FN:21,(anonymous_0)
FN:28,(anonymous_1)
FN:35,(anonymous_2)
FN:49,(anonymous_3)
FN:63,(anonymous_4)
FN:77,(anonymous_5)
FN:91,(anonymous_6)
FN:116,(anonymous_7)
FN:129,(anonymous_8)
FN:136,(anonymous_9)
FN:151,(anonymous_10)
FN:158,(anonymous_11)
FN:169,(anonymous_12)
FN:197,(anonymous_13)
FN:200,(anonymous_14)
FN:218,configurarNivelLog
FN:227,medicoesGlobais
FNF:17
FNH:16
FNDA:2,(anonymous_0)
FNDA:7,(anonymous_1)
FNDA:1,(anonymous_2)
FNDA:3,(anonymous_3)
FNDA:1,(anonymous_4)
FNDA:3,(anonymous_5)
FNDA:7,(anonymous_6)
FNDA:1,(anonymous_7)
FNDA:1,(anonymous_8)
FNDA:3,(anonymous_9)
FNDA:2,(anonymous_10)
FNDA:1,(anonymous_11)
FNDA:1,(anonymous_12)
FNDA:1,(anonymous_13)
FNDA:1,(anonymous_14)
FNDA:1,configurarNivelLog
FNDA:0,medicoesGlobais
DA:7,2
DA:15,2
DA:22,2
DA:29,7
DA:36,1
DA:37,0
DA:42,0
DA:50,3
DA:51,3
DA:56,3
DA:64,1
DA:65,1
DA:70,1
DA:78,3
DA:79,3
DA:84,3
DA:92,7
DA:93,7
DA:94,7
DA:97,7
DA:98,0
DA:101,7
DA:107,7
DA:109,0
DA:117,1
DA:118,1
DA:119,1
DA:121,0
DA:122,0
DA:130,1
DA:131,1
DA:132,0
DA:135,1
DA:136,1
DA:137,3
DA:139,3
DA:140,3
DA:143,1
DA:152,2
DA:159,1
DA:160,1
DA:170,1
DA:172,1
DA:175,1
DA:176,1
DA:185,1
DA:186,1
DA:187,1
DA:188,1
DA:189,1
DA:191,1
DA:198,1
DA:200,1
DA:201,1
DA:209,1
DA:214,2
DA:215,2
DA:219,1
DA:220,1
DA:221,1
DA:222,1
DA:224,0
DA:228,0
DA:229,0
DA:232,0
LF:65
LH:54
BRDA:21,0,0,0
BRDA:22,1,0,2
BRDA:22,1,1,0
BRDA:36,2,0,0
BRDA:36,2,1,1
BRDA:50,3,0,3
BRDA:50,3,1,0
BRDA:64,4,0,1
BRDA:64,4,1,0
BRDA:78,5,0,3
BRDA:78,5,1,0
BRDA:94,6,0,7
BRDA:94,6,1,3
BRDA:97,7,0,0
BRDA:97,7,1,7
BRDA:119,8,0,1
BRDA:119,8,1,0
BRDA:131,9,0,0
BRDA:131,9,1,1
BRDA:159,10,0,0
BRDA:159,10,1,1
BRDA:159,11,0,1
BRDA:159,11,1,1
BRDA:170,12,0,0
BRDA:170,12,1,1
BRDA:170,13,0,1
BRDA:170,13,1,1
BRDA:170,13,2,1
BRDA:175,14,0,1
BRDA:175,14,1,0
BRDA:219,15,0,1
BRDA:219,15,1,0
BRDA:228,16,0,0
BRDA:228,16,1,0
BRDA:228,17,0,0
BRDA:228,17,1,0
BRF:36
BRH:19
end_of_record
TN:
SF:js/utils/cache.js
FN:13,verificarCache
FN:38,salvarCache
FN:54,limparCacheExpirado
FN:59,(anonymous_3)
FN:60,(anonymous_4)
FNF:5
FNH:4
FNDA:6,verificarCache
FNDA:3,salvarCache
FNDA:1,limparCacheExpirado
FNDA:4,(anonymous_3)
FNDA:0,(anonymous_4)
DA:6,2
DA:14,6
DA:15,6
DA:16,6
DA:18,4
DA:19,4
DA:21,4
DA:22,3
DA:25,1
DA:26,1
DA:28,0
DA:29,0
DA:39,3
DA:40,3
DA:45,3
DA:47,0
DA:55,1
DA:56,1
DA:58,1
DA:59,4
DA:61,0
DA:62,0
DA:63,0
DA:67,0
LF:24
LH:17
BRDA:16,0,0,2
BRDA:16,0,1,4
BRDA:21,1,0,3
BRDA:21,1,1,1
BRDA:62,2,0,0
BRDA:62,2,1,0
BRF:6
BRH:4
end_of_record
TN:
SF:js/utils/circuit-breaker.js
FN:20,comCircuitBreaker
FN:41,getCircuitState
FN:57,registrarFalha
FN:72,isCircuitoExpirado
FN:80,resetCircuit
FN:94,getEstadoCircuito
FNF:6
FNH:3
FNDA:1,comCircuitBreaker
FNDA:1,getCircuitState
FNDA:0,registrarFalha
FNDA:0,isCircuitoExpirado
FNDA:1,resetCircuit
FNDA:0,getEstadoCircuito
DA:6,1
DA:12,1
DA:21,1
DA:23,1
DA:24,0
DA:27,1
DA:28,1
DA:29,1
DA:30,1
DA:32,0
DA:33,0
DA:42,1
DA:43,1
DA:50,1
DA:58,0
DA:59,0
DA:60,0
DA:62,0
DA:63,0
DA:64,0
DA:73,0
DA:81,1
DA:95,0
LF:23
LH:12
BRDA:23,0,0,0
BRDA:23,0,1,1
BRDA:23,1,0,1
BRDA:23,1,1,0
BRDA:42,2,0,1
BRDA:42,2,1,0
BRDA:62,3,0,0
BRDA:62,3,1,0
BRDA:73,4,0,0
BRDA:73,4,1,0
BRF:10
BRH:3
end_of_record
TN:
SF:js/utils/retry.js
FN:21,comRetry
FN:40,(anonymous_1)
FN:54,calcularBackoff
FNF:3
FNH:1
FNDA:1,comRetry
FNDA:0,(anonymous_1)
FNDA:0,calcularBackoff
DA:6,1
DA:22,1
DA:25,1
DA:26,1
DA:27,1
DA:29,0
DA:31,0
DA:32,0
DA:35,0
DA:40,0
DA:44,0
DA:55,0
LF:12
LH:5
BRDA:21,0,0,1
BRDA:31,1,0,0
BRDA:31,1,1,0
BRDA:54,2,0,0
BRDA:54,3,0,0
BRF:5
BRH:1
end_of_record
