TN:
SF:js/alertas.js
FN:49,registrarFalha
FN:82,registrarSucesso
FN:91,salvarHistorico
FN:104,enviarAlerta
FN:163,salvarRelatorioStatus
FNF:5
FNH:0
FNDA:0,registrarFalha
FNDA:0,registrarSucesso
FNDA:0,salvarHistorico
FNDA:0,enviarAlerta
FNDA:0,salvarRelatorioStatus
DA:8,0
DA:9,0
DA:10,0
DA:13,0
DA:14,0
DA:15,0
DA:18,0
DA:21,0
DA:23,0
DA:24,0
DA:25,0
DA:28,0
DA:34,0
DA:50,0
DA:53,0
DA:54,0
DA:55,0
DA:58,0
DA:59,0
DA:61,0
DA:62,0
DA:65,0
DA:68,0
DA:70,0
DA:73,0
DA:74,0
DA:84,0
DA:85,0
DA:92,0
DA:93,0
DA:95,0
DA:105,0
DA:106,0
DA:107,0
DA:108,0
DA:109,0
DA:112,0
DA:113,0
DA:115,0
DA:140,0
DA:147,0
DA:150,0
DA:151,0
DA:152,0
DA:155,0
DA:164,0
DA:165,0
DA:166,0
DA:169,0
DA:170,0
DA:171,0
DA:173,0
DA:174,0
DA:175,0
DA:176,0
DA:177,0
DA:178,0
DA:179,0
DA:180,0
DA:184,0
DA:185,0
DA:186,0
DA:187,0
DA:197,0
DA:313,0
DA:314,0
DA:317,0
DA:318,0
DA:322,0
LF:69
LH:0
BRDA:24,0,0,0
BRDA:24,0,1,0
BRDA:35,1,0,0
BRDA:35,1,1,0
BRDA:36,2,0,0
BRDA:36,2,1,0
BRDA:37,3,0,0
BRDA:37,3,1,0
BRDA:58,4,0,0
BRDA:58,4,1,0
BRDA:68,5,0,0
BRDA:68,5,1,0
BRDA:70,6,0,0
BRDA:70,6,1,0
BRDA:73,7,0,0
BRDA:73,7,1,0
BRDA:106,8,0,0
BRDA:106,8,1,0
BRDA:107,9,0,0
BRDA:107,9,1,0
BRDA:173,10,0,0
BRDA:173,10,1,0
BRDA:173,11,0,0
BRDA:173,11,1,0
BRDA:177,12,0,0
BRDA:177,12,1,0
BRDA:186,13,0,0
BRDA:186,13,1,0
BRDA:276,14,0,0
BRDA:276,14,1,0
BRDA:278,15,0,0
BRDA:278,15,1,0
BRDA:292,16,0,0
BRDA:292,16,1,0
BRF:34
BRH:0
end_of_record
TN:
SF:js/atualizar-dados.js
FN:35,verificarCache
FN:65,salvarCache
FN:86,validarDados
FN:157,fazerRequisicao
FN:158,(anonymous_4)
FN:161,(anonymous_5)
FN:166,(anonymous_6)
FN:177,(anonymous_7)
FN:178,(anonymous_8)
FN:192,(anonymous_9)
FN:196,(anonymous_10)
FN:206,(anonymous_11)
FN:209,(anonymous_12)
FN:224,salvarDados
FN:277,acessarEndpointsAlternativos
FN:305,(anonymous_15)
FN:360,(anonymous_16)
FN:409,(anonymous_17)
FN:458,(anonymous_18)
FN:508,(anonymous_19)
FN:525,(anonymous_20)
FN:562,(anonymous_21)
FN:582,atualizarTodosDados
FN:589,(anonymous_23)
FN:592,(anonymous_24)
FNF:25
FNH:0
FNDA:0,verificarCache
FNDA:0,salvarCache
FNDA:0,validarDados
FNDA:0,fazerRequisicao
FNDA:0,(anonymous_4)
FNDA:0,(anonymous_5)
FNDA:0,(anonymous_6)
FNDA:0,(anonymous_7)
FNDA:0,(anonymous_8)
FNDA:0,(anonymous_9)
FNDA:0,(anonymous_10)
FNDA:0,(anonymous_11)
FNDA:0,(anonymous_12)
FNDA:0,salvarDados
FNDA:0,acessarEndpointsAlternativos
FNDA:0,(anonymous_15)
FNDA:0,(anonymous_16)
FNDA:0,(anonymous_17)
FNDA:0,(anonymous_18)
FNDA:0,(anonymous_19)
FNDA:0,(anonymous_20)
FNDA:0,(anonymous_21)
FNDA:0,atualizarTodosDados
FNDA:0,(anonymous_23)
FNDA:0,(anonymous_24)
DA:6,0
DA:8,0
DA:9,0
DA:10,0
DA:11,0
DA:14,0
DA:15,0
DA:16,0
DA:17,0
DA:18,0
DA:19,0
DA:22,0
DA:23,0
DA:24,0
DA:27,0
DA:28,0
DA:29,0
DA:36,0
DA:37,0
DA:39,0
DA:40,0
DA:43,0
DA:44,0
DA:46,0
DA:47,0
DA:49,0
DA:50,0
DA:51,0
DA:53,0
DA:54,0
DA:57,0
DA:58,0
DA:66,0
DA:67,0
DA:68,0
DA:73,0
DA:74,0
DA:75,0
DA:77,0
DA:78,0
DA:87,0
DA:88,0
DA:90,0
DA:91,0
DA:92,0
DA:95,0
DA:97,0
DA:99,0
DA:101,0
DA:102,0
DA:103,0
DA:104,0
DA:106,0
DA:108,0
DA:109,0
DA:110,0
DA:111,0
DA:113,0
DA:115,0
DA:116,0
DA:117,0
DA:118,0
DA:121,0
DA:126,0
DA:127,0
DA:128,0
DA:129,0
DA:130,0
DA:131,0
DA:132,0
DA:133,0
DA:135,0
DA:138,0
DA:139,0
DA:140,0
DA:141,0
DA:143,0
DA:146,0
DA:147,0
DA:149,0
DA:150,0
DA:158,0
DA:159,0
DA:161,0
DA:162,0
DA:163,0
DA:164,0
DA:165,0
DA:166,0
DA:167,0
DA:171,0
DA:173,0
DA:176,0
DA:177,0
DA:178,0
DA:179,0
DA:180,0
DA:181,0
DA:183,0
DA:184,0
DA:186,0
DA:192,0
DA:193,0
DA:194,0
DA:195,0
DA:196,0
DA:197,0
DA:201,0
DA:203,0
DA:206,0
DA:207,0
DA:208,0
DA:209,0
DA:210,0
DA:214,0
DA:216,0
DA:225,0
DA:227,0
DA:228,0
DA:234,0
DA:235,0
DA:236,0
DA:238,0
DA:239,0
DA:240,0
DA:247,0
DA:278,0
DA:280,0
DA:281,0
DA:282,0
DA:283,0
DA:284,0
DA:285,0
DA:286,0
DA:287,0
DA:290,0
DA:291,0
DA:295,0
DA:296,0
DA:297,0
DA:303,0
DA:306,0
DA:307,0
DA:308,0
DA:309,0
DA:312,0
DA:313,0
DA:314,0
DA:317,0
DA:320,0
DA:322,0
DA:324,0
DA:328,0
DA:330,0
DA:334,0
DA:336,0
DA:343,0
DA:344,0
DA:345,0
DA:346,0
DA:349,0
DA:350,0
DA:353,0
DA:354,0
DA:355,0
DA:361,0
DA:362,0
DA:363,0
DA:364,0
DA:367,0
DA:368,0
DA:369,0
DA:372,0
DA:374,0
DA:376,0
DA:377,0
DA:381,0
DA:382,0
DA:386,0
DA:387,0
DA:393,0
DA:394,0
DA:395,0
DA:396,0
DA:399,0
DA:400,0
DA:403,0
DA:404,0
DA:405,0
DA:410,0
DA:411,0
DA:412,0
DA:413,0
DA:416,0
DA:417,0
DA:418,0
DA:421,0
DA:423,0
DA:425,0
DA:426,0
DA:430,0
DA:431,0
DA:435,0
DA:436,0
DA:442,0
DA:443,0
DA:444,0
DA:445,0
DA:448,0
DA:449,0
DA:452,0
DA:453,0
DA:454,0
DA:459,0
DA:460,0
DA:461,0
DA:462,0
DA:465,0
DA:466,0
DA:467,0
DA:470,0
DA:472,0
DA:474,0
DA:475,0
DA:476,0
DA:480,0
DA:481,0
DA:485,0
DA:486,0
DA:492,0
DA:493,0
DA:494,0
DA:495,0
DA:498,0
DA:499,0
DA:502,0
DA:503,0
DA:504,0
DA:509,0
DA:510,0
DA:511,0
DA:512,0
DA:515,0
DA:516,0
DA:517,0
DA:520,0
DA:523,0
DA:524,0
DA:525,0
DA:526,0
DA:528,0
DA:529,0
DA:530,0
DA:531,0
DA:539,0
DA:546,0
DA:547,0
DA:550,0
DA:551,0
DA:552,0
DA:563,0
DA:565,0
DA:570,0
DA:572,0
DA:573,0
DA:574,0
DA:583,0
DA:584,0
DA:586,0
DA:588,0
DA:589,0
DA:592,0
DA:593,0
DA:595,0
DA:597,0
DA:598,0
DA:599,0
DA:601,0
DA:602,0
DA:605,0
DA:606,0
DA:608,0
DA:619,0
LF:283
LH:0
BRDA:22,0,0,0
BRDA:22,0,1,0
BRDA:27,1,0,0
BRDA:27,1,1,0
BRDA:39,2,0,0
BRDA:39,2,1,0
BRDA:49,3,0,0
BRDA:49,3,1,0
BRDA:90,4,0,0
BRDA:90,4,1,0
BRDA:97,5,0,0
BRDA:97,5,1,0
BRDA:97,5,2,0
BRDA:97,5,3,0
BRDA:97,5,4,0
BRDA:99,6,0,0
BRDA:99,6,1,0
BRDA:101,7,0,0
BRDA:101,7,1,0
BRDA:106,8,0,0
BRDA:106,8,1,0
BRDA:108,9,0,0
BRDA:108,9,1,0
BRDA:108,10,0,0
BRDA:108,10,1,0
BRDA:113,11,0,0
BRDA:113,11,1,0
BRDA:115,12,0,0
BRDA:115,12,1,0
BRDA:126,13,0,0
BRDA:126,13,1,0
BRDA:126,14,0,0
BRDA:126,14,1,0
BRDA:130,15,0,0
BRDA:130,15,1,0
BRDA:130,16,0,0
BRDA:130,16,1,0
BRDA:130,16,2,0
BRDA:138,17,0,0
BRDA:138,17,1,0
BRDA:157,18,0,0
BRDA:162,19,0,0
BRDA:162,19,1,0
BRDA:162,20,0,0
BRDA:162,20,1,0
BRDA:164,21,0,0
BRDA:164,21,1,0
BRDA:194,22,0,0
BRDA:194,22,1,0
BRDA:207,23,0,0
BRDA:207,23,1,0
BRDA:278,24,0,0
BRDA:278,24,1,0
BRDA:285,25,0,0
BRDA:285,25,1,0
BRDA:308,26,0,0
BRDA:308,26,1,0
BRDA:313,27,0,0
BRDA:313,27,1,0
BRDA:322,28,0,0
BRDA:322,28,1,0
BRDA:325,29,0,0
BRDA:325,29,1,0
BRDA:328,30,0,0
BRDA:328,30,1,0
BRDA:331,31,0,0
BRDA:331,31,1,0
BRDA:331,31,2,0
BRDA:332,32,0,0
BRDA:332,32,1,0
BRDA:334,33,0,0
BRDA:334,33,1,0
BRDA:337,34,0,0
BRDA:337,34,1,0
BRDA:343,35,0,0
BRDA:343,35,1,0
BRDA:343,36,0,0
BRDA:343,36,1,0
BRDA:363,37,0,0
BRDA:363,37,1,0
BRDA:368,38,0,0
BRDA:368,38,1,0
BRDA:376,39,0,0
BRDA:376,39,1,0
BRDA:378,40,0,0
BRDA:378,40,1,0
BRDA:381,41,0,0
BRDA:381,41,1,0
BRDA:383,42,0,0
BRDA:383,42,1,0
BRDA:383,42,2,0
BRDA:384,43,0,0
BRDA:384,43,1,0
BRDA:386,44,0,0
BRDA:386,44,1,0
BRDA:388,45,0,0
BRDA:388,45,1,0
BRDA:393,46,0,0
BRDA:393,46,1,0
BRDA:393,47,0,0
BRDA:393,47,1,0
BRDA:412,48,0,0
BRDA:412,48,1,0
BRDA:417,49,0,0
BRDA:417,49,1,0
BRDA:425,50,0,0
BRDA:425,50,1,0
BRDA:427,51,0,0
BRDA:427,51,1,0
BRDA:430,52,0,0
BRDA:430,52,1,0
BRDA:432,53,0,0
BRDA:432,53,1,0
BRDA:432,53,2,0
BRDA:433,54,0,0
BRDA:433,54,1,0
BRDA:435,55,0,0
BRDA:435,55,1,0
BRDA:437,56,0,0
BRDA:437,56,1,0
BRDA:442,57,0,0
BRDA:442,57,1,0
BRDA:442,58,0,0
BRDA:442,58,1,0
BRDA:461,59,0,0
BRDA:461,59,1,0
BRDA:466,60,0,0
BRDA:466,60,1,0
BRDA:474,61,0,0
BRDA:474,61,1,0
BRDA:475,62,0,0
BRDA:475,62,1,0
BRDA:475,63,0,0
BRDA:475,63,1,0
BRDA:477,64,0,0
BRDA:477,64,1,0
BRDA:480,65,0,0
BRDA:480,65,1,0
BRDA:482,66,0,0
BRDA:482,66,1,0
BRDA:482,66,2,0
BRDA:483,67,0,0
BRDA:483,67,1,0
BRDA:485,68,0,0
BRDA:485,68,1,0
BRDA:487,69,0,0
BRDA:487,69,1,0
BRDA:492,70,0,0
BRDA:492,70,1,0
BRDA:492,71,0,0
BRDA:492,71,1,0
BRDA:511,72,0,0
BRDA:511,72,1,0
BRDA:516,73,0,0
BRDA:516,73,1,0
BRDA:523,74,0,0
BRDA:523,74,1,0
BRDA:526,75,0,0
BRDA:526,75,1,0
BRDA:528,76,0,0
BRDA:528,76,1,0
BRDA:592,77,0,0
BRDA:592,77,1,0
BRDA:597,78,0,0
BRDA:597,78,1,0
BRF:165
BRH:0
end_of_record
TN:
SF:js/footer.js
FN:4,(anonymous_0)
FNF:1
FNH:0
FNDA:0,(anonymous_0)
DA:4,0
DA:5,0
DA:7,0
DA:8,0
LF:4
LH:0
BRDA:7,0,0,0
BRDA:7,0,1,0
BRF:2
BRH:0
end_of_record
TN:
SF:js/menu.js
FN:12,fecharMenu
FN:21,(anonymous_1)
FN:36,(anonymous_2)
FN:46,(anonymous_3)
FNF:4
FNH:0
FNDA:0,fecharMenu
FNDA:0,(anonymous_1)
FNDA:0,(anonymous_2)
FNDA:0,(anonymous_3)
DA:5,0
DA:6,0
DA:8,0
DA:9,0
DA:10,0
DA:13,0
DA:14,0
DA:15,0
DA:16,0
DA:17,0
DA:18,0
DA:21,0
DA:22,0
DA:23,0
DA:24,0
DA:25,0
DA:26,0
DA:27,0
DA:29,0
DA:30,0
DA:34,0
DA:36,0
DA:37,0
DA:38,0
DA:46,0
DA:47,0
DA:49,0
DA:50,0
DA:51,0
DA:53,0
DA:54,0
DA:55,0
DA:57,0
DA:58,0
DA:59,0
LF:35
LH:0
BRDA:26,0,0,0
BRDA:26,0,1,0
BRDA:29,1,0,0
BRDA:29,1,1,0
BRDA:37,2,0,0
BRDA:37,2,1,0
BRDA:37,3,0,0
BRDA:37,3,1,0
BRDA:47,4,0,0
BRDA:47,4,1,0
BRDA:53,5,0,0
BRDA:53,5,1,0
BRDA:53,6,0,0
BRDA:53,6,1,0
BRDA:53,6,2,0
BRDA:57,7,0,0
BRDA:57,7,1,0
BRDA:57,8,0,0
BRDA:57,8,1,0
BRDA:57,8,2,0
BRF:20
BRH:0
end_of_record
TN:
SF:js/painel-ods.js
FN:209,carregarDadosAtualizados
FN:261,armazenarCacheLocal
FN:268,verificarCacheLocal
FN:277,analisarResposta
FN:293,tentarMultiplosEndpoints
FN:335,(anonymous_5)
FN:354,buscarDadosAPI
FN:389,usarDadosFallback
FN:406,renderizarIndicador
FN:465,(anonymous_9)
FN:481,(anonymous_10)
FN:496,(anonymous_11)
FN:511,(anonymous_12)
FN:522,gerarGrafico
FN:524,(anonymous_14)
FN:525,(anonymous_15)
FN:561,(anonymous_16)
FN:574,(anonymous_17)
FN:587,gerarGraficoComparativo
FN:592,(anonymous_19)
FN:601,(anonymous_20)
FN:633,(anonymous_21)
FN:646,(anonymous_22)
FN:659,exportarCSVIndicador
FN:664,(anonymous_24)
FN:667,(anonymous_25)
FN:677,exportarTodosCSV
FN:680,(anonymous_27)
FN:682,(anonymous_28)
FN:692,(anonymous_29)
FN:698,(anonymous_30)
FN:701,(anonymous_31)
FN:711,downloadCSV
FN:725,mostrarMensagemSucesso
FN:731,(anonymous_34)
FN:733,(anonymous_35)
FN:740,atualizarDataAtualizacao
FN:754,registrarErroPersistente
FN:769,inicializarPainel
FN:776,(anonymous_39)
FN:806,(anonymous_40)
FNF:41
FNH:6
FNDA:0,carregarDadosAtualizados
FNDA:1,armazenarCacheLocal
FNDA:2,verificarCacheLocal
FNDA:5,analisarResposta
FNDA:5,tentarMultiplosEndpoints
FNDA:5,(anonymous_5)
FNDA:0,buscarDadosAPI
FNDA:0,usarDadosFallback
FNDA:0,renderizarIndicador
FNDA:0,(anonymous_9)
FNDA:0,(anonymous_10)
FNDA:0,(anonymous_11)
FNDA:0,(anonymous_12)
FNDA:0,gerarGrafico
FNDA:0,(anonymous_14)
FNDA:0,(anonymous_15)
FNDA:0,(anonymous_16)
FNDA:0,(anonymous_17)
FNDA:0,gerarGraficoComparativo
FNDA:0,(anonymous_19)
FNDA:0,(anonymous_20)
FNDA:0,(anonymous_21)
FNDA:0,(anonymous_22)
FNDA:0,exportarCSVIndicador
FNDA:0,(anonymous_24)
FNDA:0,(anonymous_25)
FNDA:0,exportarTodosCSV
FNDA:0,(anonymous_27)
FNDA:0,(anonymous_28)
FNDA:0,(anonymous_29)
FNDA:0,(anonymous_30)
FNDA:0,(anonymous_31)
FNDA:0,downloadCSV
FNDA:0,mostrarMensagemSucesso
FNDA:0,(anonymous_34)
FNDA:0,(anonymous_35)
FNDA:0,atualizarDataAtualizacao
FNDA:4,registrarErroPersistente
FNDA:0,inicializarPainel
FNDA:0,(anonymous_39)
FNDA:0,(anonymous_40)
DA:7,5
DA:48,5
DA:104,5
DA:138,5
DA:148,5
DA:210,0
DA:212,0
DA:213,0
DA:216,0
DA:217,0
DA:218,0
DA:219,0
DA:221,0
DA:222,0
DA:223,0
DA:227,0
DA:230,0
DA:231,0
DA:232,0
DA:236,0
DA:237,0
DA:238,0
DA:240,0
DA:241,0
DA:244,0
DA:245,0
DA:253,0
DA:254,0
DA:262,1
DA:269,2
DA:270,2
DA:278,5
DA:279,4
DA:280,4
DA:281,4
DA:283,3
DA:295,5
DA:296,5
DA:298,5
DA:299,0
DA:300,0
DA:303,5
DA:304,5
DA:306,5
DA:307,5
DA:308,8
DA:309,8
DA:310,2
DA:311,2
DA:312,2
DA:313,2
DA:315,2
DA:316,2
DA:317,2
DA:318,2
DA:321,0
DA:323,6
DA:324,6
DA:327,6
DA:328,1
DA:329,1
DA:330,1
DA:331,1
DA:334,5
DA:335,5
DA:336,3
DA:343,0
DA:344,0
DA:356,0
DA:357,0
DA:358,0
DA:359,0
DA:363,0
DA:364,0
DA:365,0
DA:366,0
DA:370,0
DA:371,0
DA:372,0
DA:373,0
DA:374,0
DA:375,0
DA:379,0
DA:381,0
DA:382,0
DA:390,0
DA:391,0
DA:393,0
DA:395,0
DA:407,0
DA:408,0
DA:410,0
DA:412,0
DA:413,0
DA:414,0
DA:416,0
DA:419,0
DA:420,0
DA:421,0
DA:422,0
DA:423,0
DA:424,0
DA:425,0
DA:428,0
DA:429,0
DA:430,0
DA:432,0
DA:433,0
DA:434,0
DA:436,0
DA:437,0
DA:438,0
DA:441,0
DA:442,0
DA:443,0
DA:444,0
DA:447,0
DA:448,0
DA:449,0
DA:450,0
DA:461,0
DA:464,0
DA:465,0
DA:466,0
DA:467,0
DA:470,0
DA:471,0
DA:474,0
DA:475,0
DA:476,0
DA:479,0
DA:480,0
DA:481,0
DA:487,0
DA:488,0
DA:489,0
DA:492,0
DA:493,0
DA:494,0
DA:495,0
DA:496,0
DA:497,0
DA:500,0
DA:503,0
DA:505,0
DA:511,0
DA:523,0
DA:524,0
DA:525,0
DA:527,0
DA:528,0
DA:531,0
DA:532,0
DA:535,0
DA:536,0
DA:562,0
DA:575,0
DA:588,0
DA:589,0
DA:591,0
DA:592,0
DA:595,0
DA:596,0
DA:597,0
DA:599,0
DA:601,0
DA:615,0
DA:616,0
DA:619,0
DA:620,0
DA:634,0
DA:647,0
DA:660,0
DA:661,0
DA:663,0
DA:664,0
DA:666,0
DA:667,0
DA:670,0
DA:671,0
DA:678,0
DA:680,0
DA:681,0
DA:682,0
DA:683,0
DA:692,0
DA:693,0
DA:694,0
DA:697,0
DA:698,0
DA:700,0
DA:701,0
DA:704,0
DA:705,0
DA:712,0
DA:713,0
DA:714,0
DA:715,0
DA:716,0
DA:717,0
DA:718,0
DA:719,0
DA:726,0
DA:727,0
DA:728,0
DA:729,0
DA:731,0
DA:732,0
DA:733,0
DA:741,0
DA:742,0
DA:743,0
DA:744,0
DA:745,0
DA:746,0
DA:747,0
DA:755,4
DA:756,4
DA:761,4
DA:762,4
DA:763,4
DA:770,0
DA:772,0
DA:775,0
DA:776,0
DA:777,0
DA:778,0
DA:779,0
DA:780,0
DA:782,0
DA:783,0
DA:784,0
DA:785,0
DA:786,0
DA:790,0
DA:794,0
DA:797,0
DA:800,0
DA:801,0
DA:802,0
DA:806,0
DA:807,0
DA:808,0
DA:812,5
DA:813,5
DA:816,5
LF:246
LH:48
BRDA:216,0,0,0
BRDA:216,0,1,0
BRDA:221,1,0,0
BRDA:221,1,1,0
BRDA:230,2,0,0
BRDA:230,2,1,0
BRDA:230,3,0,0
BRDA:230,3,1,0
BRDA:240,4,0,0
BRDA:240,4,1,0
BRDA:247,5,0,0
BRDA:247,5,1,0
BRDA:270,6,0,1
BRDA:270,6,1,1
BRDA:278,7,0,1
BRDA:278,7,1,4
BRDA:278,8,0,5
BRDA:278,8,1,4
BRDA:278,8,2,4
BRDA:281,9,0,1
BRDA:281,9,1,3
BRDA:281,10,0,4
BRDA:281,10,1,3
BRDA:285,11,0,3
BRDA:285,11,1,0
BRDA:293,12,0,0
BRDA:293,13,0,3
BRDA:293,14,0,3
BRDA:296,15,0,5
BRDA:296,15,1,5
BRDA:298,16,0,0
BRDA:298,16,1,5
BRDA:310,17,0,2
BRDA:310,17,1,0
BRDA:313,18,0,2
BRDA:313,18,1,0
BRDA:327,19,0,1
BRDA:327,19,1,5
BRDA:334,20,0,5
BRDA:334,20,1,0
BRDA:357,21,0,0
BRDA:357,21,1,0
BRDA:364,22,0,0
BRDA:364,22,1,0
BRDA:372,23,0,0
BRDA:372,23,1,0
BRDA:408,24,0,0
BRDA:408,24,1,0
BRDA:447,25,0,0
BRDA:447,25,1,0
BRDA:528,26,0,0
BRDA:528,26,1,0
BRDA:531,27,0,0
BRDA:531,27,1,0
BRDA:589,28,0,0
BRDA:589,28,1,0
BRDA:615,29,0,0
BRDA:615,29,1,0
BRDA:693,30,0,0
BRDA:693,30,1,0
BRDA:742,31,0,0
BRDA:742,31,1,0
BRDA:758,32,0,4
BRDA:758,32,1,0
BRDA:758,32,2,0
BRDA:761,33,0,4
BRDA:761,33,1,3
BRDA:801,34,0,0
BRDA:801,34,1,0
BRDA:806,35,0,0
BRDA:806,35,1,0
BRDA:806,35,2,0
BRDA:807,36,0,0
BRDA:807,36,1,0
BRDA:812,37,0,5
BRDA:812,37,1,0
BRF:76
BRH:26
end_of_record
TN:
SF:js/components/footer.js
FN:4,(anonymous_0)
FNF:1
FNH:0
FNDA:0,(anonymous_0)
DA:4,0
DA:5,0
DA:7,0
DA:8,0
LF:4
LH:0
BRDA:7,0,0,0
BRDA:7,0,1,0
BRF:2
BRH:0
end_of_record
TN:
SF:js/components/menu.js
FN:12,fecharMenu
FN:21,(anonymous_1)
FN:36,(anonymous_2)
FN:46,(anonymous_3)
FNF:4
FNH:0
FNDA:0,fecharMenu
FNDA:0,(anonymous_1)
FNDA:0,(anonymous_2)
FNDA:0,(anonymous_3)
DA:5,0
DA:6,0
DA:8,0
DA:9,0
DA:10,0
DA:13,0
DA:14,0
DA:15,0
DA:16,0
DA:17,0
DA:18,0
DA:21,0
DA:22,0
DA:23,0
DA:24,0
DA:25,0
DA:26,0
DA:27,0
DA:29,0
DA:30,0
DA:34,0
DA:36,0
DA:37,0
DA:38,0
DA:46,0
DA:47,0
DA:49,0
DA:50,0
DA:51,0
DA:53,0
DA:54,0
DA:55,0
DA:57,0
DA:58,0
DA:59,0
LF:35
LH:0
BRDA:26,0,0,0
BRDA:26,0,1,0
BRDA:29,1,0,0
BRDA:29,1,1,0
BRDA:37,2,0,0
BRDA:37,2,1,0
BRDA:37,3,0,0
BRDA:37,3,1,0
BRDA:47,4,0,0
BRDA:47,4,1,0
BRDA:53,5,0,0
BRDA:53,5,1,0
BRDA:53,6,0,0
BRDA:53,6,1,0
BRDA:53,6,2,0
BRDA:57,7,0,0
BRDA:57,7,1,0
BRDA:57,8,0,0
BRDA:57,8,1,0
BRDA:57,8,2,0
BRF:20
BRH:0
end_of_record
TN:
SF:js/services/atualizar-dados.js
FN:53,analisarResposta
FN:95,(anonymous_1)
FN:136,backoffExponencial
FN:145,buscarDadosAtualizados
FN:162,(anonymous_4)
FN:191,(anonymous_5)
FN:200,(anonymous_6)
FN:215,verificarNecessidadeAtualizacao
FN:265,salvarDadosAtualizados
FN:310,atualizarTodosIndicadores
FN:359,(anonymous_10)
FN:360,(anonymous_11)
FN:361,(anonymous_12)
FN:380,iniciarAtualizacoesAutomaticas
FN:384,(anonymous_14)
FN:386,(anonymous_15)
FN:393,(anonymous_16)
FN:397,(anonymous_17)
FN:399,(anonymous_18)
FN:402,(anonymous_19)
FNF:20
FNH:0
FNDA:0,analisarResposta
FNDA:0,(anonymous_1)
FNDA:0,backoffExponencial
FNDA:0,buscarDadosAtualizados
FNDA:0,(anonymous_4)
FNDA:0,(anonymous_5)
FNDA:0,(anonymous_6)
FNDA:0,verificarNecessidadeAtualizacao
FNDA:0,salvarDadosAtualizados
FNDA:0,atualizarTodosIndicadores
FNDA:0,(anonymous_10)
FNDA:0,(anonymous_11)
FNDA:0,(anonymous_12)
FNDA:0,iniciarAtualizacoesAutomaticas
FNDA:0,(anonymous_14)
FNDA:0,(anonymous_15)
FNDA:0,(anonymous_16)
FNDA:0,(anonymous_17)
FNDA:0,(anonymous_18)
FNDA:0,(anonymous_19)
DA:9,0
DA:54,0
DA:55,0
DA:56,0
DA:57,0
DA:59,0
DA:61,0
DA:63,0
DA:64,0
DA:65,0
DA:66,0
DA:67,0
DA:70,0
DA:72,0
DA:73,0
DA:74,0
DA:75,0
DA:76,0
DA:78,0
DA:80,0
DA:81,0
DA:82,0
DA:83,0
DA:84,0
DA:88,0
DA:91,0
DA:92,0
DA:93,0
DA:94,0
DA:95,0
DA:98,0
DA:100,0
DA:107,0
DA:115,0
DA:116,0
DA:117,0
DA:120,0
DA:126,0
DA:127,0
DA:137,0
DA:146,0
DA:148,0
DA:149,0
DA:150,0
DA:153,0
DA:154,0
DA:157,0
DA:158,0
DA:159,0
DA:161,0
DA:162,0
DA:164,0
DA:171,0
DA:173,0
DA:174,0
DA:177,0
DA:178,0
DA:180,0
DA:181,0
DA:182,0
DA:185,0
DA:188,0
DA:189,0
DA:190,0
DA:191,0
DA:194,0
DA:197,0
DA:198,0
DA:199,0
DA:200,0
DA:206,0
DA:207,0
DA:216,0
DA:217,0
DA:220,0
DA:223,0
DA:224,0
DA:225,0
DA:226,0
DA:228,0
DA:229,0
DA:230,0
DA:234,0
DA:236,0
DA:237,0
DA:238,0
DA:241,0
DA:242,0
DA:243,0
DA:246,0
DA:247,0
DA:248,0
DA:251,0
DA:252,0
DA:254,0
DA:255,0
DA:266,0
DA:270,0
DA:276,0
DA:296,0
DA:299,0
DA:301,0
DA:302,0
DA:311,0
DA:313,0
DA:314,0
DA:316,0
DA:317,0
DA:319,0
DA:321,0
DA:322,0
DA:326,0
DA:330,0
DA:332,0
DA:333,0
DA:337,0
DA:341,0
DA:343,0
DA:350,0
DA:351,0
DA:359,0
DA:360,0
DA:361,0
DA:363,0
DA:365,0
DA:381,0
DA:384,0
DA:385,0
DA:387,0
DA:388,0
DA:390,0
DA:393,0
DA:397,0
DA:398,0
DA:400,0
DA:402,0
DA:405,0
LF:137
LH:0
BRDA:59,0,0,0
BRDA:59,0,1,0
BRDA:61,1,0,0
BRDA:61,1,1,0
BRDA:63,2,0,0
BRDA:63,2,1,0
BRDA:63,3,0,0
BRDA:63,3,1,0
BRDA:63,3,2,0
BRDA:64,4,0,0
BRDA:64,4,1,0
BRDA:64,4,2,0
BRDA:65,5,0,0
BRDA:65,5,1,0
BRDA:66,6,0,0
BRDA:66,6,1,0
BRDA:70,7,0,0
BRDA:70,7,1,0
BRDA:72,8,0,0
BRDA:72,8,1,0
BRDA:72,9,0,0
BRDA:72,9,1,0
BRDA:75,10,0,0
BRDA:75,10,1,0
BRDA:76,11,0,0
BRDA:76,11,1,0
BRDA:78,12,0,0
BRDA:78,12,1,0
BRDA:80,13,0,0
BRDA:80,13,1,0
BRDA:80,14,0,0
BRDA:80,14,1,0
BRDA:83,15,0,0
BRDA:83,15,1,0
BRDA:84,16,0,0
BRDA:84,16,1,0
BRDA:91,17,0,0
BRDA:91,17,1,0
BRDA:91,18,0,0
BRDA:91,18,1,0
BRDA:95,19,0,0
BRDA:95,19,1,0
BRDA:95,19,2,0
BRDA:115,20,0,0
BRDA:115,20,1,0
BRDA:115,21,0,0
BRDA:115,21,1,0
BRDA:146,22,0,0
BRDA:146,22,1,0
BRDA:148,23,0,0
BRDA:148,23,1,0
BRDA:173,24,0,0
BRDA:173,24,1,0
BRDA:180,25,0,0
BRDA:180,25,1,0
BRDA:188,26,0,0
BRDA:188,26,1,0
BRDA:197,27,0,0
BRDA:197,27,1,0
BRDA:223,28,0,0
BRDA:223,28,1,0
BRDA:228,29,0,0
BRDA:228,29,1,0
BRDA:236,30,0,0
BRDA:236,30,1,0
BRDA:246,31,0,0
BRDA:246,31,1,0
BRDA:271,32,0,0
BRDA:271,32,1,0
BRDA:321,33,0,0
BRDA:321,33,1,0
BRDA:332,34,0,0
BRDA:332,34,1,0
BRDA:344,35,0,0
BRDA:344,35,1,0
BRDA:345,36,0,0
BRDA:345,36,1,0
BRDA:387,37,0,0
BRDA:387,37,1,0
BRF:79
BRH:0
end_of_record
TN:
SF:js/services/monitoramento.js
FN:47,(anonymous_0)
FN:56,(anonymous_1)
FN:65,(anonymous_2)
FN:74,(anonymous_3)
FN:84,(anonymous_4)
FN:96,(anonymous_5)
FN:146,salvarLogsLocalmente
FN:150,(anonymous_7)
FN:171,registrarErroAPI
FN:227,salvarErrosAPILocalmente
FN:245,implementarPausaEndpoint
FN:262,(anonymous_11)
FN:288,reativarEndpoint
FN:322,endpointEmPausa
FN:347,registrarSucessoAPI
FN:364,agendarEnvioRelatorio
FN:372,(anonymous_16)
FN:374,(anonymous_17)
FN:376,(anonymous_18)
FN:380,(anonymous_19)
FN:384,(anonymous_20)
FN:415,enviarRelatorioParaServidor
FN:437,(anonymous_22)
FN:478,dispararNotificacao
FN:514,(anonymous_24)
FN:516,(anonymous_25)
FN:535,(anonymous_26)
FN:537,(anonymous_27)
FN:564,criarContainerNotificacoes
FN:574,inicializarMonitoramento
FN:584,(anonymous_30)
FN:598,(anonymous_31)
FN:610,(anonymous_32)
FN:621,(anonymous_33)
FN:636,(anonymous_34)
FN:655,carregarEstadoSalvo
FN:666,(anonymous_36)
FN:667,(anonymous_37)
FN:669,(anonymous_38)
FN:686,(anonymous_39)
FN:698,(anonymous_40)
FNF:41
FNH:0
FNDA:0,(anonymous_0)
FNDA:0,(anonymous_1)
FNDA:0,(anonymous_2)
FNDA:0,(anonymous_3)
FNDA:0,(anonymous_4)
FNDA:0,(anonymous_5)
FNDA:0,salvarLogsLocalmente
FNDA:0,(anonymous_7)
FNDA:0,registrarErroAPI
FNDA:0,salvarErrosAPILocalmente
FNDA:0,implementarPausaEndpoint
FNDA:0,(anonymous_11)
FNDA:0,reativarEndpoint
FNDA:0,endpointEmPausa
FNDA:0,registrarSucessoAPI
FNDA:0,agendarEnvioRelatorio
FNDA:0,(anonymous_16)
FNDA:0,(anonymous_17)
FNDA:0,(anonymous_18)
FNDA:0,(anonymous_19)
FNDA:0,(anonymous_20)
FNDA:0,enviarRelatorioParaServidor
FNDA:0,(anonymous_22)
FNDA:0,dispararNotificacao
FNDA:0,(anonymous_24)
FNDA:0,(anonymous_25)
FNDA:0,(anonymous_26)
FNDA:0,(anonymous_27)
FNDA:0,criarContainerNotificacoes
FNDA:0,inicializarMonitoramento
FNDA:0,(anonymous_30)
FNDA:0,(anonymous_31)
FNDA:0,(anonymous_32)
FNDA:0,(anonymous_33)
FNDA:0,(anonymous_34)
FNDA:0,carregarEstadoSalvo
FNDA:0,(anonymous_36)
FNDA:0,(anonymous_37)
FNDA:0,(anonymous_38)
FNDA:0,(anonymous_39)
FNDA:0,(anonymous_40)
DA:7,0
DA:30,0
DA:41,0
DA:48,0
DA:57,0
DA:66,0
DA:75,0
DA:86,0
DA:89,0
DA:98,0
DA:99,0
DA:102,0
DA:110,0
DA:117,0
DA:119,0
DA:120,0
DA:124,0
DA:127,0
DA:128,0
DA:132,0
DA:133,0
DA:137,0
DA:138,0
DA:147,0
DA:149,0
DA:150,0
DA:154,0
DA:156,0
DA:164,0
DA:172,0
DA:174,0
DA:175,0
DA:185,0
DA:188,0
DA:189,0
DA:190,0
DA:193,0
DA:200,0
DA:203,0
DA:204,0
DA:208,0
DA:211,0
DA:212,0
DA:216,0
DA:217,0
DA:220,0
DA:228,0
DA:229,0
DA:237,0
DA:246,0
DA:248,0
DA:249,0
DA:253,0
DA:254,0
DA:256,0
DA:257,0
DA:259,0
DA:262,0
DA:263,0
DA:267,0
DA:275,0
DA:276,0
DA:289,0
DA:291,0
DA:292,0
DA:296,0
DA:297,0
DA:298,0
DA:302,0
DA:303,0
DA:304,0
DA:306,0
DA:309,0
DA:310,0
DA:323,0
DA:325,0
DA:326,0
DA:330,0
DA:331,0
DA:333,0
DA:336,0
DA:337,0
DA:340,0
DA:348,0
DA:349,0
DA:352,0
DA:355,0
DA:366,0
DA:367,0
DA:368,0
DA:372,0
DA:373,0
DA:376,0
DA:377,0
DA:381,0
DA:384,0
DA:385,0
DA:390,0
DA:391,0
DA:394,0
DA:395,0
DA:399,0
DA:401,0
DA:402,0
DA:405,0
DA:406,0
DA:416,0
DA:421,0
DA:437,0
DA:442,0
DA:463,0
DA:465,0
DA:467,0
DA:469,0
DA:470,0
DA:479,0
DA:481,0
DA:483,0
DA:484,0
DA:485,0
DA:486,0
DA:488,0
DA:496,0
DA:509,0
DA:510,0
DA:513,0
DA:514,0
DA:515,0
DA:516,0
DA:517,0
DA:518,0
DA:520,0
DA:521,0
DA:527,0
DA:528,0
DA:531,0
DA:532,0
DA:535,0
DA:536,0
DA:537,0
DA:538,0
DA:539,0
DA:541,0
DA:542,0
DA:548,0
DA:549,0
DA:556,0
DA:565,0
DA:566,0
DA:567,0
DA:568,0
DA:575,0
DA:578,0
DA:581,0
DA:584,0
DA:585,0
DA:594,0
DA:598,0
DA:599,0
DA:605,0
DA:609,0
DA:610,0
DA:611,0
DA:621,0
DA:622,0
DA:624,0
DA:627,0
DA:636,0
DA:637,0
DA:640,0
DA:649,0
DA:656,0
DA:658,0
DA:659,0
DA:660,0
DA:662,0
DA:663,0
DA:665,0
DA:667,0
DA:669,0
DA:675,0
DA:676,0
DA:677,0
DA:679,0
DA:680,0
DA:681,0
DA:682,0
DA:683,0
DA:686,0
DA:687,0
DA:688,0
DA:689,0
DA:690,0
DA:692,0
DA:694,0
DA:695,0
DA:698,0
DA:699,0
DA:703,0
DA:704,0
DA:711,0
LF:201
LH:0
BRDA:47,0,0,0
BRDA:56,1,0,0
BRDA:65,2,0,0
BRDA:74,3,0,0
BRDA:86,4,0,0
BRDA:86,4,1,0
BRDA:98,5,0,0
BRDA:98,5,1,0
BRDA:119,6,0,0
BRDA:119,6,1,0
BRDA:127,7,0,0
BRDA:127,7,1,0
BRDA:132,8,0,0
BRDA:132,8,1,0
BRDA:132,9,0,0
BRDA:132,9,1,0
BRDA:137,10,0,0
BRDA:137,10,1,0
BRDA:174,11,0,0
BRDA:174,11,1,0
BRDA:196,12,0,0
BRDA:196,12,1,0
BRDA:197,13,0,0
BRDA:197,13,1,0
BRDA:197,13,2,0
BRDA:203,14,0,0
BRDA:203,14,1,0
BRDA:211,15,0,0
BRDA:211,15,1,0
BRDA:216,16,0,0
BRDA:216,16,1,0
BRDA:248,17,0,0
BRDA:248,17,1,0
BRDA:248,18,0,0
BRDA:248,18,1,0
BRDA:275,19,0,0
BRDA:275,19,1,0
BRDA:291,20,0,0
BRDA:291,20,1,0
BRDA:291,21,0,0
BRDA:291,21,1,0
BRDA:296,22,0,0
BRDA:296,22,1,0
BRDA:309,23,0,0
BRDA:309,23,1,0
BRDA:325,24,0,0
BRDA:325,24,1,0
BRDA:325,25,0,0
BRDA:325,25,1,0
BRDA:333,26,0,0
BRDA:333,26,1,0
BRDA:348,27,0,0
BRDA:348,27,1,0
BRDA:364,28,0,0
BRDA:366,29,0,0
BRDA:366,29,1,0
BRDA:390,30,0,0
BRDA:390,30,1,0
BRDA:395,31,0,0
BRDA:395,31,1,0
BRDA:401,32,0,0
BRDA:401,32,1,0
BRDA:431,33,0,0
BRDA:431,33,1,0
BRDA:479,34,0,0
BRDA:479,35,0,0
BRDA:498,36,0,0
BRDA:498,36,1,0
BRDA:509,37,0,0
BRDA:509,37,1,0
BRDA:517,38,0,0
BRDA:517,38,1,0
BRDA:520,39,0,0
BRDA:520,39,1,0
BRDA:538,40,0,0
BRDA:538,40,1,0
BRDA:541,41,0,0
BRDA:541,41,1,0
BRDA:541,42,0,0
BRDA:541,42,1,0
BRDA:548,43,0,0
BRDA:548,43,1,0
BRDA:590,44,0,0
BRDA:590,44,1,0
BRDA:600,45,0,0
BRDA:600,45,1,0
BRDA:600,45,2,0
BRDA:601,46,0,0
BRDA:601,46,1,0
BRDA:609,47,0,0
BRDA:609,47,1,0
BRDA:659,48,0,0
BRDA:659,48,1,0
BRDA:662,49,0,0
BRDA:662,49,1,0
BRDA:676,50,0,0
BRDA:676,50,1,0
BRDA:681,51,0,0
BRDA:681,51,1,0
BRDA:683,52,0,0
BRDA:683,52,1,0
BRDA:688,53,0,0
BRDA:688,53,1,0
BRDA:688,54,0,0
BRDA:688,54,1,0
BRDA:692,55,0,0
BRDA:692,55,1,0
BRF:107
BRH:0
end_of_record
